2020-04-27 18:56:35.018952: I tensorflow/core/platform/cpu_feature_guard.cc:141] Your CPU supports instructions that this TensorFlow binary was not compiled to use: SSE4.1 SSE4.2 AVX AVX2 FMA
2020-04-27 18:56:39.903404: I tensorflow/core/common_runtime/gpu/gpu_device.cc:1432] Found device 0 with properties: 
name: Tesla K80 major: 3 minor: 7 memoryClockRate(GHz): 0.8235
pciBusID: 0000:06:00.0
totalMemory: 11.17GiB freeMemory: 11.11GiB
2020-04-27 18:56:39.903507: I tensorflow/core/common_runtime/gpu/gpu_device.cc:1511] Adding visible gpu devices: 0
2020-04-27 18:56:40.232453: I tensorflow/core/common_runtime/gpu/gpu_device.cc:982] Device interconnect StreamExecutor with strength 1 edge matrix:
2020-04-27 18:56:40.232583: I tensorflow/core/common_runtime/gpu/gpu_device.cc:988]      0 
2020-04-27 18:56:40.232609: I tensorflow/core/common_runtime/gpu/gpu_device.cc:1001] 0:   N 
2020-04-27 18:56:40.232727: I tensorflow/core/common_runtime/gpu/gpu_device.cc:1115] Created TensorFlow device (/job:localhost/replica:0/task:0/device:GPU:0 with 10761 MB memory) -> physical GPU (device: 0, name: Tesla K80, pci bus id: 0000:06:00.0, compute capability: 3.7)
  0%|          | 0/233 [00:00<?, ?it/s]
epoch: 0 lr:  1e-05 loss: 120.9129


| aeropl | bicycl |   bird |   boat | bottle |    bus |    car |    cat |  chair |    cow | dining |    dog |  horse | motorb | person | potted |  sheep |   sofa |  train | tvmoni |
|--------|--------|--------|--------|--------|--------|--------|--------|--------|--------|--------|--------|--------|--------|--------|--------|--------|--------|--------|--------|
| 0.0000 | 0.0000 | 0.0000 | 0.0000 | 0.0000 | 0.0000 | 0.0000 | 0.0000 | 0.0000 | 0.0000 | 0.0000 | 0.0000 | 0.0000 | 0.0000 | 0.0000 | 0.0000 | 0.0000 | 0.0000 | 0.0000 | 0.0000 |
Mean = 0.0000


| aeropl | bicycl |   bird |   boat | bottle |    bus |    car |    cat |  chair |    cow | dining |    dog |  horse | motorb | person | potted |  sheep |   sofa |  train | tvmoni |
|--------|--------|--------|--------|--------|--------|--------|--------|--------|--------|--------|--------|--------|--------|--------|--------|--------|--------|--------|--------|
| 0.0000 | 0.0000 | 0.0000 | 0.0000 | 0.0000 | 0.0000 | 0.0000 | 0.0000 | 0.0000 | 0.0000 | 0.0000 | 0.0000 | 0.0000 | 0.0000 | 0.0000 | 0.0000 | 0.0000 | 0.0000 | 0.0000 | 0.0000 |
Mean = 0.0000


highest training accuacy: 0.0 at epoch: 0 

=================================================================================================================================================================================
  0%|          | 1/233 [08:45<33:50:46, 525.20s/it]
epoch: 1 lr:  1e-04 loss: 64.7319


| aeropl | bicycl |   bird |   boat | bottle |    bus |    car |    cat |  chair |    cow | dining |    dog |  horse | motorb | person | potted |  sheep |   sofa |  train | tvmoni |
|--------|--------|--------|--------|--------|--------|--------|--------|--------|--------|--------|--------|--------|--------|--------|--------|--------|--------|--------|--------|
| 0.0000 | 0.0000 | 0.0000 | 0.0000 | 0.0000 | 0.0000 | 0.0000 | 0.0000 | 0.0000 | 0.0000 | 0.0000 | 0.0000 | 0.0000 | 0.0000 | 0.0000 | 0.0000 | 0.0000 | 0.0000 | 0.0000 | 0.0000 |
Mean = 0.0000


| aeropl | bicycl |   bird |   boat | bottle |    bus |    car |    cat |  chair |    cow | dining |    dog |  horse | motorb | person | potted |  sheep |   sofa |  train | tvmoni |
|--------|--------|--------|--------|--------|--------|--------|--------|--------|--------|--------|--------|--------|--------|--------|--------|--------|--------|--------|--------|
| 0.0000 | 0.0000 | 0.0000 | 0.0000 | 0.0000 | 0.0000 | 0.0000 | 0.0000 | 0.0000 | 0.0000 | 0.0000 | 0.0000 | 0.0000 | 0.0000 | 0.0000 | 0.0000 | 0.0000 | 0.0000 | 0.0000 | 0.0000 |
Mean = 0.0000


highest training accuacy: 0.0 at epoch: 0 

=================================================================================================================================================================================
  1%|          | 2/233 [17:24<33:34:51, 523.34s/it]
epoch: 2 lr:  0.001 loss: nan


| aeropl | bicycl |   bird |   boat | bottle |    bus |    car |    cat |  chair |    cow | dining |    dog |  horse | motorb | person | potted |  sheep |   sofa |  train | tvmoni |
|--------|--------|--------|--------|--------|--------|--------|--------|--------|--------|--------|--------|--------|--------|--------|--------|--------|--------|--------|--------|
| 0.0000 | 0.0000 | 0.0000 | 0.0000 | 0.0000 | 0.0000 | 0.0000 | 0.0000 | 0.0000 | 0.0000 | 0.0000 | 0.0000 | 0.0000 | 0.0000 | 0.0000 | 0.0000 | 0.0000 | 0.0000 | 0.0000 | 0.0000 |
Mean = 0.0000


| aeropl | bicycl |   bird |   boat | bottle |    bus |    car |    cat |  chair |    cow | dining |    dog |  horse | motorb | person | potted |  sheep |   sofa |  train | tvmoni |
|--------|--------|--------|--------|--------|--------|--------|--------|--------|--------|--------|--------|--------|--------|--------|--------|--------|--------|--------|--------|
| 0.0000 | 0.0000 | 0.0000 | 0.0000 | 0.0000 | 0.0000 | 0.0000 | 0.0000 | 0.0000 | 0.0000 | 0.0000 | 0.0000 | 0.0000 | 0.0000 | 0.0000 | 0.0000 | 0.0000 | 0.0000 | 0.0000 | 0.0000 |
Mean = 0.0000


highest training accuacy: 0.0 at epoch: 0 

=================================================================================================================================================================================
  1%|▏         | 3/233 [26:03<33:21:01, 522.01s/it]
epoch: 3 lr:  0.001 loss: nan


| aeropl | bicycl |   bird |   boat | bottle |    bus |    car |    cat |  chair |    cow | dining |    dog |  horse | motorb | person | potted |  sheep |   sofa |  train | tvmoni |
|--------|--------|--------|--------|--------|--------|--------|--------|--------|--------|--------|--------|--------|--------|--------|--------|--------|--------|--------|--------|
| 0.0000 | 0.0000 | 0.0000 | 0.0000 | 0.0000 | 0.0000 | 0.0000 | 0.0000 | 0.0000 | 0.0000 | 0.0000 | 0.0000 | 0.0000 | 0.0000 | 0.0000 | 0.0000 | 0.0000 | 0.0000 | 0.0000 | 0.0000 |
Mean = 0.0000


| aeropl | bicycl |   bird |   boat | bottle |    bus |    car |    cat |  chair |    cow | dining |    dog |  horse | motorb | person | potted |  sheep |   sofa |  train | tvmoni |
|--------|--------|--------|--------|--------|--------|--------|--------|--------|--------|--------|--------|--------|--------|--------|--------|--------|--------|--------|--------|
| 0.0000 | 0.0000 | 0.0000 | 0.0000 | 0.0000 | 0.0000 | 0.0000 | 0.0000 | 0.0000 | 0.0000 | 0.0000 | 0.0000 | 0.0000 | 0.0000 | 0.0000 | 0.0000 | 0.0000 | 0.0000 | 0.0000 | 0.0000 |
Mean = 0.0000


highest training accuacy: 0.0 at epoch: 0 

=================================================================================================================================================================================
  2%|▏         | 4/233 [34:38<33:04:21, 519.92s/it]
epoch: 4 lr:  0.001 loss: nan


| aeropl | bicycl |   bird |   boat | bottle |    bus |    car |    cat |  chair |    cow | dining |    dog |  horse | motorb | person | potted |  sheep |   sofa |  train | tvmoni |
|--------|--------|--------|--------|--------|--------|--------|--------|--------|--------|--------|--------|--------|--------|--------|--------|--------|--------|--------|--------|
| 0.0000 | 0.0000 | 0.0000 | 0.0000 | 0.0000 | 0.0000 | 0.0000 | 0.0000 | 0.0000 | 0.0000 | 0.0000 | 0.0000 | 0.0000 | 0.0000 | 0.0000 | 0.0000 | 0.0000 | 0.0000 | 0.0000 | 0.0000 |
Mean = 0.0000


| aeropl | bicycl |   bird |   boat | bottle |    bus |    car |    cat |  chair |    cow | dining |    dog |  horse | motorb | person | potted |  sheep |   sofa |  train | tvmoni |
|--------|--------|--------|--------|--------|--------|--------|--------|--------|--------|--------|--------|--------|--------|--------|--------|--------|--------|--------|--------|
| 0.0000 | 0.0000 | 0.0000 | 0.0000 | 0.0000 | 0.0000 | 0.0000 | 0.0000 | 0.0000 | 0.0000 | 0.0000 | 0.0000 | 0.0000 | 0.0000 | 0.0000 | 0.0000 | 0.0000 | 0.0000 | 0.0000 | 0.0000 |
Mean = 0.0000


highest training accuacy: 0.0 at epoch: 0 

=================================================================================================================================================================================
  2%|▏         | 5/233 [43:13<32:50:41, 518.60s/it]
epoch: 5 lr:  0.001 loss: nan


| aeropl | bicycl |   bird |   boat | bottle |    bus |    car |    cat |  chair |    cow | dining |    dog |  horse | motorb | person | potted |  sheep |   sofa |  train | tvmoni |
|--------|--------|--------|--------|--------|--------|--------|--------|--------|--------|--------|--------|--------|--------|--------|--------|--------|--------|--------|--------|
| 0.0000 | 0.0000 | 0.0000 | 0.0000 | 0.0000 | 0.0000 | 0.0000 | 0.0000 | 0.0000 | 0.0000 | 0.0000 | 0.0000 | 0.0000 | 0.0000 | 0.0000 | 0.0000 | 0.0000 | 0.0000 | 0.0000 | 0.0000 |
Mean = 0.0000


| aeropl | bicycl |   bird |   boat | bottle |    bus |    car |    cat |  chair |    cow | dining |    dog |  horse | motorb | person | potted |  sheep |   sofa |  train | tvmoni |
|--------|--------|--------|--------|--------|--------|--------|--------|--------|--------|--------|--------|--------|--------|--------|--------|--------|--------|--------|--------|
| 0.0000 | 0.0000 | 0.0000 | 0.0000 | 0.0000 | 0.0000 | 0.0000 | 0.0000 | 0.0000 | 0.0000 | 0.0000 | 0.0000 | 0.0000 | 0.0000 | 0.0000 | 0.0000 | 0.0000 | 0.0000 | 0.0000 | 0.0000 |
Mean = 0.0000


highest training accuacy: 0.0 at epoch: 0 

=================================================================================================================================================================================
  3%|▎         | 6/233 [51:48<32:38:17, 517.61s/it]
epoch: 6 lr:  0.001 loss: nan


| aeropl | bicycl |   bird |   boat | bottle |    bus |    car |    cat |  chair |    cow | dining |    dog |  horse | motorb | person | potted |  sheep |   sofa |  train | tvmoni |
|--------|--------|--------|--------|--------|--------|--------|--------|--------|--------|--------|--------|--------|--------|--------|--------|--------|--------|--------|--------|
| 0.0000 | 0.0000 | 0.0000 | 0.0000 | 0.0000 | 0.0000 | 0.0000 | 0.0000 | 0.0000 | 0.0000 | 0.0000 | 0.0000 | 0.0000 | 0.0000 | 0.0000 | 0.0000 | 0.0000 | 0.0000 | 0.0000 | 0.0000 |
Mean = 0.0000


| aeropl | bicycl |   bird |   boat | bottle |    bus |    car |    cat |  chair |    cow | dining |    dog |  horse | motorb | person | potted |  sheep |   sofa |  train | tvmoni |
|--------|--------|--------|--------|--------|--------|--------|--------|--------|--------|--------|--------|--------|--------|--------|--------|--------|--------|--------|--------|
| 0.0000 | 0.0000 | 0.0000 | 0.0000 | 0.0000 | 0.0000 | 0.0000 | 0.0000 | 0.0000 | 0.0000 | 0.0000 | 0.0000 | 0.0000 | 0.0000 | 0.0000 | 0.0000 | 0.0000 | 0.0000 | 0.0000 | 0.0000 |
Mean = 0.0000


highest training accuacy: 0.0 at epoch: 0 

=================================================================================================================================================================================
  3%|▎         | 7/233 [1:00:24<32:27:00, 516.90s/it]
epoch: 7 lr:  0.001 loss: nan


| aeropl | bicycl |   bird |   boat | bottle |    bus |    car |    cat |  chair |    cow | dining |    dog |  horse | motorb | person | potted |  sheep |   sofa |  train | tvmoni |
|--------|--------|--------|--------|--------|--------|--------|--------|--------|--------|--------|--------|--------|--------|--------|--------|--------|--------|--------|--------|
| 0.0000 | 0.0000 | 0.0000 | 0.0000 | 0.0000 | 0.0000 | 0.0000 | 0.0000 | 0.0000 | 0.0000 | 0.0000 | 0.0000 | 0.0000 | 0.0000 | 0.0000 | 0.0000 | 0.0000 | 0.0000 | 0.0000 | 0.0000 |
Mean = 0.0000


| aeropl | bicycl |   bird |   boat | bottle |    bus |    car |    cat |  chair |    cow | dining |    dog |  horse | motorb | person | potted |  sheep |   sofa |  train | tvmoni |
|--------|--------|--------|--------|--------|--------|--------|--------|--------|--------|--------|--------|--------|--------|--------|--------|--------|--------|--------|--------|
| 0.0000 | 0.0000 | 0.0000 | 0.0000 | 0.0000 | 0.0000 | 0.0000 | 0.0000 | 0.0000 | 0.0000 | 0.0000 | 0.0000 | 0.0000 | 0.0000 | 0.0000 | 0.0000 | 0.0000 | 0.0000 | 0.0000 | 0.0000 |
Mean = 0.0000


highest training accuacy: 0.0 at epoch: 0 

=================================================================================================================================================================================
  3%|▎         | 8/233 [1:08:59<32:16:23, 516.37s/it]
epoch: 8 lr:  0.001 loss: nan


| aeropl | bicycl |   bird |   boat | bottle |    bus |    car |    cat |  chair |    cow | dining |    dog |  horse | motorb | person | potted |  sheep |   sofa |  train | tvmoni |
|--------|--------|--------|--------|--------|--------|--------|--------|--------|--------|--------|--------|--------|--------|--------|--------|--------|--------|--------|--------|
| 0.0000 | 0.0000 | 0.0000 | 0.0000 | 0.0000 | 0.0000 | 0.0000 | 0.0000 | 0.0000 | 0.0000 | 0.0000 | 0.0000 | 0.0000 | 0.0000 | 0.0000 | 0.0000 | 0.0000 | 0.0000 | 0.0000 | 0.0000 |
Mean = 0.0000


| aeropl | bicycl |   bird |   boat | bottle |    bus |    car |    cat |  chair |    cow | dining |    dog |  horse | motorb | person | potted |  sheep |   sofa |  train | tvmoni |
|--------|--------|--------|--------|--------|--------|--------|--------|--------|--------|--------|--------|--------|--------|--------|--------|--------|--------|--------|--------|
| 0.0000 | 0.0000 | 0.0000 | 0.0000 | 0.0000 | 0.0000 | 0.0000 | 0.0000 | 0.0000 | 0.0000 | 0.0000 | 0.0000 | 0.0000 | 0.0000 | 0.0000 | 0.0000 | 0.0000 | 0.0000 | 0.0000 | 0.0000 |
Mean = 0.0000


highest training accuacy: 0.0 at epoch: 0 

=================================================================================================================================================================================
  4%|▍         | 9/233 [1:17:34<32:06:20, 515.98s/it]
epoch: 9 lr:  0.001 loss: nan


| aeropl | bicycl |   bird |   boat | bottle |    bus |    car |    cat |  chair |    cow | dining |    dog |  horse | motorb | person | potted |  sheep |   sofa |  train | tvmoni |
|--------|--------|--------|--------|--------|--------|--------|--------|--------|--------|--------|--------|--------|--------|--------|--------|--------|--------|--------|--------|
| 0.0000 | 0.0000 | 0.0000 | 0.0000 | 0.0000 | 0.0000 | 0.0000 | 0.0000 | 0.0000 | 0.0000 | 0.0000 | 0.0000 | 0.0000 | 0.0000 | 0.0000 | 0.0000 | 0.0000 | 0.0000 | 0.0000 | 0.0000 |
Mean = 0.0000


| aeropl | bicycl |   bird |   boat | bottle |    bus |    car |    cat |  chair |    cow | dining |    dog |  horse | motorb | person | potted |  sheep |   sofa |  train | tvmoni |
|--------|--------|--------|--------|--------|--------|--------|--------|--------|--------|--------|--------|--------|--------|--------|--------|--------|--------|--------|--------|
| 0.0000 | 0.0000 | 0.0000 | 0.0000 | 0.0000 | 0.0000 | 0.0000 | 0.0000 | 0.0000 | 0.0000 | 0.0000 | 0.0000 | 0.0000 | 0.0000 | 0.0000 | 0.0000 | 0.0000 | 0.0000 | 0.0000 | 0.0000 |
Mean = 0.0000


highest training accuacy: 0.0 at epoch: 0 

=================================================================================================================================================================================
  4%|▍         | 10/233 [1:26:09<31:56:50, 515.74s/it]
epoch: 10 lr:  0.001 loss: nan


| aeropl | bicycl |   bird |   boat | bottle |    bus |    car |    cat |  chair |    cow | dining |    dog |  horse | motorb | person | potted |  sheep |   sofa |  train | tvmoni |
|--------|--------|--------|--------|--------|--------|--------|--------|--------|--------|--------|--------|--------|--------|--------|--------|--------|--------|--------|--------|
| 0.0000 | 0.0000 | 0.0000 | 0.0000 | 0.0000 | 0.0000 | 0.0000 | 0.0000 | 0.0000 | 0.0000 | 0.0000 | 0.0000 | 0.0000 | 0.0000 | 0.0000 | 0.0000 | 0.0000 | 0.0000 | 0.0000 | 0.0000 |
Mean = 0.0000


| aeropl | bicycl |   bird |   boat | bottle |    bus |    car |    cat |  chair |    cow | dining |    dog |  horse | motorb | person | potted |  sheep |   sofa |  train | tvmoni |
|--------|--------|--------|--------|--------|--------|--------|--------|--------|--------|--------|--------|--------|--------|--------|--------|--------|--------|--------|--------|
| 0.0000 | 0.0000 | 0.0000 | 0.0000 | 0.0000 | 0.0000 | 0.0000 | 0.0000 | 0.0000 | 0.0000 | 0.0000 | 0.0000 | 0.0000 | 0.0000 | 0.0000 | 0.0000 | 0.0000 | 0.0000 | 0.0000 | 0.0000 |
Mean = 0.0000


highest training accuacy: 0.0 at epoch: 0 

=================================================================================================================================================================================
  5%|▍         | 11/233 [1:34:44<31:47:44, 515.60s/it]
epoch: 11 lr:  0.001 loss: nan


| aeropl | bicycl |   bird |   boat | bottle |    bus |    car |    cat |  chair |    cow | dining |    dog |  horse | motorb | person | potted |  sheep |   sofa |  train | tvmoni |
|--------|--------|--------|--------|--------|--------|--------|--------|--------|--------|--------|--------|--------|--------|--------|--------|--------|--------|--------|--------|
| 0.0000 | 0.0000 | 0.0000 | 0.0000 | 0.0000 | 0.0000 | 0.0000 | 0.0000 | 0.0000 | 0.0000 | 0.0000 | 0.0000 | 0.0000 | 0.0000 | 0.0000 | 0.0000 | 0.0000 | 0.0000 | 0.0000 | 0.0000 |
Mean = 0.0000


| aeropl | bicycl |   bird |   boat | bottle |    bus |    car |    cat |  chair |    cow | dining |    dog |  horse | motorb | person | potted |  sheep |   sofa |  train | tvmoni |
|--------|--------|--------|--------|--------|--------|--------|--------|--------|--------|--------|--------|--------|--------|--------|--------|--------|--------|--------|--------|
| 0.0000 | 0.0000 | 0.0000 | 0.0000 | 0.0000 | 0.0000 | 0.0000 | 0.0000 | 0.0000 | 0.0000 | 0.0000 | 0.0000 | 0.0000 | 0.0000 | 0.0000 | 0.0000 | 0.0000 | 0.0000 | 0.0000 | 0.0000 |
Mean = 0.0000


highest training accuacy: 0.0 at epoch: 0 

=================================================================================================================================================================================
  5%|▌         | 12/233 [1:43:19<31:38:14, 515.36s/it]
epoch: 12 lr:  0.001 loss: nan


| aeropl | bicycl |   bird |   boat | bottle |    bus |    car |    cat |  chair |    cow | dining |    dog |  horse | motorb | person | potted |  sheep |   sofa |  train | tvmoni |
|--------|--------|--------|--------|--------|--------|--------|--------|--------|--------|--------|--------|--------|--------|--------|--------|--------|--------|--------|--------|
| 0.0000 | 0.0000 | 0.0000 | 0.0000 | 0.0000 | 0.0000 | 0.0000 | 0.0000 | 0.0000 | 0.0000 | 0.0000 | 0.0000 | 0.0000 | 0.0000 | 0.0000 | 0.0000 | 0.0000 | 0.0000 | 0.0000 | 0.0000 |
Mean = 0.0000


| aeropl | bicycl |   bird |   boat | bottle |    bus |    car |    cat |  chair |    cow | dining |    dog |  horse | motorb | person | potted |  sheep |   sofa |  train | tvmoni |
|--------|--------|--------|--------|--------|--------|--------|--------|--------|--------|--------|--------|--------|--------|--------|--------|--------|--------|--------|--------|
| 0.0000 | 0.0000 | 0.0000 | 0.0000 | 0.0000 | 0.0000 | 0.0000 | 0.0000 | 0.0000 | 0.0000 | 0.0000 | 0.0000 | 0.0000 | 0.0000 | 0.0000 | 0.0000 | 0.0000 | 0.0000 | 0.0000 | 0.0000 |
Mean = 0.0000


highest training accuacy: 0.0 at epoch: 0 

=================================================================================================================================================================================
  6%|▌         | 13/233 [1:51:54<31:29:23, 515.29s/it]
epoch: 13 lr:  0.001 loss: nan


| aeropl | bicycl |   bird |   boat | bottle |    bus |    car |    cat |  chair |    cow | dining |    dog |  horse | motorb | person | potted |  sheep |   sofa |  train | tvmoni |
|--------|--------|--------|--------|--------|--------|--------|--------|--------|--------|--------|--------|--------|--------|--------|--------|--------|--------|--------|--------|
| 0.0000 | 0.0000 | 0.0000 | 0.0000 | 0.0000 | 0.0000 | 0.0000 | 0.0000 | 0.0000 | 0.0000 | 0.0000 | 0.0000 | 0.0000 | 0.0000 | 0.0000 | 0.0000 | 0.0000 | 0.0000 | 0.0000 | 0.0000 |
Mean = 0.0000


| aeropl | bicycl |   bird |   boat | bottle |    bus |    car |    cat |  chair |    cow | dining |    dog |  horse | motorb | person | potted |  sheep |   sofa |  train | tvmoni |
|--------|--------|--------|--------|--------|--------|--------|--------|--------|--------|--------|--------|--------|--------|--------|--------|--------|--------|--------|--------|
| 0.0000 | 0.0000 | 0.0000 | 0.0000 | 0.0000 | 0.0000 | 0.0000 | 0.0000 | 0.0000 | 0.0000 | 0.0000 | 0.0000 | 0.0000 | 0.0000 | 0.0000 | 0.0000 | 0.0000 | 0.0000 | 0.0000 | 0.0000 |
Mean = 0.0000


highest training accuacy: 0.0 at epoch: 0 

=================================================================================================================================================================================
  6%|▌         | 14/233 [2:00:29<31:20:17, 515.15s/it]
epoch: 14 lr:  0.001 loss: nan


| aeropl | bicycl |   bird |   boat | bottle |    bus |    car |    cat |  chair |    cow | dining |    dog |  horse | motorb | person | potted |  sheep |   sofa |  train | tvmoni |
|--------|--------|--------|--------|--------|--------|--------|--------|--------|--------|--------|--------|--------|--------|--------|--------|--------|--------|--------|--------|
| 0.0000 | 0.0000 | 0.0000 | 0.0000 | 0.0000 | 0.0000 | 0.0000 | 0.0000 | 0.0000 | 0.0000 | 0.0000 | 0.0000 | 0.0000 | 0.0000 | 0.0000 | 0.0000 | 0.0000 | 0.0000 | 0.0000 | 0.0000 |
Mean = 0.0000


| aeropl | bicycl |   bird |   boat | bottle |    bus |    car |    cat |  chair |    cow | dining |    dog |  horse | motorb | person | potted |  sheep |   sofa |  train | tvmoni |
|--------|--------|--------|--------|--------|--------|--------|--------|--------|--------|--------|--------|--------|--------|--------|--------|--------|--------|--------|--------|
| 0.0000 | 0.0000 | 0.0000 | 0.0000 | 0.0000 | 0.0000 | 0.0000 | 0.0000 | 0.0000 | 0.0000 | 0.0000 | 0.0000 | 0.0000 | 0.0000 | 0.0000 | 0.0000 | 0.0000 | 0.0000 | 0.0000 | 0.0000 |
Mean = 0.0000


highest training accuacy: 0.0 at epoch: 0 

=================================================================================================================================================================================
  6%|▋         | 15/233 [2:09:07<31:15:04, 516.08s/it]
epoch: 15 lr:  0.001 loss: nan


| aeropl | bicycl |   bird |   boat | bottle |    bus |    car |    cat |  chair |    cow | dining |    dog |  horse | motorb | person | potted |  sheep |   sofa |  train | tvmoni |
|--------|--------|--------|--------|--------|--------|--------|--------|--------|--------|--------|--------|--------|--------|--------|--------|--------|--------|--------|--------|
| 0.0000 | 0.0000 | 0.0000 | 0.0000 | 0.0000 | 0.0000 | 0.0000 | 0.0000 | 0.0000 | 0.0000 | 0.0000 | 0.0000 | 0.0000 | 0.0000 | 0.0000 | 0.0000 | 0.0000 | 0.0000 | 0.0000 | 0.0000 |
Mean = 0.0000


| aeropl | bicycl |   bird |   boat | bottle |    bus |    car |    cat |  chair |    cow | dining |    dog |  horse | motorb | person | potted |  sheep |   sofa |  train | tvmoni |
|--------|--------|--------|--------|--------|--------|--------|--------|--------|--------|--------|--------|--------|--------|--------|--------|--------|--------|--------|--------|
| 0.0000 | 0.0000 | 0.0000 | 0.0000 | 0.0000 | 0.0000 | 0.0000 | 0.0000 | 0.0000 | 0.0000 | 0.0000 | 0.0000 | 0.0000 | 0.0000 | 0.0000 | 0.0000 | 0.0000 | 0.0000 | 0.0000 | 0.0000 |
Mean = 0.0000


2020-04-27 21:14:24.337183: W tensorflow/core/framework/op_kernel.cc:1273] OP_REQUIRES failed at save_restore_v2_ops.cc:109 : Resource exhausted: /home/alex054u3/data/nutshell/training_trial_step_bias_correction/ckpt.data-00000-of-00001.tempstate8095766326039543319; Disk quota exceeded
Traceback (most recent call last):
  File "/share/apps/conda_envs/ba-hpc/lib/python3.6/site-packages/tensorflow/python/client/session.py", line 1334, in _do_call
    return fn(*args)
  File "/share/apps/conda_envs/ba-hpc/lib/python3.6/site-packages/tensorflow/python/client/session.py", line 1319, in _run_fn
    options, feed_dict, fetch_list, target_list, run_metadata)
  File "/share/apps/conda_envs/ba-hpc/lib/python3.6/site-packages/tensorflow/python/client/session.py", line 1407, in _call_tf_sessionrun
    run_metadata)
tensorflow.python.framework.errors_impl.ResourceExhaustedError: /home/alex054u3/data/nutshell/training_trial_step_bias_correction/ckpt.data-00000-of-00001.tempstate8095766326039543319; Disk quota exceeded
	 [[{{node save/SaveV2}} = SaveV2[dtypes=[DT_FLOAT, DT_FLOAT, DT_FLOAT, DT_INT32, DT_INT32, ..., DT_FLOAT, DT_FLOAT, DT_FLOAT, DT_FLOAT, DT_FLOAT], _device="/job:localhost/replica:0/task:0/device:CPU:0"](_arg_save/Const_0_0, save/SaveV2/tensor_names, save/SaveV2/shape_and_slices, Variable/_445, Variable/Adam/_447, Variable/Adam_1/_449, Variable_1, Variable_2, beta1_power/_451, beta2_power/_453, current_epo, genYOLOv2/conv5a/Variable/_455, genYOLOv2/conv5a/Variable/Adam/_457, genYOLOv2/conv5a/Variable/Adam_1/_459, genYOLOv2/conv5a/genYOLOv2/conv5a/bnd/gamma/Read/ReadVariableOp/_461, genYOLOv2/conv5a/genYOLOv2/conv5a/bnd/gamma/Adam/Read_1/ReadVariableOp/_463, genYOLOv2/conv5a/genYOLOv2/conv5a/bnd/gamma/Adam_1/Read_1/ReadVariableOp/_465, genYOLOv2/conv5a/genYOLOv2/conv5a/bnd/moving_mean/Read/ReadVariableOp/_467, genYOLOv2/conv5a/genYOLOv2/conv5a/bnd/moving_variance/Read/ReadVariableOp/_469, genYOLOv2/conv5a/genYOLOv2/conv5a/bns/gamma/Read/ReadVariableOp/_471, genYOLOv2/conv5a/genYOLOv2/conv5a/bns/gamma/Adam/Read_1/ReadVariableOp/_473, genYOLOv2/conv5a/genYOLOv2/conv5a/bns/gamma/Adam_1/Read_1/ReadVariableOp/_475, genYOLOv2/conv5a/genYOLOv2/conv5a/bns/moving_mean/Read/ReadVariableOp/_477, genYOLOv2/conv5a/genYOLOv2/conv5a/bns/moving_variance/Read/ReadVariableOp/_479, genYOLOv2/conv5a/genYOLOv2/conv5a/conv/kernel/Read/ReadVariableOp/_481, genYOLOv2/conv5a/genYOLOv2/conv5a/conv/kernel/Adam/Read_1/ReadVariableOp/_483, genYOLOv2/conv5a/genYOLOv2/conv5a/conv/kernel/Adam_1/Read_1/ReadVariableOp/_485, genYOLOv2/conv5a/genYOLOv2/conv5a/sconv/depthwise_kernel/Read/ReadVariableOp/_487, genYOLOv2/conv5a/genYOLOv2/conv5a/sconv/depthwise_kernel/Adam/Read_1/ReadVariableOp/_489, genYOLOv2/conv5a/genYOLOv2/conv5a/sconv/depthwise_kernel/Adam_1/Read_1/ReadVariableOp/_491, genYOLOv2/conv7/Variable/_493, genYOLOv2/conv7/Variable/Adam/_495, genYOLOv2/conv7/Variable/Adam_1/_497, genYOLOv2/conv7/genYOLOv2/conv7/bnd/gamma/Read/ReadVariableOp/_499, genYOLOv2/conv7/genYOLOv2/conv7/bnd/gamma/Adam/Read_1/ReadVariableOp/_501, genYOLOv2/conv7/genYOLOv2/conv7/bnd/gamma/Adam_1/Read_1/ReadVariableOp/_503, genYOLOv2/conv7/genYOLOv2/conv7/bnd/moving_mean/Read/ReadVariableOp/_505, genYOLOv2/conv7/genYOLOv2/conv7/bnd/moving_variance/Read/ReadVariableOp/_507, genYOLOv2/conv7/genYOLOv2/conv7/bns/gamma/Read/ReadVariableOp/_509, genYOLOv2/conv7/genYOLOv2/conv7/bns/gamma/Adam/Read_1/ReadVariableOp/_511, genYOLOv2/conv7/genYOLOv2/conv7/bns/gamma/Adam_1/Read_1/ReadVariableOp/_513, genYOLOv2/conv7/genYOLOv2/conv7/bns/moving_mean/Read/ReadVariableOp/_515, genYOLOv2/conv7/genYOLOv2/conv7/bns/moving_variance/Read/ReadVariableOp/_517, genYOLOv2/conv7/genYOLOv2/conv7/conv/kernel/Read/ReadVariableOp/_519, genYOLOv2/conv7/genYOLOv2/conv7/conv/kernel/Adam/Read_1/ReadVariableOp/_521, genYOLOv2/conv7/genYOLOv2/conv7/conv/kernel/Adam_1/Read_1/ReadVariableOp/_523, genYOLOv2/conv7/genYOLOv2/conv7/sconv/depthwise_kernel/Read/ReadVariableOp/_525, genYOLOv2/conv7/genYOLOv2/conv7/sconv/depthwise_kernel/Adam/Read_1/ReadVariableOp/_527, genYOLOv2/conv7/genYOLOv2/conv7/sconv/depthwise_kernel/Adam_1/Read_1/ReadVariableOp/_529, genYOLOv2/conv8/Variable/_531, genYOLOv2/conv8/Variable/Adam/_533, genYOLOv2/conv8/Variable/Adam_1/_535, genYOLOv2/conv8/genYOLOv2/conv8/bnd/gamma/Read/ReadVariableOp/_537, genYOLOv2/conv8/genYOLOv2/conv8/bnd/gamma/Adam/Read_1/ReadVariableOp/_539, genYOLOv2/conv8/genYOLOv2/conv8/bnd/gamma/Adam_1/Read_1/ReadVariableOp/_541, genYOLOv2/conv8/genYOLOv2/conv8/bnd/moving_mean/Read/ReadVariableOp/_543, genYOLOv2/conv8/genYOLOv2/conv8/bnd/moving_variance/Read/ReadVariableOp/_545, genYOLOv2/conv8/genYOLOv2/conv8/bns/gamma/Read/ReadVariableOp/_547, genYOLOv2/conv8/genYOLOv2/conv8/bns/gamma/Adam/Read_1/ReadVariableOp/_549, genYOLOv2/conv8/genYOLOv2/conv8/bns/gamma/Adam_1/Read_1/ReadVariableOp/_551, genYOLOv2/conv8/genYOLOv2/conv8/bns/moving_mean/Read/ReadVariableOp/_553, genYOLOv2/conv8/genYOLOv2/conv8/bns/moving_variance/Read/ReadVariableOp/_555, genYOLOv2/conv8/genYOLOv2/conv8/conv/kernel/Read/ReadVariableOp/_557, genYOLOv2/conv8/genYOLOv2/conv8/conv/kernel/Adam/Read_1/ReadVariableOp/_559, genYOLOv2/conv8/genYOLOv2/conv8/conv/kernel/Adam_1/Read_1/ReadVariableOp/_561, genYOLOv2/conv8/genYOLOv2/conv8/sconv/depthwise_kernel/Read/ReadVariableOp/_563, genYOLOv2/conv8/genYOLOv2/conv8/sconv/depthwise_kernel/Adam/Read_1/ReadVariableOp/_565, genYOLOv2/conv8/genYOLOv2/conv8/sconv/depthwise_kernel/Adam_1/Read_1/ReadVariableOp/_567, genYOLOv2/conv9/bn/gamma/Read/ReadVariableOp/_569, genYOLOv2/conv9/bn/gamma/Adam/Read_1/ReadVariableOp/_571, genYOLOv2/conv9/bn/gamma/Adam_1/Read_1/ReadVariableOp/_573, genYOLOv2/conv9/bn/moving_mean/Read/ReadVariableOp/_575, genYOLOv2/conv9/bn/moving_variance/Read/ReadVariableOp/_577, genYOLOv2/conv9/kernel/Read/ReadVariableOp/_579, genYOLOv2/conv9/kernel/Adam/Read_1/ReadVariableOp/_581, genYOLOv2/conv9/kernel/Adam_1/Read_1/ReadVariableOp/_583, genYOLOv2/linear/conv/bias/Read/ReadVariableOp/_585, genYOLOv2/linear/conv/bias/Adam/Read_1/ReadVariableOp/_587, genYOLOv2/linear/conv/bias/Adam_1/Read_1/ReadVariableOp/_589, genYOLOv2/linear/conv/kernel/Read/ReadVariableOp/_591, genYOLOv2/linear/conv/kernel/Adam/Read_1/ReadVariableOp/_593, genYOLOv2/linear/conv/kernel/Adam_1/Read_1/ReadVariableOp/_595, stem/conv1/bn/beta/_597, stem/conv1/bn/beta/Adam/_599, stem/conv1/bn/beta/Adam_1/_601, stem/conv1/bn/gamma/_603, stem/conv1/bn/gamma/Adam/_605, stem/conv1/bn/gamma/Adam_1/_607, stem/conv1/bn/moving_mean/_609, stem/conv1/bn/moving_variance/_611, stem/conv1/conv/weights/_613, stem/conv1/conv/weights/Adam/_615, stem/conv1/conv/weights/Adam_1/_617, stem/conv10/conv/bn/beta/_619, stem/conv10/conv/bn/beta/Adam/_621, stem/conv10/conv/bn/beta/Adam_1/_623, stem/conv10/conv/bn/gamma/_625, stem/conv10/conv/bn/gamma/Adam/_627, stem/conv10/conv/bn/gamma/Adam_1/_629, stem/conv10/conv/bn/moving_mean/_631, stem/conv10/conv/bn/moving_variance/_633, stem/conv10/conv/conv/weights/_635, stem/conv10/conv/conv/weights/Adam/_637, stem/conv10/conv/conv/weights/Adam_1/_639, stem/conv10/sconv/bn/beta/_641, stem/conv10/sconv/bn/beta/Adam/_643, stem/conv10/sconv/bn/beta/Adam_1/_645, stem/conv10/sconv/bn/gamma/_647, stem/conv10/sconv/bn/gamma/Adam/_649, stem/conv10/sconv/bn/gamma/Adam_1/_651, stem/conv10/sconv/bn/moving_mean/_653, stem/conv10/sconv/bn/moving_variance/_655, stem/conv10/sconv/sconv/depthwise_weights/_657, stem/conv10/sconv/sconv/depthwise_weights/Adam/_659, stem/conv10/sconv/sconv/depthwise_weights/Adam_1/_661, stem/conv11/conv/bn/beta/_663, stem/conv11/conv/bn/beta/Adam/_665, stem/conv11/conv/bn/beta/Adam_1/_667, stem/conv11/conv/bn/gamma/_669, stem/conv11/conv/bn/gamma/Adam/_671, stem/conv11/conv/bn/gamma/Adam_1/_673, stem/conv11/conv/bn/moving_mean/_675, stem/conv11/conv/bn/moving_variance/_677, stem/conv11/conv/conv/weights/_679, stem/conv11/conv/conv/weights/Adam/_681, stem/conv11/conv/conv/weights/Adam_1/_683, stem/conv11/sconv/bn/beta/_685, stem/conv11/sconv/bn/beta/Adam/_687, stem/conv11/sconv/bn/beta/Adam_1/_689, stem/conv11/sconv/bn/gamma/_691, stem/conv11/sconv/bn/gamma/Adam/_693, stem/conv11/sconv/bn/gamma/Adam_1/_695, stem/conv11/sconv/bn/moving_mean/_697, stem/conv11/sconv/bn/moving_variance/_699, stem/conv11/sconv/sconv/depthwise_weights/_701, stem/conv11/sconv/sconv/depthwise_weights/Adam/_703, stem/conv11/sconv/sconv/depthwise_weights/Adam_1/_705, stem/conv12/conv/bn/beta/_707, stem/conv12/conv/bn/beta/Adam/_709, stem/conv12/conv/bn/beta/Adam_1/_711, stem/conv12/conv/bn/gamma/_713, stem/conv12/conv/bn/gamma/Adam/_715, stem/conv12/conv/bn/gamma/Adam_1/_717, stem/conv12/conv/bn/moving_mean/_719, stem/conv12/conv/bn/moving_variance/_721, stem/conv12/conv/conv/weights/_723, stem/conv12/conv/conv/weights/Adam/_725, stem/conv12/conv/conv/weights/Adam_1/_727, stem/conv12/sconv/bn/beta/_729, stem/conv12/sconv/bn/beta/Adam/_731, stem/conv12/sconv/bn/beta/Adam_1/_733, stem/conv12/sconv/bn/gamma/_735, stem/conv12/sconv/bn/gamma/Adam/_737, stem/conv12/sconv/bn/gamma/Adam_1/_739, stem/conv12/sconv/bn/moving_mean/_741, stem/conv12/sconv/bn/moving_variance/_743, stem/conv12/sconv/sconv/depthwise_weights/_745, stem/conv12/sconv/sconv/depthwise_weights/Adam/_747, stem/conv12/sconv/sconv/depthwise_weights/Adam_1/_749, stem/conv13/conv/bn/beta/_751, stem/conv13/conv/bn/beta/Adam/_753, stem/conv13/conv/bn/beta/Adam_1/_755, stem/conv13/conv/bn/gamma/_757, stem/conv13/conv/bn/gamma/Adam/_759, stem/conv13/conv/bn/gamma/Adam_1/_761, stem/conv13/conv/bn/moving_mean/_763, stem/conv13/conv/bn/moving_variance/_765, stem/conv13/conv/conv/weights/_767, stem/conv13/conv/conv/weights/Adam/_769, stem/conv13/conv/conv/weights/Adam_1/_771, stem/conv13/sconv/bn/beta/_773, stem/conv13/sconv/bn/beta/Adam/_775, stem/conv13/sconv/bn/beta/Adam_1/_777, stem/conv13/sconv/bn/gamma/_779, stem/conv13/sconv/bn/gamma/Adam/_781, stem/conv13/sconv/bn/gamma/Adam_1/_783, stem/conv13/sconv/bn/moving_mean/_785, stem/conv13/sconv/bn/moving_variance/_787, stem/conv13/sconv/sconv/depthwise_weights/_789, stem/conv13/sconv/sconv/depthwise_weights/Adam/_791, stem/conv13/sconv/sconv/depthwise_weights/Adam_1/_793, stem/conv14/conv/bn/beta/_795, stem/conv14/conv/bn/beta/Adam/_797, stem/conv14/conv/bn/beta/Adam_1/_799, stem/conv14/conv/bn/gamma/_801, stem/conv14/conv/bn/gamma/Adam/_803, stem/conv14/conv/bn/gamma/Adam_1/_805, stem/conv14/conv/bn/moving_mean/_807, stem/conv14/conv/bn/moving_variance/_809, stem/conv14/conv/conv/weights/_811, stem/conv14/conv/conv/weights/Adam/_813, stem/conv14/conv/conv/weights/Adam_1/_815, stem/conv14/sconv/bn/beta/_817, stem/conv14/sconv/bn/beta/Adam/_819, stem/conv14/sconv/bn/beta/Adam_1/_821, stem/conv14/sconv/bn/gamma/_823, stem/conv14/sconv/bn/gamma/Adam/_825, stem/conv14/sconv/bn/gamma/Adam_1/_827, stem/conv14/sconv/bn/moving_mean/_829, stem/conv14/sconv/bn/moving_variance/_831, stem/conv14/sconv/sconv/depthwise_weights/_833, stem/conv14/sconv/sconv/depthwise_weights/Adam/_835, stem/conv14/sconv/sconv/depthwise_weights/Adam_1/_837, stem/conv2/conv/bn/beta/_839, stem/conv2/conv/bn/beta/Adam/_841, stem/conv2/conv/bn/beta/Adam_1/_843, stem/conv2/conv/bn/gamma/_845, stem/conv2/conv/bn/gamma/Adam/_847, stem/conv2/conv/bn/gamma/Adam_1/_849, stem/conv2/conv/bn/moving_mean/_851, stem/conv2/conv/bn/moving_variance/_853, stem/conv2/conv/conv/weights/_855, stem/conv2/conv/conv/weights/Adam/_857, stem/conv2/conv/conv/weights/Adam_1/_859, stem/conv2/sconv/bn/beta/_861, stem/conv2/sconv/bn/beta/Adam/_863, stem/conv2/sconv/bn/beta/Adam_1/_865, stem/conv2/sconv/bn/gamma/_867, stem/conv2/sconv/bn/gamma/Adam/_869, stem/conv2/sconv/bn/gamma/Adam_1/_871, stem/conv2/sconv/bn/moving_mean/_873, stem/conv2/sconv/bn/moving_variance/_875, stem/conv2/sconv/sconv/depthwise_weights/_877, stem/conv2/sconv/sconv/depthwise_weights/Adam/_879, stem/conv2/sconv/sconv/depthwise_weights/Adam_1/_881, stem/conv3/conv/bn/beta/_883, stem/conv3/conv/bn/beta/Adam/_885, stem/conv3/conv/bn/beta/Adam_1/_887, stem/conv3/conv/bn/gamma/_889, stem/conv3/conv/bn/gamma/Adam/_891, stem/conv3/conv/bn/gamma/Adam_1/_893, stem/conv3/conv/bn/moving_mean/_895, stem/conv3/conv/bn/moving_variance/_897, stem/conv3/conv/conv/weights/_899, stem/conv3/conv/conv/weights/Adam/_901, stem/conv3/conv/conv/weights/Adam_1/_903, stem/conv3/sconv/bn/beta/_905, stem/conv3/sconv/bn/beta/Adam/_907, stem/conv3/sconv/bn/beta/Adam_1/_909, stem/conv3/sconv/bn/gamma/_911, stem/conv3/sconv/bn/gamma/Adam/_913, stem/conv3/sconv/bn/gamma/Adam_1/_915, stem/conv3/sconv/bn/moving_mean/_917, stem/conv3/sconv/bn/moving_variance/_919, stem/conv3/sconv/sconv/depthwise_weights/_921, stem/conv3/sconv/sconv/depthwise_weights/Adam/_923, stem/conv3/sconv/sconv/depthwise_weights/Adam_1/_925, stem/conv4/conv/bn/beta/_927, stem/conv4/conv/bn/beta/Adam/_929, stem/conv4/conv/bn/beta/Adam_1/_931, stem/conv4/conv/bn/gamma/_933, stem/conv4/conv/bn/gamma/Adam/_935, stem/conv4/conv/bn/gamma/Adam_1/_937, stem/conv4/conv/bn/moving_mean/_939, stem/conv4/conv/bn/moving_variance/_941, stem/conv4/conv/conv/weights/_943, stem/conv4/conv/conv/weights/Adam/_945, stem/conv4/conv/conv/weights/Adam_1/_947, stem/conv4/sconv/bn/beta/_949, stem/conv4/sconv/bn/beta/Adam/_951, stem/conv4/sconv/bn/beta/Adam_1/_953, stem/conv4/sconv/bn/gamma/_955, stem/conv4/sconv/bn/gamma/Adam/_957, stem/conv4/sconv/bn/gamma/Adam_1/_959, stem/conv4/sconv/bn/moving_mean/_961, stem/conv4/sconv/bn/moving_variance/_963, stem/conv4/sconv/sconv/depthwise_weights/_965, stem/conv4/sconv/sconv/depthwise_weights/Adam/_967, stem/conv4/sconv/sconv/depthwise_weights/Adam_1/_969, stem/conv5/conv/bn/beta/_971, stem/conv5/conv/bn/beta/Adam/_973, stem/conv5/conv/bn/beta/Adam_1/_975, stem/conv5/conv/bn/gamma/_977, stem/conv5/conv/bn/gamma/Adam/_979, stem/conv5/conv/bn/gamma/Adam_1/_981, stem/conv5/conv/bn/moving_mean/_983, stem/conv5/conv/bn/moving_variance/_985, stem/conv5/conv/conv/weights/_987, stem/conv5/conv/conv/weights/Adam/_989, stem/conv5/conv/conv/weights/Adam_1/_991, stem/conv5/sconv/bn/beta/_993, stem/conv5/sconv/bn/beta/Adam/_995, stem/conv5/sconv/bn/beta/Adam_1/_997, stem/conv5/sconv/bn/gamma/_999, stem/conv5/sconv/bn/gamma/Adam/_1001, stem/conv5/sconv/bn/gamma/Adam_1/_1003, stem/conv5/sconv/bn/moving_mean/_1005, stem/conv5/sconv/bn/moving_variance/_1007, stem/conv5/sconv/sconv/depthwise_weights/_1009, stem/conv5/sconv/sconv/depthwise_weights/Adam/_1011, stem/conv5/sconv/sconv/depthwise_weights/Adam_1/_1013, stem/conv6/conv/bn/beta/_1015, stem/conv6/conv/bn/beta/Adam/_1017, stem/conv6/conv/bn/beta/Adam_1/_1019, stem/conv6/conv/bn/gamma/_1021, stem/conv6/conv/bn/gamma/Adam/_1023, stem/conv6/conv/bn/gamma/Adam_1/_1025, stem/conv6/conv/bn/moving_mean/_1027, stem/conv6/conv/bn/moving_variance/_1029, stem/conv6/conv/conv/weights/_1031, stem/conv6/conv/conv/weights/Adam/_1033, stem/conv6/conv/conv/weights/Adam_1/_1035, stem/conv6/sconv/bn/beta/_1037, stem/conv6/sconv/bn/beta/Adam/_1039, stem/conv6/sconv/bn/beta/Adam_1/_1041, stem/conv6/sconv/bn/gamma/_1043, stem/conv6/sconv/bn/gamma/Adam/_1045, stem/conv6/sconv/bn/gamma/Adam_1/_1047, stem/conv6/sconv/bn/moving_mean/_1049, stem/conv6/sconv/bn/moving_variance/_1051, stem/conv6/sconv/sconv/depthwise_weights/_1053, stem/conv6/sconv/sconv/depthwise_weights/Adam/_1055, stem/conv6/sconv/sconv/depthwise_weights/Adam_1/_1057, stem/conv7/conv/bn/beta/_1059, stem/conv7/conv/bn/beta/Adam/_1061, stem/conv7/conv/bn/beta/Adam_1/_1063, stem/conv7/conv/bn/gamma/_1065, stem/conv7/conv/bn/gamma/Adam/_1067, stem/conv7/conv/bn/gamma/Adam_1/_1069, stem/conv7/conv/bn/moving_mean/_1071, stem/conv7/conv/bn/moving_variance/_1073, stem/conv7/conv/conv/weights/_1075, stem/conv7/conv/conv/weights/Adam/_1077, stem/conv7/conv/conv/weights/Adam_1/_1079, stem/conv7/sconv/bn/beta/_1081, stem/conv7/sconv/bn/beta/Adam/_1083, stem/conv7/sconv/bn/beta/Adam_1/_1085, stem/conv7/sconv/bn/gamma/_1087, stem/conv7/sconv/bn/gamma/Adam/_1089, stem/conv7/sconv/bn/gamma/Adam_1/_1091, stem/conv7/sconv/bn/moving_mean/_1093, stem/conv7/sconv/bn/moving_variance/_1095, stem/conv7/sconv/sconv/depthwise_weights/_1097, stem/conv7/sconv/sconv/depthwise_weights/Adam/_1099, stem/conv7/sconv/sconv/depthwise_weights/Adam_1/_1101, stem/conv8/conv/bn/beta/_1103, stem/conv8/conv/bn/beta/Adam/_1105, stem/conv8/conv/bn/beta/Adam_1/_1107, stem/conv8/conv/bn/gamma/_1109, stem/conv8/conv/bn/gamma/Adam/_1111, stem/conv8/conv/bn/gamma/Adam_1/_1113, stem/conv8/conv/bn/moving_mean/_1115, stem/conv8/conv/bn/moving_variance/_1117, stem/conv8/conv/conv/weights/_1119, stem/conv8/conv/conv/weights/Adam/_1121, stem/conv8/conv/conv/weights/Adam_1/_1123, stem/conv8/sconv/bn/beta/_1125, stem/conv8/sconv/bn/beta/Adam/_1127, stem/conv8/sconv/bn/beta/Adam_1/_1129, stem/conv8/sconv/bn/gamma/_1131, stem/conv8/sconv/bn/gamma/Adam/_1133, stem/conv8/sconv/bn/gamma/Adam_1/_1135, stem/conv8/sconv/bn/moving_mean/_1137, stem/conv8/sconv/bn/moving_variance/_1139, stem/conv8/sconv/sconv/depthwise_weights/_1141, stem/conv8/sconv/sconv/depthwise_weights/Adam/_1143, stem/conv8/sconv/sconv/depthwise_weights/Adam_1/_1145, stem/conv9/conv/bn/beta/_1147, stem/conv9/conv/bn/beta/Adam/_1149, stem/conv9/conv/bn/beta/Adam_1/_1151, stem/conv9/conv/bn/gamma/_1153, stem/conv9/conv/bn/gamma/Adam/_1155, stem/conv9/conv/bn/gamma/Adam_1/_1157, stem/conv9/conv/bn/moving_mean/_1159, stem/conv9/conv/bn/moving_variance/_1161, stem/conv9/conv/conv/weights/_1163, stem/conv9/conv/conv/weights/Adam/_1165, stem/conv9/conv/conv/weights/Adam_1/_1167, stem/conv9/sconv/bn/beta/_1169, stem/conv9/sconv/bn/beta/Adam/_1171, stem/conv9/sconv/bn/beta/Adam_1/_1173, stem/conv9/sconv/bn/gamma/_1175, stem/conv9/sconv/bn/gamma/Adam/_1177, stem/conv9/sconv/bn/gamma/Adam_1/_1179, stem/conv9/sconv/bn/moving_mean/_1181, stem/conv9/sconv/bn/moving_variance/_1183, stem/conv9/sconv/sconv/depthwise_weights/_1185, stem/conv9/sconv/sconv/depthwise_weights/Adam/_1187, stem/conv9/sconv/sconv/depthwise_weights/Adam_1/_1189)]]
Hint: If you want to see a list of allocated tensors when OOM happens, add report_tensor_allocations_upon_oom to RunOptions for current allocation info.


During handling of the above exception, another exception occurred:

Traceback (most recent call last):
  File "nutshell/occ_sep_adam_step_bias_correction.py", line 155, in <module>
    train_saver.save(sess,checkpoint_prefix)
  File "/share/apps/conda_envs/ba-hpc/lib/python3.6/site-packages/tensorflow/python/training/saver.py", line 1441, in save
    {self.saver_def.filename_tensor_name: checkpoint_file})
  File "/share/apps/conda_envs/ba-hpc/lib/python3.6/site-packages/tensorflow/python/client/session.py", line 929, in run
    run_metadata_ptr)
  File "/share/apps/conda_envs/ba-hpc/lib/python3.6/site-packages/tensorflow/python/client/session.py", line 1152, in _run
    feed_dict_tensor, options, run_metadata)
  File "/share/apps/conda_envs/ba-hpc/lib/python3.6/site-packages/tensorflow/python/client/session.py", line 1328, in _do_run
    run_metadata)
  File "/share/apps/conda_envs/ba-hpc/lib/python3.6/site-packages/tensorflow/python/client/session.py", line 1348, in _do_call
    raise type(e)(node_def, op, message)
tensorflow.python.framework.errors_impl.ResourceExhaustedError: /home/alex054u3/data/nutshell/training_trial_step_bias_correction/ckpt.data-00000-of-00001.tempstate8095766326039543319; Disk quota exceeded
	 [[node save/SaveV2 (defined at nutshell/occ_sep_adam_step_bias_correction.py:88)  = SaveV2[dtypes=[DT_FLOAT, DT_FLOAT, DT_FLOAT, DT_INT32, DT_INT32, ..., DT_FLOAT, DT_FLOAT, DT_FLOAT, DT_FLOAT, DT_FLOAT], _device="/job:localhost/replica:0/task:0/device:CPU:0"](_arg_save/Const_0_0, save/SaveV2/tensor_names, save/SaveV2/shape_and_slices, Variable/_445, Variable/Adam/_447, Variable/Adam_1/_449, Variable_1, Variable_2, beta1_power/_451, beta2_power/_453, current_epo, genYOLOv2/conv5a/Variable/_455, genYOLOv2/conv5a/Variable/Adam/_457, genYOLOv2/conv5a/Variable/Adam_1/_459, genYOLOv2/conv5a/genYOLOv2/conv5a/bnd/gamma/Read/ReadVariableOp/_461, genYOLOv2/conv5a/genYOLOv2/conv5a/bnd/gamma/Adam/Read_1/ReadVariableOp/_463, genYOLOv2/conv5a/genYOLOv2/conv5a/bnd/gamma/Adam_1/Read_1/ReadVariableOp/_465, genYOLOv2/conv5a/genYOLOv2/conv5a/bnd/moving_mean/Read/ReadVariableOp/_467, genYOLOv2/conv5a/genYOLOv2/conv5a/bnd/moving_variance/Read/ReadVariableOp/_469, genYOLOv2/conv5a/genYOLOv2/conv5a/bns/gamma/Read/ReadVariableOp/_471, genYOLOv2/conv5a/genYOLOv2/conv5a/bns/gamma/Adam/Read_1/ReadVariableOp/_473, genYOLOv2/conv5a/genYOLOv2/conv5a/bns/gamma/Adam_1/Read_1/ReadVariableOp/_475, genYOLOv2/conv5a/genYOLOv2/conv5a/bns/moving_mean/Read/ReadVariableOp/_477, genYOLOv2/conv5a/genYOLOv2/conv5a/bns/moving_variance/Read/ReadVariableOp/_479, genYOLOv2/conv5a/genYOLOv2/conv5a/conv/kernel/Read/ReadVariableOp/_481, genYOLOv2/conv5a/genYOLOv2/conv5a/conv/kernel/Adam/Read_1/ReadVariableOp/_483, genYOLOv2/conv5a/genYOLOv2/conv5a/conv/kernel/Adam_1/Read_1/ReadVariableOp/_485, genYOLOv2/conv5a/genYOLOv2/conv5a/sconv/depthwise_kernel/Read/ReadVariableOp/_487, genYOLOv2/conv5a/genYOLOv2/conv5a/sconv/depthwise_kernel/Adam/Read_1/ReadVariableOp/_489, genYOLOv2/conv5a/genYOLOv2/conv5a/sconv/depthwise_kernel/Adam_1/Read_1/ReadVariableOp/_491, genYOLOv2/conv7/Variable/_493, genYOLOv2/conv7/Variable/Adam/_495, genYOLOv2/conv7/Variable/Adam_1/_497, genYOLOv2/conv7/genYOLOv2/conv7/bnd/gamma/Read/ReadVariableOp/_499, genYOLOv2/conv7/genYOLOv2/conv7/bnd/gamma/Adam/Read_1/ReadVariableOp/_501, genYOLOv2/conv7/genYOLOv2/conv7/bnd/gamma/Adam_1/Read_1/ReadVariableOp/_503, genYOLOv2/conv7/genYOLOv2/conv7/bnd/moving_mean/Read/ReadVariableOp/_505, genYOLOv2/conv7/genYOLOv2/conv7/bnd/moving_variance/Read/ReadVariableOp/_507, genYOLOv2/conv7/genYOLOv2/conv7/bns/gamma/Read/ReadVariableOp/_509, genYOLOv2/conv7/genYOLOv2/conv7/bns/gamma/Adam/Read_1/ReadVariableOp/_511, genYOLOv2/conv7/genYOLOv2/conv7/bns/gamma/Adam_1/Read_1/ReadVariableOp/_513, genYOLOv2/conv7/genYOLOv2/conv7/bns/moving_mean/Read/ReadVariableOp/_515, genYOLOv2/conv7/genYOLOv2/conv7/bns/moving_variance/Read/ReadVariableOp/_517, genYOLOv2/conv7/genYOLOv2/conv7/conv/kernel/Read/ReadVariableOp/_519, genYOLOv2/conv7/genYOLOv2/conv7/conv/kernel/Adam/Read_1/ReadVariableOp/_521, genYOLOv2/conv7/genYOLOv2/conv7/conv/kernel/Adam_1/Read_1/ReadVariableOp/_523, genYOLOv2/conv7/genYOLOv2/conv7/sconv/depthwise_kernel/Read/ReadVariableOp/_525, genYOLOv2/conv7/genYOLOv2/conv7/sconv/depthwise_kernel/Adam/Read_1/ReadVariableOp/_527, genYOLOv2/conv7/genYOLOv2/conv7/sconv/depthwise_kernel/Adam_1/Read_1/ReadVariableOp/_529, genYOLOv2/conv8/Variable/_531, genYOLOv2/conv8/Variable/Adam/_533, genYOLOv2/conv8/Variable/Adam_1/_535, genYOLOv2/conv8/genYOLOv2/conv8/bnd/gamma/Read/ReadVariableOp/_537, genYOLOv2/conv8/genYOLOv2/conv8/bnd/gamma/Adam/Read_1/ReadVariableOp/_539, genYOLOv2/conv8/genYOLOv2/conv8/bnd/gamma/Adam_1/Read_1/ReadVariableOp/_541, genYOLOv2/conv8/genYOLOv2/conv8/bnd/moving_mean/Read/ReadVariableOp/_543, genYOLOv2/conv8/genYOLOv2/conv8/bnd/moving_variance/Read/ReadVariableOp/_545, genYOLOv2/conv8/genYOLOv2/conv8/bns/gamma/Read/ReadVariableOp/_547, genYOLOv2/conv8/genYOLOv2/conv8/bns/gamma/Adam/Read_1/ReadVariableOp/_549, genYOLOv2/conv8/genYOLOv2/conv8/bns/gamma/Adam_1/Read_1/ReadVariableOp/_551, genYOLOv2/conv8/genYOLOv2/conv8/bns/moving_mean/Read/ReadVariableOp/_553, genYOLOv2/conv8/genYOLOv2/conv8/bns/moving_variance/Read/ReadVariableOp/_555, genYOLOv2/conv8/genYOLOv2/conv8/conv/kernel/Read/ReadVariableOp/_557, genYOLOv2/conv8/genYOLOv2/conv8/conv/kernel/Adam/Read_1/ReadVariableOp/_559, genYOLOv2/conv8/genYOLOv2/conv8/conv/kernel/Adam_1/Read_1/ReadVariableOp/_561, genYOLOv2/conv8/genYOLOv2/conv8/sconv/depthwise_kernel/Read/ReadVariableOp/_563, genYOLOv2/conv8/genYOLOv2/conv8/sconv/depthwise_kernel/Adam/Read_1/ReadVariableOp/_565, genYOLOv2/conv8/genYOLOv2/conv8/sconv/depthwise_kernel/Adam_1/Read_1/ReadVariableOp/_567, genYOLOv2/conv9/bn/gamma/Read/ReadVariableOp/_569, genYOLOv2/conv9/bn/gamma/Adam/Read_1/ReadVariableOp/_571, genYOLOv2/conv9/bn/gamma/Adam_1/Read_1/ReadVariableOp/_573, genYOLOv2/conv9/bn/moving_mean/Read/ReadVariableOp/_575, genYOLOv2/conv9/bn/moving_variance/Read/ReadVariableOp/_577, genYOLOv2/conv9/kernel/Read/ReadVariableOp/_579, genYOLOv2/conv9/kernel/Adam/Read_1/ReadVariableOp/_581, genYOLOv2/conv9/kernel/Adam_1/Read_1/ReadVariableOp/_583, genYOLOv2/linear/conv/bias/Read/ReadVariableOp/_585, genYOLOv2/linear/conv/bias/Adam/Read_1/ReadVariableOp/_587, genYOLOv2/linear/conv/bias/Adam_1/Read_1/ReadVariableOp/_589, genYOLOv2/linear/conv/kernel/Read/ReadVariableOp/_591, genYOLOv2/linear/conv/kernel/Adam/Read_1/ReadVariableOp/_593, genYOLOv2/linear/conv/kernel/Adam_1/Read_1/ReadVariableOp/_595, stem/conv1/bn/beta/_597, stem/conv1/bn/beta/Adam/_599, stem/conv1/bn/beta/Adam_1/_601, stem/conv1/bn/gamma/_603, stem/conv1/bn/gamma/Adam/_605, stem/conv1/bn/gamma/Adam_1/_607, stem/conv1/bn/moving_mean/_609, stem/conv1/bn/moving_variance/_611, stem/conv1/conv/weights/_613, stem/conv1/conv/weights/Adam/_615, stem/conv1/conv/weights/Adam_1/_617, stem/conv10/conv/bn/beta/_619, stem/conv10/conv/bn/beta/Adam/_621, stem/conv10/conv/bn/beta/Adam_1/_623, stem/conv10/conv/bn/gamma/_625, stem/conv10/conv/bn/gamma/Adam/_627, stem/conv10/conv/bn/gamma/Adam_1/_629, stem/conv10/conv/bn/moving_mean/_631, stem/conv10/conv/bn/moving_variance/_633, stem/conv10/conv/conv/weights/_635, stem/conv10/conv/conv/weights/Adam/_637, stem/conv10/conv/conv/weights/Adam_1/_639, stem/conv10/sconv/bn/beta/_641, stem/conv10/sconv/bn/beta/Adam/_643, stem/conv10/sconv/bn/beta/Adam_1/_645, stem/conv10/sconv/bn/gamma/_647, stem/conv10/sconv/bn/gamma/Adam/_649, stem/conv10/sconv/bn/gamma/Adam_1/_651, stem/conv10/sconv/bn/moving_mean/_653, stem/conv10/sconv/bn/moving_variance/_655, stem/conv10/sconv/sconv/depthwise_weights/_657, stem/conv10/sconv/sconv/depthwise_weights/Adam/_659, stem/conv10/sconv/sconv/depthwise_weights/Adam_1/_661, stem/conv11/conv/bn/beta/_663, stem/conv11/conv/bn/beta/Adam/_665, stem/conv11/conv/bn/beta/Adam_1/_667, stem/conv11/conv/bn/gamma/_669, stem/conv11/conv/bn/gamma/Adam/_671, stem/conv11/conv/bn/gamma/Adam_1/_673, stem/conv11/conv/bn/moving_mean/_675, stem/conv11/conv/bn/moving_variance/_677, stem/conv11/conv/conv/weights/_679, stem/conv11/conv/conv/weights/Adam/_681, stem/conv11/conv/conv/weights/Adam_1/_683, stem/conv11/sconv/bn/beta/_685, stem/conv11/sconv/bn/beta/Adam/_687, stem/conv11/sconv/bn/beta/Adam_1/_689, stem/conv11/sconv/bn/gamma/_691, stem/conv11/sconv/bn/gamma/Adam/_693, stem/conv11/sconv/bn/gamma/Adam_1/_695, stem/conv11/sconv/bn/moving_mean/_697, stem/conv11/sconv/bn/moving_variance/_699, stem/conv11/sconv/sconv/depthwise_weights/_701, stem/conv11/sconv/sconv/depthwise_weights/Adam/_703, stem/conv11/sconv/sconv/depthwise_weights/Adam_1/_705, stem/conv12/conv/bn/beta/_707, stem/conv12/conv/bn/beta/Adam/_709, stem/conv12/conv/bn/beta/Adam_1/_711, stem/conv12/conv/bn/gamma/_713, stem/conv12/conv/bn/gamma/Adam/_715, stem/conv12/conv/bn/gamma/Adam_1/_717, stem/conv12/conv/bn/moving_mean/_719, stem/conv12/conv/bn/moving_variance/_721, stem/conv12/conv/conv/weights/_723, stem/conv12/conv/conv/weights/Adam/_725, stem/conv12/conv/conv/weights/Adam_1/_727, stem/conv12/sconv/bn/beta/_729, stem/conv12/sconv/bn/beta/Adam/_731, stem/conv12/sconv/bn/beta/Adam_1/_733, stem/conv12/sconv/bn/gamma/_735, stem/conv12/sconv/bn/gamma/Adam/_737, stem/conv12/sconv/bn/gamma/Adam_1/_739, stem/conv12/sconv/bn/moving_mean/_741, stem/conv12/sconv/bn/moving_variance/_743, stem/conv12/sconv/sconv/depthwise_weights/_745, stem/conv12/sconv/sconv/depthwise_weights/Adam/_747, stem/conv12/sconv/sconv/depthwise_weights/Adam_1/_749, stem/conv13/conv/bn/beta/_751, stem/conv13/conv/bn/beta/Adam/_753, stem/conv13/conv/bn/beta/Adam_1/_755, stem/conv13/conv/bn/gamma/_757, stem/conv13/conv/bn/gamma/Adam/_759, stem/conv13/conv/bn/gamma/Adam_1/_761, stem/conv13/conv/bn/moving_mean/_763, stem/conv13/conv/bn/moving_variance/_765, stem/conv13/conv/conv/weights/_767, stem/conv13/conv/conv/weights/Adam/_769, stem/conv13/conv/conv/weights/Adam_1/_771, stem/conv13/sconv/bn/beta/_773, stem/conv13/sconv/bn/beta/Adam/_775, stem/conv13/sconv/bn/beta/Adam_1/_777, stem/conv13/sconv/bn/gamma/_779, stem/conv13/sconv/bn/gamma/Adam/_781, stem/conv13/sconv/bn/gamma/Adam_1/_783, stem/conv13/sconv/bn/moving_mean/_785, stem/conv13/sconv/bn/moving_variance/_787, stem/conv13/sconv/sconv/depthwise_weights/_789, stem/conv13/sconv/sconv/depthwise_weights/Adam/_791, stem/conv13/sconv/sconv/depthwise_weights/Adam_1/_793, stem/conv14/conv/bn/beta/_795, stem/conv14/conv/bn/beta/Adam/_797, stem/conv14/conv/bn/beta/Adam_1/_799, stem/conv14/conv/bn/gamma/_801, stem/conv14/conv/bn/gamma/Adam/_803, stem/conv14/conv/bn/gamma/Adam_1/_805, stem/conv14/conv/bn/moving_mean/_807, stem/conv14/conv/bn/moving_variance/_809, stem/conv14/conv/conv/weights/_811, stem/conv14/conv/conv/weights/Adam/_813, stem/conv14/conv/conv/weights/Adam_1/_815, stem/conv14/sconv/bn/beta/_817, stem/conv14/sconv/bn/beta/Adam/_819, stem/conv14/sconv/bn/beta/Adam_1/_821, stem/conv14/sconv/bn/gamma/_823, stem/conv14/sconv/bn/gamma/Adam/_825, stem/conv14/sconv/bn/gamma/Adam_1/_827, stem/conv14/sconv/bn/moving_mean/_829, stem/conv14/sconv/bn/moving_variance/_831, stem/conv14/sconv/sconv/depthwise_weights/_833, stem/conv14/sconv/sconv/depthwise_weights/Adam/_835, stem/conv14/sconv/sconv/depthwise_weights/Adam_1/_837, stem/conv2/conv/bn/beta/_839, stem/conv2/conv/bn/beta/Adam/_841, stem/conv2/conv/bn/beta/Adam_1/_843, stem/conv2/conv/bn/gamma/_845, stem/conv2/conv/bn/gamma/Adam/_847, stem/conv2/conv/bn/gamma/Adam_1/_849, stem/conv2/conv/bn/moving_mean/_851, stem/conv2/conv/bn/moving_variance/_853, stem/conv2/conv/conv/weights/_855, stem/conv2/conv/conv/weights/Adam/_857, stem/conv2/conv/conv/weights/Adam_1/_859, stem/conv2/sconv/bn/beta/_861, stem/conv2/sconv/bn/beta/Adam/_863, stem/conv2/sconv/bn/beta/Adam_1/_865, stem/conv2/sconv/bn/gamma/_867, stem/conv2/sconv/bn/gamma/Adam/_869, stem/conv2/sconv/bn/gamma/Adam_1/_871, stem/conv2/sconv/bn/moving_mean/_873, stem/conv2/sconv/bn/moving_variance/_875, stem/conv2/sconv/sconv/depthwise_weights/_877, stem/conv2/sconv/sconv/depthwise_weights/Adam/_879, stem/conv2/sconv/sconv/depthwise_weights/Adam_1/_881, stem/conv3/conv/bn/beta/_883, stem/conv3/conv/bn/beta/Adam/_885, stem/conv3/conv/bn/beta/Adam_1/_887, stem/conv3/conv/bn/gamma/_889, stem/conv3/conv/bn/gamma/Adam/_891, stem/conv3/conv/bn/gamma/Adam_1/_893, stem/conv3/conv/bn/moving_mean/_895, stem/conv3/conv/bn/moving_variance/_897, stem/conv3/conv/conv/weights/_899, stem/conv3/conv/conv/weights/Adam/_901, stem/conv3/conv/conv/weights/Adam_1/_903, stem/conv3/sconv/bn/beta/_905, stem/conv3/sconv/bn/beta/Adam/_907, stem/conv3/sconv/bn/beta/Adam_1/_909, stem/conv3/sconv/bn/gamma/_911, stem/conv3/sconv/bn/gamma/Adam/_913, stem/conv3/sconv/bn/gamma/Adam_1/_915, stem/conv3/sconv/bn/moving_mean/_917, stem/conv3/sconv/bn/moving_variance/_919, stem/conv3/sconv/sconv/depthwise_weights/_921, stem/conv3/sconv/sconv/depthwise_weights/Adam/_923, stem/conv3/sconv/sconv/depthwise_weights/Adam_1/_925, stem/conv4/conv/bn/beta/_927, stem/conv4/conv/bn/beta/Adam/_929, stem/conv4/conv/bn/beta/Adam_1/_931, stem/conv4/conv/bn/gamma/_933, stem/conv4/conv/bn/gamma/Adam/_935, stem/conv4/conv/bn/gamma/Adam_1/_937, stem/conv4/conv/bn/moving_mean/_939, stem/conv4/conv/bn/moving_variance/_941, stem/conv4/conv/conv/weights/_943, stem/conv4/conv/conv/weights/Adam/_945, stem/conv4/conv/conv/weights/Adam_1/_947, stem/conv4/sconv/bn/beta/_949, stem/conv4/sconv/bn/beta/Adam/_951, stem/conv4/sconv/bn/beta/Adam_1/_953, stem/conv4/sconv/bn/gamma/_955, stem/conv4/sconv/bn/gamma/Adam/_957, stem/conv4/sconv/bn/gamma/Adam_1/_959, stem/conv4/sconv/bn/moving_mean/_961, stem/conv4/sconv/bn/moving_variance/_963, stem/conv4/sconv/sconv/depthwise_weights/_965, stem/conv4/sconv/sconv/depthwise_weights/Adam/_967, stem/conv4/sconv/sconv/depthwise_weights/Adam_1/_969, stem/conv5/conv/bn/beta/_971, stem/conv5/conv/bn/beta/Adam/_973, stem/conv5/conv/bn/beta/Adam_1/_975, stem/conv5/conv/bn/gamma/_977, stem/conv5/conv/bn/gamma/Adam/_979, stem/conv5/conv/bn/gamma/Adam_1/_981, stem/conv5/conv/bn/moving_mean/_983, stem/conv5/conv/bn/moving_variance/_985, stem/conv5/conv/conv/weights/_987, stem/conv5/conv/conv/weights/Adam/_989, stem/conv5/conv/conv/weights/Adam_1/_991, stem/conv5/sconv/bn/beta/_993, stem/conv5/sconv/bn/beta/Adam/_995, stem/conv5/sconv/bn/beta/Adam_1/_997, stem/conv5/sconv/bn/gamma/_999, stem/conv5/sconv/bn/gamma/Adam/_1001, stem/conv5/sconv/bn/gamma/Adam_1/_1003, stem/conv5/sconv/bn/moving_mean/_1005, stem/conv5/sconv/bn/moving_variance/_1007, stem/conv5/sconv/sconv/depthwise_weights/_1009, stem/conv5/sconv/sconv/depthwise_weights/Adam/_1011, stem/conv5/sconv/sconv/depthwise_weights/Adam_1/_1013, stem/conv6/conv/bn/beta/_1015, stem/conv6/conv/bn/beta/Adam/_1017, stem/conv6/conv/bn/beta/Adam_1/_1019, stem/conv6/conv/bn/gamma/_1021, stem/conv6/conv/bn/gamma/Adam/_1023, stem/conv6/conv/bn/gamma/Adam_1/_1025, stem/conv6/conv/bn/moving_mean/_1027, stem/conv6/conv/bn/moving_variance/_1029, stem/conv6/conv/conv/weights/_1031, stem/conv6/conv/conv/weights/Adam/_1033, stem/conv6/conv/conv/weights/Adam_1/_1035, stem/conv6/sconv/bn/beta/_1037, stem/conv6/sconv/bn/beta/Adam/_1039, stem/conv6/sconv/bn/beta/Adam_1/_1041, stem/conv6/sconv/bn/gamma/_1043, stem/conv6/sconv/bn/gamma/Adam/_1045, stem/conv6/sconv/bn/gamma/Adam_1/_1047, stem/conv6/sconv/bn/moving_mean/_1049, stem/conv6/sconv/bn/moving_variance/_1051, stem/conv6/sconv/sconv/depthwise_weights/_1053, stem/conv6/sconv/sconv/depthwise_weights/Adam/_1055, stem/conv6/sconv/sconv/depthwise_weights/Adam_1/_1057, stem/conv7/conv/bn/beta/_1059, stem/conv7/conv/bn/beta/Adam/_1061, stem/conv7/conv/bn/beta/Adam_1/_1063, stem/conv7/conv/bn/gamma/_1065, stem/conv7/conv/bn/gamma/Adam/_1067, stem/conv7/conv/bn/gamma/Adam_1/_1069, stem/conv7/conv/bn/moving_mean/_1071, stem/conv7/conv/bn/moving_variance/_1073, stem/conv7/conv/conv/weights/_1075, stem/conv7/conv/conv/weights/Adam/_1077, stem/conv7/conv/conv/weights/Adam_1/_1079, stem/conv7/sconv/bn/beta/_1081, stem/conv7/sconv/bn/beta/Adam/_1083, stem/conv7/sconv/bn/beta/Adam_1/_1085, stem/conv7/sconv/bn/gamma/_1087, stem/conv7/sconv/bn/gamma/Adam/_1089, stem/conv7/sconv/bn/gamma/Adam_1/_1091, stem/conv7/sconv/bn/moving_mean/_1093, stem/conv7/sconv/bn/moving_variance/_1095, stem/conv7/sconv/sconv/depthwise_weights/_1097, stem/conv7/sconv/sconv/depthwise_weights/Adam/_1099, stem/conv7/sconv/sconv/depthwise_weights/Adam_1/_1101, stem/conv8/conv/bn/beta/_1103, stem/conv8/conv/bn/beta/Adam/_1105, stem/conv8/conv/bn/beta/Adam_1/_1107, stem/conv8/conv/bn/gamma/_1109, stem/conv8/conv/bn/gamma/Adam/_1111, stem/conv8/conv/bn/gamma/Adam_1/_1113, stem/conv8/conv/bn/moving_mean/_1115, stem/conv8/conv/bn/moving_variance/_1117, stem/conv8/conv/conv/weights/_1119, stem/conv8/conv/conv/weights/Adam/_1121, stem/conv8/conv/conv/weights/Adam_1/_1123, stem/conv8/sconv/bn/beta/_1125, stem/conv8/sconv/bn/beta/Adam/_1127, stem/conv8/sconv/bn/beta/Adam_1/_1129, stem/conv8/sconv/bn/gamma/_1131, stem/conv8/sconv/bn/gamma/Adam/_1133, stem/conv8/sconv/bn/gamma/Adam_1/_1135, stem/conv8/sconv/bn/moving_mean/_1137, stem/conv8/sconv/bn/moving_variance/_1139, stem/conv8/sconv/sconv/depthwise_weights/_1141, stem/conv8/sconv/sconv/depthwise_weights/Adam/_1143, stem/conv8/sconv/sconv/depthwise_weights/Adam_1/_1145, stem/conv9/conv/bn/beta/_1147, stem/conv9/conv/bn/beta/Adam/_1149, stem/conv9/conv/bn/beta/Adam_1/_1151, stem/conv9/conv/bn/gamma/_1153, stem/conv9/conv/bn/gamma/Adam/_1155, stem/conv9/conv/bn/gamma/Adam_1/_1157, stem/conv9/conv/bn/moving_mean/_1159, stem/conv9/conv/bn/moving_variance/_1161, stem/conv9/conv/conv/weights/_1163, stem/conv9/conv/conv/weights/Adam/_1165, stem/conv9/conv/conv/weights/Adam_1/_1167, stem/conv9/sconv/bn/beta/_1169, stem/conv9/sconv/bn/beta/Adam/_1171, stem/conv9/sconv/bn/beta/Adam_1/_1173, stem/conv9/sconv/bn/gamma/_1175, stem/conv9/sconv/bn/gamma/Adam/_1177, stem/conv9/sconv/bn/gamma/Adam_1/_1179, stem/conv9/sconv/bn/moving_mean/_1181, stem/conv9/sconv/bn/moving_variance/_1183, stem/conv9/sconv/sconv/depthwise_weights/_1185, stem/conv9/sconv/sconv/depthwise_weights/Adam/_1187, stem/conv9/sconv/sconv/depthwise_weights/Adam_1/_1189)]]
Hint: If you want to see a list of allocated tensors when OOM happens, add report_tensor_allocations_upon_oom to RunOptions for current allocation info.


Caused by op 'save/SaveV2', defined at:
  File "nutshell/occ_sep_adam_step_bias_correction.py", line 88, in <module>
    train_saver = tf.train.Saver(max_to_keep=2)
  File "/share/apps/conda_envs/ba-hpc/lib/python3.6/site-packages/tensorflow/python/training/saver.py", line 1102, in __init__
    self.build()
  File "/share/apps/conda_envs/ba-hpc/lib/python3.6/site-packages/tensorflow/python/training/saver.py", line 1114, in build
    self._build(self._filename, build_save=True, build_restore=True)
  File "/share/apps/conda_envs/ba-hpc/lib/python3.6/site-packages/tensorflow/python/training/saver.py", line 1151, in _build
    build_save=build_save, build_restore=build_restore)
  File "/share/apps/conda_envs/ba-hpc/lib/python3.6/site-packages/tensorflow/python/training/saver.py", line 792, in _build_internal
    save_tensor = self._AddSaveOps(filename_tensor, saveables)
  File "/share/apps/conda_envs/ba-hpc/lib/python3.6/site-packages/tensorflow/python/training/saver.py", line 284, in _AddSaveOps
    save = self.save_op(filename_tensor, saveables)
  File "/share/apps/conda_envs/ba-hpc/lib/python3.6/site-packages/tensorflow/python/training/saver.py", line 202, in save_op
    tensors)
  File "/share/apps/conda_envs/ba-hpc/lib/python3.6/site-packages/tensorflow/python/ops/gen_io_ops.py", line 1690, in save_v2
    shape_and_slices=shape_and_slices, tensors=tensors, name=name)
  File "/share/apps/conda_envs/ba-hpc/lib/python3.6/site-packages/tensorflow/python/framework/op_def_library.py", line 787, in _apply_op_helper
    op_def=op_def)
  File "/share/apps/conda_envs/ba-hpc/lib/python3.6/site-packages/tensorflow/python/util/deprecation.py", line 488, in new_func
    return func(*args, **kwargs)
  File "/share/apps/conda_envs/ba-hpc/lib/python3.6/site-packages/tensorflow/python/framework/ops.py", line 3274, in create_op
    op_def=op_def)
  File "/share/apps/conda_envs/ba-hpc/lib/python3.6/site-packages/tensorflow/python/framework/ops.py", line 1770, in __init__
    self._traceback = tf_stack.extract_stack()

ResourceExhaustedError (see above for traceback): /home/alex054u3/data/nutshell/training_trial_step_bias_correction/ckpt.data-00000-of-00001.tempstate8095766326039543319; Disk quota exceeded
	 [[node save/SaveV2 (defined at nutshell/occ_sep_adam_step_bias_correction.py:88)  = SaveV2[dtypes=[DT_FLOAT, DT_FLOAT, DT_FLOAT, DT_INT32, DT_INT32, ..., DT_FLOAT, DT_FLOAT, DT_FLOAT, DT_FLOAT, DT_FLOAT], _device="/job:localhost/replica:0/task:0/device:CPU:0"](_arg_save/Const_0_0, save/SaveV2/tensor_names, save/SaveV2/shape_and_slices, Variable/_445, Variable/Adam/_447, Variable/Adam_1/_449, Variable_1, Variable_2, beta1_power/_451, beta2_power/_453, current_epo, genYOLOv2/conv5a/Variable/_455, genYOLOv2/conv5a/Variable/Adam/_457, genYOLOv2/conv5a/Variable/Adam_1/_459, genYOLOv2/conv5a/genYOLOv2/conv5a/bnd/gamma/Read/ReadVariableOp/_461, genYOLOv2/conv5a/genYOLOv2/conv5a/bnd/gamma/Adam/Read_1/ReadVariableOp/_463, genYOLOv2/conv5a/genYOLOv2/conv5a/bnd/gamma/Adam_1/Read_1/ReadVariableOp/_465, genYOLOv2/conv5a/genYOLOv2/conv5a/bnd/moving_mean/Read/ReadVariableOp/_467, genYOLOv2/conv5a/genYOLOv2/conv5a/bnd/moving_variance/Read/ReadVariableOp/_469, genYOLOv2/conv5a/genYOLOv2/conv5a/bns/gamma/Read/ReadVariableOp/_471, genYOLOv2/conv5a/genYOLOv2/conv5a/bns/gamma/Adam/Read_1/ReadVariableOp/_473, genYOLOv2/conv5a/genYOLOv2/conv5a/bns/gamma/Adam_1/Read_1/ReadVariableOp/_475, genYOLOv2/conv5a/genYOLOv2/conv5a/bns/moving_mean/Read/ReadVariableOp/_477, genYOLOv2/conv5a/genYOLOv2/conv5a/bns/moving_variance/Read/ReadVariableOp/_479, genYOLOv2/conv5a/genYOLOv2/conv5a/conv/kernel/Read/ReadVariableOp/_481, genYOLOv2/conv5a/genYOLOv2/conv5a/conv/kernel/Adam/Read_1/ReadVariableOp/_483, genYOLOv2/conv5a/genYOLOv2/conv5a/conv/kernel/Adam_1/Read_1/ReadVariableOp/_485, genYOLOv2/conv5a/genYOLOv2/conv5a/sconv/depthwise_kernel/Read/ReadVariableOp/_487, genYOLOv2/conv5a/genYOLOv2/conv5a/sconv/depthwise_kernel/Adam/Read_1/ReadVariableOp/_489, genYOLOv2/conv5a/genYOLOv2/conv5a/sconv/depthwise_kernel/Adam_1/Read_1/ReadVariableOp/_491, genYOLOv2/conv7/Variable/_493, genYOLOv2/conv7/Variable/Adam/_495, genYOLOv2/conv7/Variable/Adam_1/_497, genYOLOv2/conv7/genYOLOv2/conv7/bnd/gamma/Read/ReadVariableOp/_499, genYOLOv2/conv7/genYOLOv2/conv7/bnd/gamma/Adam/Read_1/ReadVariableOp/_501, genYOLOv2/conv7/genYOLOv2/conv7/bnd/gamma/Adam_1/Read_1/ReadVariableOp/_503, genYOLOv2/conv7/genYOLOv2/conv7/bnd/moving_mean/Read/ReadVariableOp/_505, genYOLOv2/conv7/genYOLOv2/conv7/bnd/moving_variance/Read/ReadVariableOp/_507, genYOLOv2/conv7/genYOLOv2/conv7/bns/gamma/Read/ReadVariableOp/_509, genYOLOv2/conv7/genYOLOv2/conv7/bns/gamma/Adam/Read_1/ReadVariableOp/_511, genYOLOv2/conv7/genYOLOv2/conv7/bns/gamma/Adam_1/Read_1/ReadVariableOp/_513, genYOLOv2/conv7/genYOLOv2/conv7/bns/moving_mean/Read/ReadVariableOp/_515, genYOLOv2/conv7/genYOLOv2/conv7/bns/moving_variance/Read/ReadVariableOp/_517, genYOLOv2/conv7/genYOLOv2/conv7/conv/kernel/Read/ReadVariableOp/_519, genYOLOv2/conv7/genYOLOv2/conv7/conv/kernel/Adam/Read_1/ReadVariableOp/_521, genYOLOv2/conv7/genYOLOv2/conv7/conv/kernel/Adam_1/Read_1/ReadVariableOp/_523, genYOLOv2/conv7/genYOLOv2/conv7/sconv/depthwise_kernel/Read/ReadVariableOp/_525, genYOLOv2/conv7/genYOLOv2/conv7/sconv/depthwise_kernel/Adam/Read_1/ReadVariableOp/_527, genYOLOv2/conv7/genYOLOv2/conv7/sconv/depthwise_kernel/Adam_1/Read_1/ReadVariableOp/_529, genYOLOv2/conv8/Variable/_531, genYOLOv2/conv8/Variable/Adam/_533, genYOLOv2/conv8/Variable/Adam_1/_535, genYOLOv2/conv8/genYOLOv2/conv8/bnd/gamma/Read/ReadVariableOp/_537, genYOLOv2/conv8/genYOLOv2/conv8/bnd/gamma/Adam/Read_1/ReadVariableOp/_539, genYOLOv2/conv8/genYOLOv2/conv8/bnd/gamma/Adam_1/Read_1/ReadVariableOp/_541, genYOLOv2/conv8/genYOLOv2/conv8/bnd/moving_mean/Read/ReadVariableOp/_543, genYOLOv2/conv8/genYOLOv2/conv8/bnd/moving_variance/Read/ReadVariableOp/_545, genYOLOv2/conv8/genYOLOv2/conv8/bns/gamma/Read/ReadVariableOp/_547, genYOLOv2/conv8/genYOLOv2/conv8/bns/gamma/Adam/Read_1/ReadVariableOp/_549, genYOLOv2/conv8/genYOLOv2/conv8/bns/gamma/Adam_1/Read_1/ReadVariableOp/_551, genYOLOv2/conv8/genYOLOv2/conv8/bns/moving_mean/Read/ReadVariableOp/_553, genYOLOv2/conv8/genYOLOv2/conv8/bns/moving_variance/Read/ReadVariableOp/_555, genYOLOv2/conv8/genYOLOv2/conv8/conv/kernel/Read/ReadVariableOp/_557, genYOLOv2/conv8/genYOLOv2/conv8/conv/kernel/Adam/Read_1/ReadVariableOp/_559, genYOLOv2/conv8/genYOLOv2/conv8/conv/kernel/Adam_1/Read_1/ReadVariableOp/_561, genYOLOv2/conv8/genYOLOv2/conv8/sconv/depthwise_kernel/Read/ReadVariableOp/_563, genYOLOv2/conv8/genYOLOv2/conv8/sconv/depthwise_kernel/Adam/Read_1/ReadVariableOp/_565, genYOLOv2/conv8/genYOLOv2/conv8/sconv/depthwise_kernel/Adam_1/Read_1/ReadVariableOp/_567, genYOLOv2/conv9/bn/gamma/Read/ReadVariableOp/_569, genYOLOv2/conv9/bn/gamma/Adam/Read_1/ReadVariableOp/_571, genYOLOv2/conv9/bn/gamma/Adam_1/Read_1/ReadVariableOp/_573, genYOLOv2/conv9/bn/moving_mean/Read/ReadVariableOp/_575, genYOLOv2/conv9/bn/moving_variance/Read/ReadVariableOp/_577, genYOLOv2/conv9/kernel/Read/ReadVariableOp/_579, genYOLOv2/conv9/kernel/Adam/Read_1/ReadVariableOp/_581, genYOLOv2/conv9/kernel/Adam_1/Read_1/ReadVariableOp/_583, genYOLOv2/linear/conv/bias/Read/ReadVariableOp/_585, genYOLOv2/linear/conv/bias/Adam/Read_1/ReadVariableOp/_587, genYOLOv2/linear/conv/bias/Adam_1/Read_1/ReadVariableOp/_589, genYOLOv2/linear/conv/kernel/Read/ReadVariableOp/_591, genYOLOv2/linear/conv/kernel/Adam/Read_1/ReadVariableOp/_593, genYOLOv2/linear/conv/kernel/Adam_1/Read_1/ReadVariableOp/_595, stem/conv1/bn/beta/_597, stem/conv1/bn/beta/Adam/_599, stem/conv1/bn/beta/Adam_1/_601, stem/conv1/bn/gamma/_603, stem/conv1/bn/gamma/Adam/_605, stem/conv1/bn/gamma/Adam_1/_607, stem/conv1/bn/moving_mean/_609, stem/conv1/bn/moving_variance/_611, stem/conv1/conv/weights/_613, stem/conv1/conv/weights/Adam/_615, stem/conv1/conv/weights/Adam_1/_617, stem/conv10/conv/bn/beta/_619, stem/conv10/conv/bn/beta/Adam/_621, stem/conv10/conv/bn/beta/Adam_1/_623, stem/conv10/conv/bn/gamma/_625, stem/conv10/conv/bn/gamma/Adam/_627, stem/conv10/conv/bn/gamma/Adam_1/_629, stem/conv10/conv/bn/moving_mean/_631, stem/conv10/conv/bn/moving_variance/_633, stem/conv10/conv/conv/weights/_635, stem/conv10/conv/conv/weights/Adam/_637, stem/conv10/conv/conv/weights/Adam_1/_639, stem/conv10/sconv/bn/beta/_641, stem/conv10/sconv/bn/beta/Adam/_643, stem/conv10/sconv/bn/beta/Adam_1/_645, stem/conv10/sconv/bn/gamma/_647, stem/conv10/sconv/bn/gamma/Adam/_649, stem/conv10/sconv/bn/gamma/Adam_1/_651, stem/conv10/sconv/bn/moving_mean/_653, stem/conv10/sconv/bn/moving_variance/_655, stem/conv10/sconv/sconv/depthwise_weights/_657, stem/conv10/sconv/sconv/depthwise_weights/Adam/_659, stem/conv10/sconv/sconv/depthwise_weights/Adam_1/_661, stem/conv11/conv/bn/beta/_663, stem/conv11/conv/bn/beta/Adam/_665, stem/conv11/conv/bn/beta/Adam_1/_667, stem/conv11/conv/bn/gamma/_669, stem/conv11/conv/bn/gamma/Adam/_671, stem/conv11/conv/bn/gamma/Adam_1/_673, stem/conv11/conv/bn/moving_mean/_675, stem/conv11/conv/bn/moving_variance/_677, stem/conv11/conv/conv/weights/_679, stem/conv11/conv/conv/weights/Adam/_681, stem/conv11/conv/conv/weights/Adam_1/_683, stem/conv11/sconv/bn/beta/_685, stem/conv11/sconv/bn/beta/Adam/_687, stem/conv11/sconv/bn/beta/Adam_1/_689, stem/conv11/sconv/bn/gamma/_691, stem/conv11/sconv/bn/gamma/Adam/_693, stem/conv11/sconv/bn/gamma/Adam_1/_695, stem/conv11/sconv/bn/moving_mean/_697, stem/conv11/sconv/bn/moving_variance/_699, stem/conv11/sconv/sconv/depthwise_weights/_701, stem/conv11/sconv/sconv/depthwise_weights/Adam/_703, stem/conv11/sconv/sconv/depthwise_weights/Adam_1/_705, stem/conv12/conv/bn/beta/_707, stem/conv12/conv/bn/beta/Adam/_709, stem/conv12/conv/bn/beta/Adam_1/_711, stem/conv12/conv/bn/gamma/_713, stem/conv12/conv/bn/gamma/Adam/_715, stem/conv12/conv/bn/gamma/Adam_1/_717, stem/conv12/conv/bn/moving_mean/_719, stem/conv12/conv/bn/moving_variance/_721, stem/conv12/conv/conv/weights/_723, stem/conv12/conv/conv/weights/Adam/_725, stem/conv12/conv/conv/weights/Adam_1/_727, stem/conv12/sconv/bn/beta/_729, stem/conv12/sconv/bn/beta/Adam/_731, stem/conv12/sconv/bn/beta/Adam_1/_733, stem/conv12/sconv/bn/gamma/_735, stem/conv12/sconv/bn/gamma/Adam/_737, stem/conv12/sconv/bn/gamma/Adam_1/_739, stem/conv12/sconv/bn/moving_mean/_741, stem/conv12/sconv/bn/moving_variance/_743, stem/conv12/sconv/sconv/depthwise_weights/_745, stem/conv12/sconv/sconv/depthwise_weights/Adam/_747, stem/conv12/sconv/sconv/depthwise_weights/Adam_1/_749, stem/conv13/conv/bn/beta/_751, stem/conv13/conv/bn/beta/Adam/_753, stem/conv13/conv/bn/beta/Adam_1/_755, stem/conv13/conv/bn/gamma/_757, stem/conv13/conv/bn/gamma/Adam/_759, stem/conv13/conv/bn/gamma/Adam_1/_761, stem/conv13/conv/bn/moving_mean/_763, stem/conv13/conv/bn/moving_variance/_765, stem/conv13/conv/conv/weights/_767, stem/conv13/conv/conv/weights/Adam/_769, stem/conv13/conv/conv/weights/Adam_1/_771, stem/conv13/sconv/bn/beta/_773, stem/conv13/sconv/bn/beta/Adam/_775, stem/conv13/sconv/bn/beta/Adam_1/_777, stem/conv13/sconv/bn/gamma/_779, stem/conv13/sconv/bn/gamma/Adam/_781, stem/conv13/sconv/bn/gamma/Adam_1/_783, stem/conv13/sconv/bn/moving_mean/_785, stem/conv13/sconv/bn/moving_variance/_787, stem/conv13/sconv/sconv/depthwise_weights/_789, stem/conv13/sconv/sconv/depthwise_weights/Adam/_791, stem/conv13/sconv/sconv/depthwise_weights/Adam_1/_793, stem/conv14/conv/bn/beta/_795, stem/conv14/conv/bn/beta/Adam/_797, stem/conv14/conv/bn/beta/Adam_1/_799, stem/conv14/conv/bn/gamma/_801, stem/conv14/conv/bn/gamma/Adam/_803, stem/conv14/conv/bn/gamma/Adam_1/_805, stem/conv14/conv/bn/moving_mean/_807, stem/conv14/conv/bn/moving_variance/_809, stem/conv14/conv/conv/weights/_811, stem/conv14/conv/conv/weights/Adam/_813, stem/conv14/conv/conv/weights/Adam_1/_815, stem/conv14/sconv/bn/beta/_817, stem/conv14/sconv/bn/beta/Adam/_819, stem/conv14/sconv/bn/beta/Adam_1/_821, stem/conv14/sconv/bn/gamma/_823, stem/conv14/sconv/bn/gamma/Adam/_825, stem/conv14/sconv/bn/gamma/Adam_1/_827, stem/conv14/sconv/bn/moving_mean/_829, stem/conv14/sconv/bn/moving_variance/_831, stem/conv14/sconv/sconv/depthwise_weights/_833, stem/conv14/sconv/sconv/depthwise_weights/Adam/_835, stem/conv14/sconv/sconv/depthwise_weights/Adam_1/_837, stem/conv2/conv/bn/beta/_839, stem/conv2/conv/bn/beta/Adam/_841, stem/conv2/conv/bn/beta/Adam_1/_843, stem/conv2/conv/bn/gamma/_845, stem/conv2/conv/bn/gamma/Adam/_847, stem/conv2/conv/bn/gamma/Adam_1/_849, stem/conv2/conv/bn/moving_mean/_851, stem/conv2/conv/bn/moving_variance/_853, stem/conv2/conv/conv/weights/_855, stem/conv2/conv/conv/weights/Adam/_857, stem/conv2/conv/conv/weights/Adam_1/_859, stem/conv2/sconv/bn/beta/_861, stem/conv2/sconv/bn/beta/Adam/_863, stem/conv2/sconv/bn/beta/Adam_1/_865, stem/conv2/sconv/bn/gamma/_867, stem/conv2/sconv/bn/gamma/Adam/_869, stem/conv2/sconv/bn/gamma/Adam_1/_871, stem/conv2/sconv/bn/moving_mean/_873, stem/conv2/sconv/bn/moving_variance/_875, stem/conv2/sconv/sconv/depthwise_weights/_877, stem/conv2/sconv/sconv/depthwise_weights/Adam/_879, stem/conv2/sconv/sconv/depthwise_weights/Adam_1/_881, stem/conv3/conv/bn/beta/_883, stem/conv3/conv/bn/beta/Adam/_885, stem/conv3/conv/bn/beta/Adam_1/_887, stem/conv3/conv/bn/gamma/_889, stem/conv3/conv/bn/gamma/Adam/_891, stem/conv3/conv/bn/gamma/Adam_1/_893, stem/conv3/conv/bn/moving_mean/_895, stem/conv3/conv/bn/moving_variance/_897, stem/conv3/conv/conv/weights/_899, stem/conv3/conv/conv/weights/Adam/_901, stem/conv3/conv/conv/weights/Adam_1/_903, stem/conv3/sconv/bn/beta/_905, stem/conv3/sconv/bn/beta/Adam/_907, stem/conv3/sconv/bn/beta/Adam_1/_909, stem/conv3/sconv/bn/gamma/_911, stem/conv3/sconv/bn/gamma/Adam/_913, stem/conv3/sconv/bn/gamma/Adam_1/_915, stem/conv3/sconv/bn/moving_mean/_917, stem/conv3/sconv/bn/moving_variance/_919, stem/conv3/sconv/sconv/depthwise_weights/_921, stem/conv3/sconv/sconv/depthwise_weights/Adam/_923, stem/conv3/sconv/sconv/depthwise_weights/Adam_1/_925, stem/conv4/conv/bn/beta/_927, stem/conv4/conv/bn/beta/Adam/_929, stem/conv4/conv/bn/beta/Adam_1/_931, stem/conv4/conv/bn/gamma/_933, stem/conv4/conv/bn/gamma/Adam/_935, stem/conv4/conv/bn/gamma/Adam_1/_937, stem/conv4/conv/bn/moving_mean/_939, stem/conv4/conv/bn/moving_variance/_941, stem/conv4/conv/conv/weights/_943, stem/conv4/conv/conv/weights/Adam/_945, stem/conv4/conv/conv/weights/Adam_1/_947, stem/conv4/sconv/bn/beta/_949, stem/conv4/sconv/bn/beta/Adam/_951, stem/conv4/sconv/bn/beta/Adam_1/_953, stem/conv4/sconv/bn/gamma/_955, stem/conv4/sconv/bn/gamma/Adam/_957, stem/conv4/sconv/bn/gamma/Adam_1/_959, stem/conv4/sconv/bn/moving_mean/_961, stem/conv4/sconv/bn/moving_variance/_963, stem/conv4/sconv/sconv/depthwise_weights/_965, stem/conv4/sconv/sconv/depthwise_weights/Adam/_967, stem/conv4/sconv/sconv/depthwise_weights/Adam_1/_969, stem/conv5/conv/bn/beta/_971, stem/conv5/conv/bn/beta/Adam/_973, stem/conv5/conv/bn/beta/Adam_1/_975, stem/conv5/conv/bn/gamma/_977, stem/conv5/conv/bn/gamma/Adam/_979, stem/conv5/conv/bn/gamma/Adam_1/_981, stem/conv5/conv/bn/moving_mean/_983, stem/conv5/conv/bn/moving_variance/_985, stem/conv5/conv/conv/weights/_987, stem/conv5/conv/conv/weights/Adam/_989, stem/conv5/conv/conv/weights/Adam_1/_991, stem/conv5/sconv/bn/beta/_993, stem/conv5/sconv/bn/beta/Adam/_995, stem/conv5/sconv/bn/beta/Adam_1/_997, stem/conv5/sconv/bn/gamma/_999, stem/conv5/sconv/bn/gamma/Adam/_1001, stem/conv5/sconv/bn/gamma/Adam_1/_1003, stem/conv5/sconv/bn/moving_mean/_1005, stem/conv5/sconv/bn/moving_variance/_1007, stem/conv5/sconv/sconv/depthwise_weights/_1009, stem/conv5/sconv/sconv/depthwise_weights/Adam/_1011, stem/conv5/sconv/sconv/depthwise_weights/Adam_1/_1013, stem/conv6/conv/bn/beta/_1015, stem/conv6/conv/bn/beta/Adam/_1017, stem/conv6/conv/bn/beta/Adam_1/_1019, stem/conv6/conv/bn/gamma/_1021, stem/conv6/conv/bn/gamma/Adam/_1023, stem/conv6/conv/bn/gamma/Adam_1/_1025, stem/conv6/conv/bn/moving_mean/_1027, stem/conv6/conv/bn/moving_variance/_1029, stem/conv6/conv/conv/weights/_1031, stem/conv6/conv/conv/weights/Adam/_1033, stem/conv6/conv/conv/weights/Adam_1/_1035, stem/conv6/sconv/bn/beta/_1037, stem/conv6/sconv/bn/beta/Adam/_1039, stem/conv6/sconv/bn/beta/Adam_1/_1041, stem/conv6/sconv/bn/gamma/_1043, stem/conv6/sconv/bn/gamma/Adam/_1045, stem/conv6/sconv/bn/gamma/Adam_1/_1047, stem/conv6/sconv/bn/moving_mean/_1049, stem/conv6/sconv/bn/moving_variance/_1051, stem/conv6/sconv/sconv/depthwise_weights/_1053, stem/conv6/sconv/sconv/depthwise_weights/Adam/_1055, stem/conv6/sconv/sconv/depthwise_weights/Adam_1/_1057, stem/conv7/conv/bn/beta/_1059, stem/conv7/conv/bn/beta/Adam/_1061, stem/conv7/conv/bn/beta/Adam_1/_1063, stem/conv7/conv/bn/gamma/_1065, stem/conv7/conv/bn/gamma/Adam/_1067, stem/conv7/conv/bn/gamma/Adam_1/_1069, stem/conv7/conv/bn/moving_mean/_1071, stem/conv7/conv/bn/moving_variance/_1073, stem/conv7/conv/conv/weights/_1075, stem/conv7/conv/conv/weights/Adam/_1077, stem/conv7/conv/conv/weights/Adam_1/_1079, stem/conv7/sconv/bn/beta/_1081, stem/conv7/sconv/bn/beta/Adam/_1083, stem/conv7/sconv/bn/beta/Adam_1/_1085, stem/conv7/sconv/bn/gamma/_1087, stem/conv7/sconv/bn/gamma/Adam/_1089, stem/conv7/sconv/bn/gamma/Adam_1/_1091, stem/conv7/sconv/bn/moving_mean/_1093, stem/conv7/sconv/bn/moving_variance/_1095, stem/conv7/sconv/sconv/depthwise_weights/_1097, stem/conv7/sconv/sconv/depthwise_weights/Adam/_1099, stem/conv7/sconv/sconv/depthwise_weights/Adam_1/_1101, stem/conv8/conv/bn/beta/_1103, stem/conv8/conv/bn/beta/Adam/_1105, stem/conv8/conv/bn/beta/Adam_1/_1107, stem/conv8/conv/bn/gamma/_1109, stem/conv8/conv/bn/gamma/Adam/_1111, stem/conv8/conv/bn/gamma/Adam_1/_1113, stem/conv8/conv/bn/moving_mean/_1115, stem/conv8/conv/bn/moving_variance/_1117, stem/conv8/conv/conv/weights/_1119, stem/conv8/conv/conv/weights/Adam/_1121, stem/conv8/conv/conv/weights/Adam_1/_1123, stem/conv8/sconv/bn/beta/_1125, stem/conv8/sconv/bn/beta/Adam/_1127, stem/conv8/sconv/bn/beta/Adam_1/_1129, stem/conv8/sconv/bn/gamma/_1131, stem/conv8/sconv/bn/gamma/Adam/_1133, stem/conv8/sconv/bn/gamma/Adam_1/_1135, stem/conv8/sconv/bn/moving_mean/_1137, stem/conv8/sconv/bn/moving_variance/_1139, stem/conv8/sconv/sconv/depthwise_weights/_1141, stem/conv8/sconv/sconv/depthwise_weights/Adam/_1143, stem/conv8/sconv/sconv/depthwise_weights/Adam_1/_1145, stem/conv9/conv/bn/beta/_1147, stem/conv9/conv/bn/beta/Adam/_1149, stem/conv9/conv/bn/beta/Adam_1/_1151, stem/conv9/conv/bn/gamma/_1153, stem/conv9/conv/bn/gamma/Adam/_1155, stem/conv9/conv/bn/gamma/Adam_1/_1157, stem/conv9/conv/bn/moving_mean/_1159, stem/conv9/conv/bn/moving_variance/_1161, stem/conv9/conv/conv/weights/_1163, stem/conv9/conv/conv/weights/Adam/_1165, stem/conv9/conv/conv/weights/Adam_1/_1167, stem/conv9/sconv/bn/beta/_1169, stem/conv9/sconv/bn/beta/Adam/_1171, stem/conv9/sconv/bn/beta/Adam_1/_1173, stem/conv9/sconv/bn/gamma/_1175, stem/conv9/sconv/bn/gamma/Adam/_1177, stem/conv9/sconv/bn/gamma/Adam_1/_1179, stem/conv9/sconv/bn/moving_mean/_1181, stem/conv9/sconv/bn/moving_variance/_1183, stem/conv9/sconv/sconv/depthwise_weights/_1185, stem/conv9/sconv/sconv/depthwise_weights/Adam/_1187, stem/conv9/sconv/sconv/depthwise_weights/Adam_1/_1189)]]
Hint: If you want to see a list of allocated tensors when OOM happens, add report_tensor_allocations_upon_oom to RunOptions for current allocation info.


  6%|▋         | 15/233 [2:17:42<33:21:20, 550.83s/it]
