2020-04-29 14:27:05.936601: I tensorflow/core/platform/cpu_feature_guard.cc:141] Your CPU supports instructions that this TensorFlow binary was not compiled to use: SSE4.1 SSE4.2 AVX AVX2 FMA
2020-04-29 14:27:10.819569: I tensorflow/core/common_runtime/gpu/gpu_device.cc:1432] Found device 0 with properties: 
name: Tesla K80 major: 3 minor: 7 memoryClockRate(GHz): 0.8235
pciBusID: 0000:06:00.0
totalMemory: 11.17GiB freeMemory: 11.11GiB
2020-04-29 14:27:10.819665: I tensorflow/core/common_runtime/gpu/gpu_device.cc:1511] Adding visible gpu devices: 0
2020-04-29 14:27:16.339820: I tensorflow/core/common_runtime/gpu/gpu_device.cc:982] Device interconnect StreamExecutor with strength 1 edge matrix:
2020-04-29 14:27:16.339959: I tensorflow/core/common_runtime/gpu/gpu_device.cc:988]      0 
2020-04-29 14:27:16.339987: I tensorflow/core/common_runtime/gpu/gpu_device.cc:1001] 0:   N 
2020-04-29 14:27:16.340132: I tensorflow/core/common_runtime/gpu/gpu_device.cc:1115] Created TensorFlow device (/job:localhost/replica:0/task:0/device:GPU:0 with 10761 MB memory) -> physical GPU (device: 0, name: Tesla K80, pci bus id: 0000:06:00.0, compute capability: 3.7)
  0%|          | 0/233 [00:00<?, ?it/s]
epoch: 0 lr:  1e-05 loss: 140.24725


| aeropl | bicycl |   bird |   boat | bottle |    bus |    car |    cat |  chair |    cow | dining |    dog |  horse | motorb | person | potted |  sheep |   sofa |  train | tvmoni |
|--------|--------|--------|--------|--------|--------|--------|--------|--------|--------|--------|--------|--------|--------|--------|--------|--------|--------|--------|--------|
| 0.0000 | 0.0000 | 0.0000 | 0.0000 | 0.0000 | 0.0000 | 0.0000 | 0.0000 | 0.0000 | 0.0000 | 0.0000 | 0.0000 | 0.0000 | 0.0000 | 0.0000 | 0.0000 | 0.0000 | 0.0000 | 0.0000 | 0.0000 |
Mean = 0.0000


| aeropl | bicycl |   bird |   boat | bottle |    bus |    car |    cat |  chair |    cow | dining |    dog |  horse | motorb | person | potted |  sheep |   sofa |  train | tvmoni |
|--------|--------|--------|--------|--------|--------|--------|--------|--------|--------|--------|--------|--------|--------|--------|--------|--------|--------|--------|--------|
| 0.0000 | 0.0000 | 0.0000 | 0.0000 | 0.0000 | 0.0000 | 0.0000 | 0.0000 | 0.0000 | 0.0000 | 0.0000 | 0.0000 | 0.0000 | 0.0000 | 0.0000 | 0.0000 | 0.0000 | 0.0000 | 0.0000 | 0.0000 |
Mean = 0.0000


highest training accuacy: 0.0 at epoch: 0 

=================================================================================================================================================================================
  0%|          | 1/233 [12:04<46:42:22, 724.75s/it]
epoch: 1 lr:  1e-04 loss: 89.72134


| aeropl | bicycl |   bird |   boat | bottle |    bus |    car |    cat |  chair |    cow | dining |    dog |  horse | motorb | person | potted |  sheep |   sofa |  train | tvmoni |
|--------|--------|--------|--------|--------|--------|--------|--------|--------|--------|--------|--------|--------|--------|--------|--------|--------|--------|--------|--------|
| 0.0000 | 0.0000 | 0.0000 | 0.0000 | 0.0000 | 0.0000 | 0.0000 | 0.0000 | 0.0000 | 0.0000 | 0.0000 | 0.0000 | 0.0000 | 0.0000 | 0.0000 | 0.0000 | 0.0000 | 0.0000 | 0.0000 | 0.0000 |
Mean = 0.0000


| aeropl | bicycl |   bird |   boat | bottle |    bus |    car |    cat |  chair |    cow | dining |    dog |  horse | motorb | person | potted |  sheep |   sofa |  train | tvmoni |
|--------|--------|--------|--------|--------|--------|--------|--------|--------|--------|--------|--------|--------|--------|--------|--------|--------|--------|--------|--------|
| 0.0000 | 0.0000 | 0.0000 | 0.0000 | 0.0000 | 0.0000 | 0.0000 | 0.0000 | 0.0000 | 0.0000 | 0.0000 | 0.0000 | 0.0000 | 0.0000 | 0.0000 | 0.0000 | 0.0000 | 0.0000 | 0.0000 | 0.0000 |
Mean = 0.0000


highest training accuacy: 0.0 at epoch: 0 

=================================================================================================================================================================================
  1%|          | 2/233 [23:36<45:52:07, 714.84s/it]
epoch: 2 lr:  0.001 loss: 66.62547


| aeropl | bicycl |   bird |   boat | bottle |    bus |    car |    cat |  chair |    cow | dining |    dog |  horse | motorb | person | potted |  sheep |   sofa |  train | tvmoni |
|--------|--------|--------|--------|--------|--------|--------|--------|--------|--------|--------|--------|--------|--------|--------|--------|--------|--------|--------|--------|
| 0.0000 | 0.0000 | 0.0000 | 0.0000 | 0.0000 | 0.0000 | 0.0000 | 0.0000 | 0.0000 | 0.0000 | 0.0000 | 0.0000 | 0.0000 | 0.0000 | 0.0621 | 0.0000 | 0.0000 | 0.0000 | 0.0000 | 0.0000 |
Mean = 0.0031


| aeropl | bicycl |   bird |   boat | bottle |    bus |    car |    cat |  chair |    cow | dining |    dog |  horse | motorb | person | potted |  sheep |   sofa |  train | tvmoni |
|--------|--------|--------|--------|--------|--------|--------|--------|--------|--------|--------|--------|--------|--------|--------|--------|--------|--------|--------|--------|
| 0.0000 | 0.0000 | 0.0000 | 0.0000 | 0.0000 | 0.0000 | 0.0000 | 0.0000 | 0.0000 | 0.0000 | 0.0000 | 0.0000 | 0.0000 | 0.0000 | 0.0909 | 0.0000 | 0.0000 | 0.0000 | 0.0000 | 0.0000 |
Mean = 0.0045


highest training accuacy: 0.0045 at epoch: 2 

=================================================================================================================================================================================
  1%|▏         | 3/233 [35:08<45:14:01, 708.01s/it]
epoch: 3 lr:  0.001 loss: 54.508595


| aeropl | bicycl |   bird |   boat | bottle |    bus |    car |    cat |  chair |    cow | dining |    dog |  horse | motorb | person | potted |  sheep |   sofa |  train | tvmoni |
|--------|--------|--------|--------|--------|--------|--------|--------|--------|--------|--------|--------|--------|--------|--------|--------|--------|--------|--------|--------|
| 0.0000 | 0.0000 | 0.0248 | 0.0000 | 0.0000 | 0.0000 | 0.0000 | 0.0000 | 0.0000 | 0.0000 | 0.0000 | 0.0000 | 0.0000 | 0.0000 | 0.1804 | 0.0000 | 0.0000 | 0.0000 | 0.0000 | 0.0000 |
Mean = 0.0103


| aeropl | bicycl |   bird |   boat | bottle |    bus |    car |    cat |  chair |    cow | dining |    dog |  horse | motorb | person | potted |  sheep |   sofa |  train | tvmoni |
|--------|--------|--------|--------|--------|--------|--------|--------|--------|--------|--------|--------|--------|--------|--------|--------|--------|--------|--------|--------|
| 0.0000 | 0.0000 | 0.0325 | 0.0000 | 0.0000 | 0.0000 | 0.0000 | 0.0000 | 0.0000 | 0.0000 | 0.0000 | 0.0000 | 0.0000 | 0.0000 | 0.1229 | 0.0000 | 0.0000 | 0.0000 | 0.0000 | 0.0000 |
Mean = 0.0078


highest training accuacy: 0.0078 at epoch: 3 

=================================================================================================================================================================================
  2%|▏         | 4/233 [46:40<44:44:15, 703.30s/it]
epoch: 4 lr:  0.001 loss: 46.739395


| aeropl | bicycl |   bird |   boat | bottle |    bus |    car |    cat |  chair |    cow | dining |    dog |  horse | motorb | person | potted |  sheep |   sofa |  train | tvmoni |
|--------|--------|--------|--------|--------|--------|--------|--------|--------|--------|--------|--------|--------|--------|--------|--------|--------|--------|--------|--------|
| 0.0000 | 0.0000 | 0.0000 | 0.0000 | 0.0000 | 0.0000 | 0.0000 | 0.0000 | 0.0000 | 0.0000 | 0.0000 | 0.0000 | 0.0000 | 0.0341 | 0.1716 | 0.0000 | 0.0000 | 0.0000 | 0.0000 | 0.0000 |
Mean = 0.0103


| aeropl | bicycl |   bird |   boat | bottle |    bus |    car |    cat |  chair |    cow | dining |    dog |  horse | motorb | person | potted |  sheep |   sofa |  train | tvmoni |
|--------|--------|--------|--------|--------|--------|--------|--------|--------|--------|--------|--------|--------|--------|--------|--------|--------|--------|--------|--------|
| 0.0000 | 0.0000 | 0.0000 | 0.0000 | 0.0000 | 0.0000 | 0.0909 | 0.0000 | 0.0000 | 0.0000 | 0.0000 | 0.0000 | 0.0000 | 0.0182 | 0.1451 | 0.0000 | 0.0000 | 0.0000 | 0.0000 | 0.0000 |
Mean = 0.0127


highest training accuacy: 0.0127 at epoch: 4 

=================================================================================================================================================================================
  2%|▏         | 5/233 [58:13<44:20:07, 700.03s/it]
epoch: 5 lr:  0.001 loss: 41.31384


| aeropl | bicycl |   bird |   boat | bottle |    bus |    car |    cat |  chair |    cow | dining |    dog |  horse | motorb | person | potted |  sheep |   sofa |  train | tvmoni |
|--------|--------|--------|--------|--------|--------|--------|--------|--------|--------|--------|--------|--------|--------|--------|--------|--------|--------|--------|--------|
| 0.0227 | 0.0000 | 0.0000 | 0.0000 | 0.0000 | 0.0000 | 0.1944 | 0.0000 | 0.0000 | 0.0000 | 1.0000 | 0.0000 | 0.0000 | 0.0000 | 0.1978 | 0.0000 | 0.0000 | 0.0105 | 0.0000 | 0.0000 |
Mean = 0.0713


| aeropl | bicycl |   bird |   boat | bottle |    bus |    car |    cat |  chair |    cow | dining |    dog |  horse | motorb | person | potted |  sheep |   sofa |  train | tvmoni |
|--------|--------|--------|--------|--------|--------|--------|--------|--------|--------|--------|--------|--------|--------|--------|--------|--------|--------|--------|--------|
| 0.0000 | 0.0000 | 0.0000 | 0.0000 | 0.0000 | 0.0000 | 0.1601 | 0.0000 | 0.0303 | 0.0000 | 0.0000 | 0.0000 | 0.0000 | 0.0000 | 0.1464 | 0.0000 | 0.0000 | 0.0063 | 0.0000 | 0.0000 |
Mean = 0.0172


highest training accuacy: 0.0172 at epoch: 5 

=================================================================================================================================================================================
  3%|▎         | 6/233 [1:09:45<43:59:33, 697.68s/it]
epoch: 6 lr:  0.001 loss: 37.270466


| aeropl | bicycl |   bird |   boat | bottle |    bus |    car |    cat |  chair |    cow | dining |    dog |  horse | motorb | person | potted |  sheep |   sofa |  train | tvmoni |
|--------|--------|--------|--------|--------|--------|--------|--------|--------|--------|--------|--------|--------|--------|--------|--------|--------|--------|--------|--------|
| 0.0042 | 0.0000 | 0.0000 | 0.0000 | 0.0000 | 0.0000 | 0.0909 | 0.0000 | 0.0130 | 0.0000 | 0.0000 | 0.0000 | 0.0000 | 0.0000 | 0.1633 | 0.0000 | 0.0000 | 0.0000 | 0.0000 | 0.0000 |
Mean = 0.0136


| aeropl | bicycl |   bird |   boat | bottle |    bus |    car |    cat |  chair |    cow | dining |    dog |  horse | motorb | person | potted |  sheep |   sofa |  train | tvmoni |
|--------|--------|--------|--------|--------|--------|--------|--------|--------|--------|--------|--------|--------|--------|--------|--------|--------|--------|--------|--------|
| 0.0690 | 0.0000 | 0.0000 | 0.0000 | 0.0000 | 0.0000 | 0.1970 | 0.0000 | 0.0706 | 0.0000 | 0.0000 | 0.0000 | 0.0000 | 0.0000 | 0.1867 | 0.0000 | 0.0000 | 0.0000 | 0.0000 | 0.0000 |
Mean = 0.0262


highest training accuacy: 0.0262 at epoch: 6 

=================================================================================================================================================================================
  3%|▎         | 7/233 [1:21:18<43:42:22, 696.21s/it]
epoch: 7 lr:  0.001 loss: 34.13496


| aeropl | bicycl |   bird |   boat | bottle |    bus |    car |    cat |  chair |    cow | dining |    dog |  horse | motorb | person | potted |  sheep |   sofa |  train | tvmoni |
|--------|--------|--------|--------|--------|--------|--------|--------|--------|--------|--------|--------|--------|--------|--------|--------|--------|--------|--------|--------|
| 0.0000 | 0.0000 | 0.0000 | 0.0000 | 0.0000 | 0.0000 | 0.1384 | 0.0000 | 0.0000 | 0.0000 | 1.0000 | 0.0000 | 0.0000 | 0.0682 | 0.2595 | 0.0000 | 0.0000 | 0.0000 | 0.0000 | 0.0000 |
Mean = 0.0733


| aeropl | bicycl |   bird |   boat | bottle |    bus |    car |    cat |  chair |    cow | dining |    dog |  horse | motorb | person | potted |  sheep |   sofa |  train | tvmoni |
|--------|--------|--------|--------|--------|--------|--------|--------|--------|--------|--------|--------|--------|--------|--------|--------|--------|--------|--------|--------|
| 0.0000 | 0.0000 | 0.0182 | 0.0000 | 0.0000 | 0.0000 | 0.1844 | 0.0000 | 0.0000 | 0.0000 | 0.0000 | 0.0000 | 0.0000 | 0.0119 | 0.1770 | 0.0000 | 0.0000 | 0.0000 | 0.0000 | 0.0000 |
Mean = 0.0196


highest training accuacy: 0.0262 at epoch: 6 

=================================================================================================================================================================================
  3%|▎         | 8/233 [1:32:49<43:25:44, 694.87s/it]
epoch: 8 lr:  0.001 loss: 31.613232


| aeropl | bicycl |   bird |   boat | bottle |    bus |    car |    cat |  chair |    cow | dining |    dog |  horse | motorb | person | potted |  sheep |   sofa |  train | tvmoni |
|--------|--------|--------|--------|--------|--------|--------|--------|--------|--------|--------|--------|--------|--------|--------|--------|--------|--------|--------|--------|
| 0.1818 | 0.1818 | 0.0000 | 0.0000 | 0.0000 | 0.0000 | 0.0303 | 0.0000 | 0.0000 | 0.0000 | 0.0000 | 0.0000 | 0.0000 | 0.0886 | 0.2444 | 0.0000 | 0.0000 | 0.0000 | 0.0000 | 0.0000 |
Mean = 0.0364


| aeropl | bicycl |   bird |   boat | bottle |    bus |    car |    cat |  chair |    cow | dining |    dog |  horse | motorb | person | potted |  sheep |   sofa |  train | tvmoni |
|--------|--------|--------|--------|--------|--------|--------|--------|--------|--------|--------|--------|--------|--------|--------|--------|--------|--------|--------|--------|
| 0.0000 | 0.0000 | 0.1526 | 0.0000 | 0.0000 | 0.0000 | 0.0909 | 0.0000 | 0.0227 | 0.0000 | 0.0390 | 0.0000 | 0.0000 | 0.0341 | 0.2102 | 0.0000 | 0.0000 | 0.0170 | 0.0000 | 0.0000 |
Mean = 0.0283


highest training accuacy: 0.0283 at epoch: 8 

=================================================================================================================================================================================
  4%|▍         | 9/233 [1:44:22<43:11:34, 694.17s/it]
epoch: 9 lr:  0.001 loss: 29.537924


| aeropl | bicycl |   bird |   boat | bottle |    bus |    car |    cat |  chair |    cow | dining |    dog |  horse | motorb | person | potted |  sheep |   sofa |  train | tvmoni |
|--------|--------|--------|--------|--------|--------|--------|--------|--------|--------|--------|--------|--------|--------|--------|--------|--------|--------|--------|--------|
| 0.0000 | 0.3636 | 0.0000 | 0.0000 | 0.0000 | 0.0000 | 0.0929 | 0.0000 | 0.0000 | 0.0000 | 0.0000 | 0.0000 | 0.2424 | 0.1045 | 0.2759 | 0.0000 | 0.0000 | 0.0909 | 0.0000 | 0.0000 |
Mean = 0.0585


| aeropl | bicycl |   bird |   boat | bottle |    bus |    car |    cat |  chair |    cow | dining |    dog |  horse | motorb | person | potted |  sheep |   sofa |  train | tvmoni |
|--------|--------|--------|--------|--------|--------|--------|--------|--------|--------|--------|--------|--------|--------|--------|--------|--------|--------|--------|--------|
| 0.0000 | 0.1970 | 0.0000 | 0.0000 | 0.0000 | 0.0000 | 0.1950 | 0.0000 | 0.0000 | 0.0000 | 0.0000 | 0.0000 | 0.0000 | 0.0000 | 0.2581 | 0.0000 | 0.0000 | 0.0000 | 0.0000 | 0.0000 |
Mean = 0.0325


highest training accuacy: 0.0325 at epoch: 9 

=================================================================================================================================================================================
  4%|▍         | 10/233 [1:55:55<42:58:19, 693.72s/it]
epoch: 10 lr:  0.001 loss: 27.802076


| aeropl | bicycl |   bird |   boat | bottle |    bus |    car |    cat |  chair |    cow | dining |    dog |  horse | motorb | person | potted |  sheep |   sofa |  train | tvmoni |
|--------|--------|--------|--------|--------|--------|--------|--------|--------|--------|--------|--------|--------|--------|--------|--------|--------|--------|--------|--------|
| 0.0000 | 0.1818 | 0.0532 | 0.0000 | 0.0000 | 0.0000 | 0.0152 | 0.0000 | 0.0000 | 0.0000 | 0.0000 | 0.0000 | 0.1818 | 0.0227 | 0.2666 | 0.0364 | 0.0000 | 0.0195 | 0.0000 | 0.0000 |
Mean = 0.0389


| aeropl | bicycl |   bird |   boat | bottle |    bus |    car |    cat |  chair |    cow | dining |    dog |  horse | motorb | person | potted |  sheep |   sofa |  train | tvmoni |
|--------|--------|--------|--------|--------|--------|--------|--------|--------|--------|--------|--------|--------|--------|--------|--------|--------|--------|--------|--------|
| 0.0000 | 0.1364 | 0.0682 | 0.0000 | 0.0000 | 0.0000 | 0.1259 | 0.0000 | 0.0530 | 0.0000 | 0.0000 | 0.0000 | 0.0000 | 0.0000 | 0.2554 | 0.0061 | 0.0000 | 0.0000 | 0.0000 | 0.0000 |
Mean = 0.0322


highest training accuacy: 0.0325 at epoch: 9 

=================================================================================================================================================================================
  5%|▍         | 11/233 [2:07:27<42:44:53, 693.21s/it]
epoch: 11 lr:  0.001 loss: 26.31169


| aeropl | bicycl |   bird |   boat | bottle |    bus |    car |    cat |  chair |    cow | dining |    dog |  horse | motorb | person | potted |  sheep |   sofa |  train | tvmoni |
|--------|--------|--------|--------|--------|--------|--------|--------|--------|--------|--------|--------|--------|--------|--------|--------|--------|--------|--------|--------|
| 0.1313 | 0.2222 | 0.0000 | 0.0000 | 0.0000 | 0.0000 | 0.1798 | 0.0000 | 0.0000 | 0.0000 | 0.0000 | 0.0000 | 0.0000 | 0.1344 | 0.2813 | 0.0000 | 0.0000 | 0.0000 | 0.0000 | 0.0000 |
Mean = 0.0474


| aeropl | bicycl |   bird |   boat | bottle |    bus |    car |    cat |  chair |    cow | dining |    dog |  horse | motorb | person | potted |  sheep |   sofa |  train | tvmoni |
|--------|--------|--------|--------|--------|--------|--------|--------|--------|--------|--------|--------|--------|--------|--------|--------|--------|--------|--------|--------|
| 0.0152 | 0.2727 | 0.1169 | 0.0000 | 0.0000 | 0.0000 | 0.2364 | 0.0000 | 0.0000 | 0.0000 | 0.0000 | 0.0000 | 0.4545 | 0.0303 | 0.2379 | 0.0000 | 0.0000 | 0.0000 | 0.0000 | 0.0000 |
Mean = 0.0682


highest training accuacy: 0.0682 at epoch: 11 

=================================================================================================================================================================================
  5%|▌         | 12/233 [2:18:59<42:32:49, 693.07s/it]
epoch: 12 lr:  0.001 loss: 25.025154


| aeropl | bicycl |   bird |   boat | bottle |    bus |    car |    cat |  chair |    cow | dining |    dog |  horse | motorb | person | potted |  sheep |   sofa |  train | tvmoni |
|--------|--------|--------|--------|--------|--------|--------|--------|--------|--------|--------|--------|--------|--------|--------|--------|--------|--------|--------|--------|
| 0.0606 | 0.3636 | 0.0364 | 0.0000 | 0.0000 | 0.0000 | 0.1970 | 0.0000 | 0.0000 | 0.0000 | 0.3333 | 0.0000 | 0.3030 | 0.1364 | 0.2971 | 0.0000 | 0.0000 | 0.1364 | 0.0000 | 0.0909 |
Mean = 0.0977


| aeropl | bicycl |   bird |   boat | bottle |    bus |    car |    cat |  chair |    cow | dining |    dog |  horse | motorb | person | potted |  sheep |   sofa |  train | tvmoni |
|--------|--------|--------|--------|--------|--------|--------|--------|--------|--------|--------|--------|--------|--------|--------|--------|--------|--------|--------|--------|
| 0.0000 | 0.4545 | 0.0496 | 0.0000 | 0.0000 | 0.0000 | 0.1299 | 0.0000 | 0.0909 | 0.0000 | 0.0909 | 0.0000 | 0.3788 | 0.0000 | 0.2302 | 0.0055 | 0.0000 | 0.0000 | 0.0000 | 0.0114 |
Mean = 0.0721


highest training accuacy: 0.0721 at epoch: 12 

=================================================================================================================================================================================
  6%|▌         | 13/233 [2:30:33<42:21:45, 693.21s/it]
epoch: 13 lr:  0.001 loss: 23.8839


| aeropl | bicycl |   bird |   boat | bottle |    bus |    car |    cat |  chair |    cow | dining |    dog |  horse | motorb | person | potted |  sheep |   sofa |  train | tvmoni |
|--------|--------|--------|--------|--------|--------|--------|--------|--------|--------|--------|--------|--------|--------|--------|--------|--------|--------|--------|--------|
| 0.0000 | 0.0000 | 0.0226 | 0.0000 | 0.0000 | 0.0000 | 0.1152 | 0.0000 | 0.0000 | 0.0000 | 0.0000 | 0.0000 | 0.0364 | 0.1364 | 0.2225 | 0.0000 | 0.0000 | 0.0682 | 0.0000 | 0.4836 |
Mean = 0.0542


| aeropl | bicycl |   bird |   boat | bottle |    bus |    car |    cat |  chair |    cow | dining |    dog |  horse | motorb | person | potted |  sheep |   sofa |  train | tvmoni |
|--------|--------|--------|--------|--------|--------|--------|--------|--------|--------|--------|--------|--------|--------|--------|--------|--------|--------|--------|--------|
| 0.0000 | 0.1364 | 0.0133 | 0.0000 | 0.0000 | 0.0000 | 0.0909 | 0.0000 | 0.0000 | 0.0000 | 0.0000 | 0.0000 | 0.5000 | 0.0000 | 0.1700 | 0.0000 | 0.0000 | 0.0000 | 0.0909 | 0.0000 |
Mean = 0.0501


highest training accuacy: 0.0721 at epoch: 12 

=================================================================================================================================================================================
  6%|▌         | 14/233 [2:42:05<42:09:01, 692.88s/it]
epoch: 14 lr:  0.001 loss: 22.90484


| aeropl | bicycl |   bird |   boat | bottle |    bus |    car |    cat |  chair |    cow | dining |    dog |  horse | motorb | person | potted |  sheep |   sofa |  train | tvmoni |
|--------|--------|--------|--------|--------|--------|--------|--------|--------|--------|--------|--------|--------|--------|--------|--------|--------|--------|--------|--------|
| 0.0000 | 0.0455 | 0.0000 | 0.0000 | 0.0000 | 0.0000 | 0.2045 | 0.0000 | 0.0152 | 0.0000 | 0.1429 | 0.0693 | 0.5000 | 0.0000 | 0.2671 | 0.0000 | 0.0000 | 0.0545 | 0.0000 | 0.1818 |
Mean = 0.0740


| aeropl | bicycl |   bird |   boat | bottle |    bus |    car |    cat |  chair |    cow | dining |    dog |  horse | motorb | person | potted |  sheep |   sofa |  train | tvmoni |
|--------|--------|--------|--------|--------|--------|--------|--------|--------|--------|--------|--------|--------|--------|--------|--------|--------|--------|--------|--------|
| 0.0000 | 0.0909 | 0.0000 | 0.0000 | 0.0000 | 0.0000 | 0.1667 | 0.0000 | 0.0057 | 0.0000 | 0.0000 | 0.0628 | 0.4886 | 0.0000 | 0.2066 | 0.0045 | 0.0000 | 0.0000 | 0.0909 | 0.0000 |
Mean = 0.0558


highest training accuacy: 0.0721 at epoch: 12 

=================================================================================================================================================================================
  6%|▋         | 15/233 [2:53:37<41:56:45, 692.68s/it]
epoch: 15 lr:  0.001 loss: 22.0226


| aeropl | bicycl |   bird |   boat | bottle |    bus |    car |    cat |  chair |    cow | dining |    dog |  horse | motorb | person | potted |  sheep |   sofa |  train | tvmoni |
|--------|--------|--------|--------|--------|--------|--------|--------|--------|--------|--------|--------|--------|--------|--------|--------|--------|--------|--------|--------|
| 0.0000 | 0.0000 | 0.0000 | 0.0000 | 0.0000 | 0.0000 | 0.0909 | 0.0000 | 0.0000 | 0.0000 | 0.0000 | 0.1438 | 0.3712 | 0.1156 | 0.2817 | 0.0000 | 0.0000 | 0.0000 | 0.0859 | 0.2078 |
Mean = 0.0648


| aeropl | bicycl |   bird |   boat | bottle |    bus |    car |    cat |  chair |    cow | dining |    dog |  horse | motorb | person | potted |  sheep |   sofa |  train | tvmoni |
|--------|--------|--------|--------|--------|--------|--------|--------|--------|--------|--------|--------|--------|--------|--------|--------|--------|--------|--------|--------|
| 0.0000 | 0.0000 | 0.1818 | 0.0000 | 0.0000 | 0.0000 | 0.1455 | 0.0000 | 0.0000 | 0.0000 | 0.0000 | 0.0588 | 0.8019 | 0.0130 | 0.2538 | 0.0000 | 0.0000 | 0.0000 | 0.1558 | 0.0000 |
Mean = 0.0805


highest training accuacy: 0.0805 at epoch: 15 

=================================================================================================================================================================================
  7%|▋         | 16/233 [3:05:10<41:45:36, 692.79s/it]
epoch: 16 lr:  0.001 loss: 21.232107


| aeropl | bicycl |   bird |   boat | bottle |    bus |    car |    cat |  chair |    cow | dining |    dog |  horse | motorb | person | potted |  sheep |   sofa |  train | tvmoni |
|--------|--------|--------|--------|--------|--------|--------|--------|--------|--------|--------|--------|--------|--------|--------|--------|--------|--------|--------|--------|
| 0.0000 | 0.0000 | 0.0000 | 0.0000 | 0.0000 | 0.0000 | 0.3068 | 0.0000 | 0.0000 | 0.0000 | 0.0000 | 0.0922 | 0.3182 | 0.2909 | 0.2733 | 0.0000 | 0.0000 | 0.0341 | 0.0996 | 0.2121 |
Mean = 0.0814


| aeropl | bicycl |   bird |   boat | bottle |    bus |    car |    cat |  chair |    cow | dining |    dog |  horse | motorb | person | potted |  sheep |   sofa |  train | tvmoni |
|--------|--------|--------|--------|--------|--------|--------|--------|--------|--------|--------|--------|--------|--------|--------|--------|--------|--------|--------|--------|
| 0.0000 | 0.4545 | 0.0000 | 0.0000 | 0.0000 | 0.0000 | 0.3009 | 0.0000 | 0.0455 | 0.0000 | 0.0000 | 0.0117 | 0.2614 | 0.0170 | 0.2330 | 0.0000 | 0.0000 | 0.0000 | 0.1818 | 0.2727 |
Mean = 0.0889


highest training accuacy: 0.0889 at epoch: 16 

=================================================================================================================================================================================
  7%|▋         | 17/233 [3:16:43<41:34:12, 692.83s/it]
epoch: 17 lr:  0.001 loss: 20.516506


| aeropl | bicycl |   bird |   boat | bottle |    bus |    car |    cat |  chair |    cow | dining |    dog |  horse | motorb | person | potted |  sheep |   sofa |  train | tvmoni |
|--------|--------|--------|--------|--------|--------|--------|--------|--------|--------|--------|--------|--------|--------|--------|--------|--------|--------|--------|--------|
| 0.0000 | 0.1818 | 0.1818 | 0.0000 | 0.0000 | 0.0000 | 0.2701 | 0.2182 | 0.0000 | 0.0000 | 0.0000 | 0.1322 | 0.3636 | 0.1494 | 0.2488 | 0.0000 | 0.0000 | 0.2727 | 0.0000 | 0.2727 |
Mean = 0.1146


| aeropl | bicycl |   bird |   boat | bottle |    bus |    car |    cat |  chair |    cow | dining |    dog |  horse | motorb | person | potted |  sheep |   sofa |  train | tvmoni |
|--------|--------|--------|--------|--------|--------|--------|--------|--------|--------|--------|--------|--------|--------|--------|--------|--------|--------|--------|--------|
| 0.0000 | 0.0000 | 0.1818 | 0.0909 | 0.0000 | 0.0000 | 0.3896 | 0.2823 | 0.0818 | 0.0000 | 0.2727 | 0.0053 | 0.4935 | 0.0210 | 0.2117 | 0.0000 | 0.0000 | 0.0000 | 0.0606 | 0.0000 |
Mean = 0.1046


highest training accuacy: 0.1046 at epoch: 17 

=================================================================================================================================================================================
  8%|▊         | 18/233 [3:28:16<41:22:48, 692.88s/it]
epoch: 18 lr:  0.001 loss: 19.864605


| aeropl | bicycl |   bird |   boat | bottle |    bus |    car |    cat |  chair |    cow | dining |    dog |  horse | motorb | person | potted |  sheep |   sofa |  train | tvmoni |
|--------|--------|--------|--------|--------|--------|--------|--------|--------|--------|--------|--------|--------|--------|--------|--------|--------|--------|--------|--------|
| 0.1818 | 0.0909 | 0.0000 | 0.0091 | 0.0000 | 0.2727 | 0.2500 | 0.3409 | 0.0303 | 0.0000 | 0.0000 | 0.1739 | 0.4121 | 0.2727 | 0.3074 | 0.0000 | 0.0000 | 0.1364 | 0.1818 | 0.2121 |
Mean = 0.1436


| aeropl | bicycl |   bird |   boat | bottle |    bus |    car |    cat |  chair |    cow | dining |    dog |  horse | motorb | person | potted |  sheep |   sofa |  train | tvmoni |
|--------|--------|--------|--------|--------|--------|--------|--------|--------|--------|--------|--------|--------|--------|--------|--------|--------|--------|--------|--------|
| 0.5455 | 0.3636 | 0.0909 | 0.0000 | 0.0000 | 0.0000 | 0.3121 | 0.1169 | 0.0065 | 0.0000 | 0.1364 | 0.0070 | 0.4364 | 0.0000 | 0.1857 | 0.0000 | 0.0000 | 0.0000 | 0.1818 | 0.0909 |
Mean = 0.1237


highest training accuacy: 0.1237 at epoch: 18 

=================================================================================================================================================================================
  8%|▊         | 19/233 [3:39:49<41:10:50, 692.76s/it]