2020-08-05 18:22:22.185183: I tensorflow/core/platform/cpu_feature_guard.cc:141] Your CPU supports instructions that this TensorFlow binary was not compiled to use: SSE4.1 SSE4.2 AVX AVX2 FMA
2020-08-05 18:22:27.091681: I tensorflow/core/common_runtime/gpu/gpu_device.cc:1432] Found device 0 with properties: 
name: Tesla K80 major: 3 minor: 7 memoryClockRate(GHz): 0.8235
pciBusID: 0000:06:00.0
totalMemory: 11.17GiB freeMemory: 11.11GiB
2020-08-05 18:22:27.091792: I tensorflow/core/common_runtime/gpu/gpu_device.cc:1511] Adding visible gpu devices: 0
2020-08-05 18:22:32.366694: I tensorflow/core/common_runtime/gpu/gpu_device.cc:982] Device interconnect StreamExecutor with strength 1 edge matrix:
2020-08-05 18:22:32.366854: I tensorflow/core/common_runtime/gpu/gpu_device.cc:988]      0 
2020-08-05 18:22:32.366885: I tensorflow/core/common_runtime/gpu/gpu_device.cc:1001] 0:   N 
2020-08-05 18:22:32.367024: I tensorflow/core/common_runtime/gpu/gpu_device.cc:1115] Created TensorFlow device (/job:localhost/replica:0/task:0/device:GPU:0 with 10761 MB memory) -> physical GPU (device: 0, name: Tesla K80, pci bus id: 0000:06:00.0, compute capability: 3.7)
  0%|          | 0/233 [00:00<?, ?it/s]batch 0 done
batch 1 done
batch 2 done
batch 3 done
batch 4 done
batch 5 done
batch 6 done
batch 7 done
batch 8 done
batch 9 done
batch 10 done
batch 11 done
batch 12 done
batch 13 done
batch 14 done
batch 15 done
batch 16 done
batch 17 done
batch 18 done
batch 19 done
batch 20 done
batch 21 done
batch 22 done
batch 23 done
batch 24 done
batch 25 done
batch 26 done
batch 27 done
batch 28 done
batch 29 done
batch 30 done
batch 31 done
batch 32 done
batch 33 done
batch 34 done
batch 35 done
batch 36 done
batch 37 done
batch 38 done
batch 39 done
batch 40 done
batch 41 done
batch 42 done
batch 43 done
batch 44 done
batch 45 done
batch 46 done
batch 47 done
batch 48 done
batch 49 done
batch 50 done
batch 51 done
batch 52 done
batch 53 done
batch 54 done
batch 55 done
batch 56 done
batch 57 done
batch 58 done
batch 59 done
batch 60 done
batch 61 done
batch 62 done
batch 63 done
batch 64 done
batch 65 done
batch 66 done
batch 67 done
batch 68 done
batch 69 done
batch 70 done
batch 71 done
batch 72 done
batch 73 done
batch 74 done
batch 75 done
batch 76 done
batch 77 done
batch 78 done
batch 79 done
batch 80 done
batch 81 done
batch 82 done
batch 83 done
batch 84 done
batch 85 done
batch 86 done
batch 87 done
batch 88 done
batch 89 done
batch 90 done
batch 91 done
batch 92 done
batch 93 done
batch 94 done
batch 95 done
batch 96 done
batch 97 done
batch 98 done
batch 99 done
batch 100 done
batch 101 done
batch 102 done
batch 103 done
batch 104 done
batch 105 done
batch 106 done
batch 107 done
batch 108 done
batch 109 done
batch 110 done
batch 111 done
batch 112 done
batch 113 done
batch 114 done
batch 115 done
batch 116 done
batch 117 done
batch 118 done
batch 119 done
batch 120 done
batch 121 done
batch 122 done
batch 123 done
batch 124 done
batch 125 done
batch 126 done
batch 127 done
batch 128 done
batch 129 done
batch 130 done
batch 131 done
batch 132 done
batch 133 done
batch 134 done
batch 135 done
batch 136 done
batch 137 done
batch 138 done
batch 139 done
batch 140 done
batch 141 done
batch 142 done
batch 143 done
batch 144 done
batch 145 done
batch 146 done
batch 147 done
batch 148 done
batch 149 done
batch 150 done
batch 151 done
batch 152 done
batch 153 done
batch 154 done
batch 155 done
batch 156 done
batch 157 done
batch 158 done
batch 159 done
batch 160 done
batch 161 done
batch 162 done
batch 163 done
batch 164 done
batch 165 done
batch 166 done
batch 167 done
batch 168 done
batch 169 done
batch 170 done
batch 171 done
batch 172 done
batch 173 done
batch 174 done
batch 175 done
batch 176 done
batch 177 done
batch 178 done
batch 179 done
batch 180 done
batch 181 done
batch 182 done
batch 183 done
batch 184 done
batch 185 done
batch 186 done
batch 187 done
batch 188 done
batch 189 done
batch 190 done
batch 191 done
batch 192 done
batch 193 done
batch 194 done
batch 195 done
batch 196 done
batch 197 done
batch 198 done
batch 199 done
batch 200 done
batch 201 done
batch 202 done
batch 203 done
batch 204 done
batch 205 done
batch 206 done
batch 207 done
batch 208 done
batch 209 done
batch 210 done
batch 211 done
batch 212 done
batch 213 done
batch 214 done
batch 215 done
batch 216 done
batch 217 done
batch 218 done
batch 219 done
batch 220 done
batch 221 done
batch 222 done
batch 223 done
batch 224 done
batch 225 done
batch 226 done
batch 227 done
batch 228 done
batch 229 done
batch 230 done
batch 231 done
batch 232 done
batch 233 done
batch 234 done
batch 235 done
batch 236 done
batch 237 done
batch 238 done
batch 239 done
batch 240 done
batch 241 done
batch 242 done
batch 243 done
batch 244 done
batch 245 done
batch 246 done
batch 247 done
batch 248 done
batch 249 done
batch 250 done
batch 251 done
batch 252 done
batch 253 done
batch 254 done
batch 255 done
batch 256 done
batch 257 done
batch 258 done
batch 259 done
batch 260 done
batch 261 done
batch 262 done
batch 263 done
batch 264 done
batch 265 done
batch 266 done
batch 267 done
batch 268 done
batch 269 done
batch 270 done
batch 271 done
batch 272 done
batch 273 done
batch 274 done
batch 275 done
batch 276 done
batch 277 done
batch 278 done
batch 279 done
batch 280 done
batch 281 done
batch 282 done
batch 283 done
batch 284 done
batch 285 done
batch 286 done
batch 287 done
batch 288 done
batch 289 done
batch 290 done
batch 291 done
slurmstepd: error: *** JOB 81405 ON comp001 CANCELLED AT 2020-08-05T18:35:07 ***
