2020-08-05 18:38:27.068495: I tensorflow/core/platform/cpu_feature_guard.cc:141] Your CPU supports instructions that this TensorFlow binary was not compiled to use: SSE4.1 SSE4.2 AVX AVX2 FMA
2020-08-05 18:38:31.958836: I tensorflow/core/common_runtime/gpu/gpu_device.cc:1432] Found device 0 with properties: 
name: Tesla K80 major: 3 minor: 7 memoryClockRate(GHz): 0.8235
pciBusID: 0000:06:00.0
totalMemory: 11.17GiB freeMemory: 11.11GiB
2020-08-05 18:38:31.958944: I tensorflow/core/common_runtime/gpu/gpu_device.cc:1511] Adding visible gpu devices: 0
2020-08-05 18:38:32.287412: I tensorflow/core/common_runtime/gpu/gpu_device.cc:982] Device interconnect StreamExecutor with strength 1 edge matrix:
2020-08-05 18:38:32.287539: I tensorflow/core/common_runtime/gpu/gpu_device.cc:988]      0 
2020-08-05 18:38:32.287563: I tensorflow/core/common_runtime/gpu/gpu_device.cc:1001] 0:   N 
2020-08-05 18:38:32.287682: I tensorflow/core/common_runtime/gpu/gpu_device.cc:1115] Created TensorFlow device (/job:localhost/replica:0/task:0/device:GPU:0 with 10761 MB memory) -> physical GPU (device: 0, name: Tesla K80, pci bus id: 0000:06:00.0, compute capability: 3.7)
<<<<<<< HEAD
  0%|          | 0/233 [00:00<?, ?it/s]
=======
  0%|          | 0/233 [00:00<?, ?it/s]
>>>>>>> 6ada49325eeb9e2b15dc74af8b738fbfb4a557dc
epoch: 0 lr:  1e-05 loss: 172.01448


| aeropl | bicycl |   bird |   boat | bottle |    bus |    car |    cat |  chair |    cow | dining |    dog |  horse | motorb | person | potted |  sheep |   sofa |  train | tvmoni |
|--------|--------|--------|--------|--------|--------|--------|--------|--------|--------|--------|--------|--------|--------|--------|--------|--------|--------|--------|--------|
| 0.0000 | 0.0000 | 0.0000 | 0.0000 | 0.0000 | 0.0000 | 0.0000 | 0.0000 | 0.0000 | 0.0000 | 0.0000 | 0.0000 | 0.0000 | 0.0000 | 0.0000 | 0.0000 | 0.0000 | 0.0000 | 0.0000 | 0.0000 |
Mean = 0.0000


| aeropl | bicycl |   bird |   boat | bottle |    bus |    car |    cat |  chair |    cow | dining |    dog |  horse | motorb | person | potted |  sheep |   sofa |  train | tvmoni |
|--------|--------|--------|--------|--------|--------|--------|--------|--------|--------|--------|--------|--------|--------|--------|--------|--------|--------|--------|--------|
| 0.0000 | 0.0000 | 0.0000 | 0.0000 | 0.0000 | 0.0000 | 0.0000 | 0.0000 | 0.0000 | 0.0000 | 0.0000 | 0.0000 | 0.0000 | 0.0000 | 0.0000 | 0.0000 | 0.0000 | 0.0000 | 0.0000 | 0.0000 |
Mean = 0.0000


highest training accuacy: 0.0 at epoch: 0 

=================================================================================================================================================================================
<<<<<<< HEAD
  0%|          | 1/233 [11:30<44:29:49, 690.47s/it]sqrt err 
=======
  0%|          | 1/233 [11:30<44:29:49, 690.47s/it]sqrt err 
>>>>>>> 6ada49325eeb9e2b15dc74af8b738fbfb4a557dc
  [58.6412080557293, 375, 44.425157617976744, 375.0, 19.0]

epoch: 1 lr:  1e-04 loss: 66.57504


| aeropl | bicycl |   bird |   boat | bottle |    bus |    car |    cat |  chair |    cow | dining |    dog |  horse | motorb | person | potted |  sheep |   sofa |  train | tvmoni |
|--------|--------|--------|--------|--------|--------|--------|--------|--------|--------|--------|--------|--------|--------|--------|--------|--------|--------|--------|--------|
| 0.0000 | 0.0000 | 0.0000 | 0.0000 | 0.0000 | 0.0000 | 0.0000 | 0.0000 | 0.0000 | 0.0000 | 0.0000 | 0.0000 | 0.0000 | 0.0000 | 0.0000 | 0.0000 | 0.0000 | 0.0000 | 0.0000 | 0.0000 |
Mean = 0.0000


| aeropl | bicycl |   bird |   boat | bottle |    bus |    car |    cat |  chair |    cow | dining |    dog |  horse | motorb | person | potted |  sheep |   sofa |  train | tvmoni |
|--------|--------|--------|--------|--------|--------|--------|--------|--------|--------|--------|--------|--------|--------|--------|--------|--------|--------|--------|--------|
| 0.0000 | 0.0000 | 0.0000 | 0.0000 | 0.0000 | 0.0000 | 0.0000 | 0.0000 | 0.0000 | 0.0000 | 0.0000 | 0.0000 | 0.0000 | 0.0000 | 0.0000 | 0.0000 | 0.0000 | 0.0000 | 0.0000 | 0.0000 |
Mean = 0.0000


highest training accuacy: 0.0 at epoch: 0 

=================================================================================================================================================================================
<<<<<<< HEAD
  1%|          | 2/233 [22:49<44:05:17, 687.09s/it]
=======
  1%|          | 2/233 [22:49<44:05:17, 687.09s/it]
>>>>>>> 6ada49325eeb9e2b15dc74af8b738fbfb4a557dc
epoch: 2 lr:  0.001 loss: 19.399725


| aeropl | bicycl |   bird |   boat | bottle |    bus |    car |    cat |  chair |    cow | dining |    dog |  horse | motorb | person | potted |  sheep |   sofa |  train | tvmoni |
|--------|--------|--------|--------|--------|--------|--------|--------|--------|--------|--------|--------|--------|--------|--------|--------|--------|--------|--------|--------|
| 0.0000 | 0.0000 | 0.0000 | 0.0000 | 0.0000 | 0.0000 | 0.0000 | 0.0000 | 0.0000 | 0.0000 | 0.0000 | 0.0000 | 0.0000 | 0.0000 | 0.0000 | 0.0000 | 0.0000 | 0.0000 | 0.0000 | 0.0000 |
Mean = 0.0000


| aeropl | bicycl |   bird |   boat | bottle |    bus |    car |    cat |  chair |    cow | dining |    dog |  horse | motorb | person | potted |  sheep |   sofa |  train | tvmoni |
|--------|--------|--------|--------|--------|--------|--------|--------|--------|--------|--------|--------|--------|--------|--------|--------|--------|--------|--------|--------|
| 0.0000 | 0.0000 | 0.0000 | 0.0000 | 0.0000 | 0.0000 | 0.0000 | 0.0000 | 0.0000 | 0.0000 | 0.0000 | 0.0000 | 0.0000 | 0.0000 | 0.0000 | 0.0000 | 0.0000 | 0.0000 | 0.0000 | 0.0000 |
Mean = 0.0000


highest training accuacy: 0.0 at epoch: 0 

=================================================================================================================================================================================
<<<<<<< HEAD
  1%|▏         | 3/233 [34:10<43:46:10, 685.09s/it]sqrt err 
=======
  1%|▏         | 3/233 [34:10<43:46:10, 685.09s/it]sqrt err 
>>>>>>> 6ada49325eeb9e2b15dc74af8b738fbfb4a557dc
  [500, 0.0, 497.36256283123447, 0, 14.0]
sqrt err 
  [43.34889804658952, 375, 21.213290533437426, 375.0, 6.0]

epoch: 3 lr:  0.001 loss: 17.752096


| aeropl | bicycl |   bird |   boat | bottle |    bus |    car |    cat |  chair |    cow | dining |    dog |  horse | motorb | person | potted |  sheep |   sofa |  train | tvmoni |
|--------|--------|--------|--------|--------|--------|--------|--------|--------|--------|--------|--------|--------|--------|--------|--------|--------|--------|--------|--------|
| 0.0000 | 0.0000 | 0.0000 | 0.0000 | 0.0000 | 0.0000 | 0.0000 | 0.0000 | 0.0000 | 0.0000 | 0.0000 | 0.0000 | 0.0000 | 0.0000 | 0.0545 | 0.0000 | 0.0000 | 0.0000 | 0.0000 | 0.0000 |
Mean = 0.0027


| aeropl | bicycl |   bird |   boat | bottle |    bus |    car |    cat |  chair |    cow | dining |    dog |  horse | motorb | person | potted |  sheep |   sofa |  train | tvmoni |
|--------|--------|--------|--------|--------|--------|--------|--------|--------|--------|--------|--------|--------|--------|--------|--------|--------|--------|--------|--------|
| 0.0000 | 0.0000 | 0.0000 | 0.0000 | 0.0000 | 0.0000 | 0.0000 | 0.0000 | 0.0000 | 0.0000 | 0.0000 | 0.0000 | 0.0000 | 0.0000 | 0.0909 | 0.0000 | 0.0000 | 0.0000 | 0.0000 | 0.0000 |
Mean = 0.0045


highest training accuacy: 0.0045 at epoch: 3 

=================================================================================================================================================================================
<<<<<<< HEAD
  2%|▏         | 4/233 [45:30<43:29:44, 683.77s/it]
=======
  2%|▏         | 4/233 [45:30<43:29:44, 683.77s/it]
>>>>>>> 6ada49325eeb9e2b15dc74af8b738fbfb4a557dc
epoch: 4 lr:  0.001 loss: 16.010674


| aeropl | bicycl |   bird |   boat | bottle |    bus |    car |    cat |  chair |    cow | dining |    dog |  horse | motorb | person | potted |  sheep |   sofa |  train | tvmoni |
|--------|--------|--------|--------|--------|--------|--------|--------|--------|--------|--------|--------|--------|--------|--------|--------|--------|--------|--------|--------|
| 0.0000 | 0.0000 | 0.0000 | 0.0000 | 0.0000 | 0.0000 | 0.0000 | 0.0000 | 0.0000 | 0.0000 | 0.0000 | 0.0000 | 0.0000 | 0.0000 | 0.0828 | 0.0000 | 0.0000 | 0.0000 | 0.0000 | 0.0000 |
Mean = 0.0041


| aeropl | bicycl |   bird |   boat | bottle |    bus |    car |    cat |  chair |    cow | dining |    dog |  horse | motorb | person | potted |  sheep |   sofa |  train | tvmoni |
|--------|--------|--------|--------|--------|--------|--------|--------|--------|--------|--------|--------|--------|--------|--------|--------|--------|--------|--------|--------|
| 0.0000 | 0.0000 | 0.0000 | 0.0000 | 0.0000 | 0.0000 | 0.0000 | 0.0000 | 0.0000 | 0.0000 | 0.0000 | 0.0000 | 0.0000 | 0.0000 | 0.1236 | 0.0000 | 0.0000 | 0.0000 | 0.0000 | 0.0000 |
Mean = 0.0062


highest training accuacy: 0.0062 at epoch: 4 

=================================================================================================================================================================================
<<<<<<< HEAD
  2%|▏         | 5/233 [56:52<43:15:25, 683.00s/it]sqrt err 
=======
  2%|▏         | 5/233 [56:52<43:15:25, 683.00s/it]sqrt err 
>>>>>>> 6ada49325eeb9e2b15dc74af8b738fbfb4a557dc
  [65.98426496287256, 500, 50.949875477661095, 500.0, 8.0]

epoch: 5 lr:  0.001 loss: 14.782913


| aeropl | bicycl |   bird |   boat | bottle |    bus |    car |    cat |  chair |    cow | dining |    dog |  horse | motorb | person | potted |  sheep |   sofa |  train | tvmoni |
|--------|--------|--------|--------|--------|--------|--------|--------|--------|--------|--------|--------|--------|--------|--------|--------|--------|--------|--------|--------|
| 0.0000 | 0.0000 | 0.0000 | 0.0000 | 0.0000 | 0.0000 | 0.0909 | 0.0000 | 0.0000 | 0.0000 | 0.0000 | 0.0000 | 0.0000 | 0.0000 | 0.0883 | 0.0000 | 0.0000 | 0.0000 | 0.0000 | 0.0000 |
Mean = 0.0090


| aeropl | bicycl |   bird |   boat | bottle |    bus |    car |    cat |  chair |    cow | dining |    dog |  horse | motorb | person | potted |  sheep |   sofa |  train | tvmoni |
|--------|--------|--------|--------|--------|--------|--------|--------|--------|--------|--------|--------|--------|--------|--------|--------|--------|--------|--------|--------|
| 0.0000 | 0.0000 | 0.0000 | 0.0000 | 0.0000 | 0.0000 | 0.0909 | 0.1818 | 0.0000 | 0.0000 | 0.0000 | 0.0000 | 0.0000 | 0.0000 | 0.1116 | 0.0000 | 0.0000 | 0.0000 | 0.0000 | 0.0000 |
Mean = 0.0192


highest training accuacy: 0.0192 at epoch: 5 

=================================================================================================================================================================================
<<<<<<< HEAD
  3%|▎         | 6/233 [1:08:12<43:01:27, 682.32s/it]sqrt err 
=======
  3%|▎         | 6/233 [1:08:12<43:01:27, 682.32s/it]sqrt err 
>>>>>>> 6ada49325eeb9e2b15dc74af8b738fbfb4a557dc
  [437.554003824403, 0.0, 431.51282428442113, 0, 3.0]

epoch: 6 lr:  0.001 loss: 13.79324


| aeropl | bicycl |   bird |   boat | bottle |    bus |    car |    cat |  chair |    cow | dining |    dog |  horse | motorb | person | potted |  sheep |   sofa |  train | tvmoni |
|--------|--------|--------|--------|--------|--------|--------|--------|--------|--------|--------|--------|--------|--------|--------|--------|--------|--------|--------|--------|
| 0.1818 | 0.0000 | 0.0000 | 0.0000 | 0.0000 | 0.0000 | 0.0909 | 0.0000 | 0.0000 | 0.0000 | 0.0000 | 0.0000 | 0.1818 | 0.0000 | 0.0909 | 0.0000 | 0.0000 | 0.0000 | 0.0000 | 0.0000 |
Mean = 0.0273


| aeropl | bicycl |   bird |   boat | bottle |    bus |    car |    cat |  chair |    cow | dining |    dog |  horse | motorb | person | potted |  sheep |   sofa |  train | tvmoni |
|--------|--------|--------|--------|--------|--------|--------|--------|--------|--------|--------|--------|--------|--------|--------|--------|--------|--------|--------|--------|
| 0.0000 | 0.0000 | 0.0000 | 0.0000 | 0.0000 | 0.0000 | 0.0909 | 0.0000 | 0.0000 | 0.0000 | 0.0000 | 0.0000 | 0.0000 | 0.0000 | 0.0938 | 0.0000 | 0.0000 | 0.0000 | 0.0000 | 0.0000 |
Mean = 0.0092


highest training accuacy: 0.0192 at epoch: 5 

=================================================================================================================================================================================
<<<<<<< HEAD
  3%|▎         | 7/233 [1:19:32<42:46:43, 681.43s/it]
=======
  3%|▎         | 7/233 [1:19:32<42:46:43, 681.43s/it]
>>>>>>> 6ada49325eeb9e2b15dc74af8b738fbfb4a557dc
epoch: 7 lr:  0.001 loss: 13.049775


| aeropl | bicycl |   bird |   boat | bottle |    bus |    car |    cat |  chair |    cow | dining |    dog |  horse | motorb | person | potted |  sheep |   sofa |  train | tvmoni |
|--------|--------|--------|--------|--------|--------|--------|--------|--------|--------|--------|--------|--------|--------|--------|--------|--------|--------|--------|--------|
| 0.1818 | 0.0000 | 0.0000 | 0.0000 | 0.0000 | 0.0000 | 0.2727 | 0.0000 | 0.0000 | 0.0000 | 0.0000 | 0.0303 | 0.0000 | 0.0000 | 0.1088 | 0.0000 | 0.0000 | 0.0000 | 0.0909 | 0.0000 |
Mean = 0.0342


| aeropl | bicycl |   bird |   boat | bottle |    bus |    car |    cat |  chair |    cow | dining |    dog |  horse | motorb | person | potted |  sheep |   sofa |  train | tvmoni |
|--------|--------|--------|--------|--------|--------|--------|--------|--------|--------|--------|--------|--------|--------|--------|--------|--------|--------|--------|--------|
| 0.0000 | 0.0000 | 0.0000 | 0.0000 | 0.0000 | 0.0000 | 0.0909 | 0.0000 | 0.0000 | 0.0000 | 0.0000 | 0.0000 | 0.0000 | 0.0000 | 0.1023 | 0.0000 | 0.0000 | 0.0000 | 0.1818 | 0.0000 |
Mean = 0.0187


highest training accuacy: 0.0192 at epoch: 5 

=================================================================================================================================================================================
<<<<<<< HEAD
  3%|▎         | 8/233 [1:30:52<42:34:29, 681.20s/it]sqrt err 
=======
  3%|▎         | 8/233 [1:30:52<42:34:29, 681.20s/it]sqrt err 
>>>>>>> 6ada49325eeb9e2b15dc74af8b738fbfb4a557dc
  [3.954256992968873, 500, 0, 500.0, 4.0]

epoch: 8 lr:  0.001 loss: 12.36717


| aeropl | bicycl |   bird |   boat | bottle |    bus |    car |    cat |  chair |    cow | dining |    dog |  horse | motorb | person | potted |  sheep |   sofa |  train | tvmoni |
|--------|--------|--------|--------|--------|--------|--------|--------|--------|--------|--------|--------|--------|--------|--------|--------|--------|--------|--------|--------|
| 0.0909 | 0.0227 | 0.0000 | 0.0000 | 0.0000 | 0.0000 | 0.3333 | 0.0000 | 0.0000 | 0.0000 | 1.0000 | 0.0000 | 0.0000 | 0.0000 | 0.1234 | 0.0000 | 0.0000 | 0.0000 | 0.0909 | 0.0000 |
Mean = 0.0831


| aeropl | bicycl |   bird |   boat | bottle |    bus |    car |    cat |  chair |    cow | dining |    dog |  horse | motorb | person | potted |  sheep |   sofa |  train | tvmoni |
|--------|--------|--------|--------|--------|--------|--------|--------|--------|--------|--------|--------|--------|--------|--------|--------|--------|--------|--------|--------|
| 0.0000 | 0.0273 | 0.0000 | 0.0000 | 0.0000 | 0.0000 | 0.2468 | 0.0000 | 0.0000 | 0.0000 | 0.0000 | 0.0000 | 0.0000 | 0.0000 | 0.0798 | 0.0000 | 0.0000 | 0.0000 | 0.3636 | 0.0000 |
Mean = 0.0359


highest training accuacy: 0.0359 at epoch: 8 

=================================================================================================================================================================================
<<<<<<< HEAD
  4%|▍         | 9/233 [1:42:12<42:21:29, 680.76s/it]
=======
  4%|▍         | 9/233 [1:42:12<42:21:29, 680.76s/it]
>>>>>>> 6ada49325eeb9e2b15dc74af8b738fbfb4a557dc
epoch: 9 lr:  0.001 loss: 11.804066


| aeropl | bicycl |   bird |   boat | bottle |    bus |    car |    cat |  chair |    cow | dining |    dog |  horse | motorb | person | potted |  sheep |   sofa |  train | tvmoni |
|--------|--------|--------|--------|--------|--------|--------|--------|--------|--------|--------|--------|--------|--------|--------|--------|--------|--------|--------|--------|
| 0.0909 | 0.0000 | 0.0000 | 0.0000 | 0.0000 | 0.0000 | 0.2727 | 0.0000 | 0.0000 | 0.0000 | 0.0000 | 0.2565 | 0.1818 | 0.0000 | 0.0855 | 0.0000 | 0.0000 | 0.0000 | 0.0364 | 0.1818 |
Mean = 0.0553


| aeropl | bicycl |   bird |   boat | bottle |    bus |    car |    cat |  chair |    cow | dining |    dog |  horse | motorb | person | potted |  sheep |   sofa |  train | tvmoni |
|--------|--------|--------|--------|--------|--------|--------|--------|--------|--------|--------|--------|--------|--------|--------|--------|--------|--------|--------|--------|
| 0.0000 | 0.0000 | 0.0000 | 0.0000 | 0.0000 | 0.0000 | 0.1636 | 0.0000 | 0.0000 | 0.0000 | 0.0000 | 0.0606 | 0.4545 | 0.0000 | 0.1148 | 0.0000 | 0.0000 | 0.0000 | 0.3636 | 0.0000 |
Mean = 0.0579


highest training accuacy: 0.0579 at epoch: 9 

=================================================================================================================================================================================
<<<<<<< HEAD
  4%|▍         | 10/233 [1:53:33<42:10:37, 680.89s/it]
=======
  4%|▍         | 10/233 [1:53:33<42:10:37, 680.89s/it]
>>>>>>> 6ada49325eeb9e2b15dc74af8b738fbfb4a557dc
epoch: 10 lr:  0.001 loss: 11.32453


| aeropl | bicycl |   bird |   boat | bottle |    bus |    car |    cat |  chair |    cow | dining |    dog |  horse | motorb | person | potted |  sheep |   sofa |  train | tvmoni |
|--------|--------|--------|--------|--------|--------|--------|--------|--------|--------|--------|--------|--------|--------|--------|--------|--------|--------|--------|--------|
| 0.0606 | 0.0000 | 0.0000 | 0.0000 | 0.0000 | 0.0000 | 0.2727 | 0.0000 | 0.0000 | 0.0000 | 0.0000 | 0.0000 | 0.1818 | 0.0000 | 0.1307 | 0.0000 | 0.0000 | 0.0000 | 0.1818 | 0.1818 |
Mean = 0.0505


| aeropl | bicycl |   bird |   boat | bottle |    bus |    car |    cat |  chair |    cow | dining |    dog |  horse | motorb | person | potted |  sheep |   sofa |  train | tvmoni |
|--------|--------|--------|--------|--------|--------|--------|--------|--------|--------|--------|--------|--------|--------|--------|--------|--------|--------|--------|--------|
| 0.0000 | 0.0000 | 0.0000 | 0.0000 | 0.0000 | 0.0000 | 0.1818 | 0.2424 | 0.0000 | 0.0000 | 0.0000 | 0.0000 | 0.2727 | 0.0000 | 0.1364 | 0.0000 | 0.0000 | 0.0000 | 0.1818 | 0.0000 |
Mean = 0.0508


highest training accuacy: 0.0579 at epoch: 9 

=================================================================================================================================================================================
<<<<<<< HEAD
  5%|▍         | 11/233 [2:04:52<41:57:15, 680.34s/it]
=======
  5%|▍         | 11/233 [2:04:52<41:57:15, 680.34s/it]
>>>>>>> 6ada49325eeb9e2b15dc74af8b738fbfb4a557dc
epoch: 11 lr:  0.001 loss: 10.9092045


| aeropl | bicycl |   bird |   boat | bottle |    bus |    car |    cat |  chair |    cow | dining |    dog |  horse | motorb | person | potted |  sheep |   sofa |  train | tvmoni |
|--------|--------|--------|--------|--------|--------|--------|--------|--------|--------|--------|--------|--------|--------|--------|--------|--------|--------|--------|--------|
| 0.2727 | 0.1818 | 0.0000 | 0.0000 | 0.0000 | 0.0000 | 0.2121 | 0.0000 | 0.0000 | 0.0000 | 0.0000 | 0.0455 | 0.1818 | 0.0682 | 0.1185 | 0.0000 | 0.0000 | 0.0000 | 0.0000 | 0.1818 |
Mean = 0.0631


| aeropl | bicycl |   bird |   boat | bottle |    bus |    car |    cat |  chair |    cow | dining |    dog |  horse | motorb | person | potted |  sheep |   sofa |  train | tvmoni |
|--------|--------|--------|--------|--------|--------|--------|--------|--------|--------|--------|--------|--------|--------|--------|--------|--------|--------|--------|--------|
| 0.1364 | 0.0000 | 0.0000 | 0.0000 | 0.0000 | 0.0000 | 0.1818 | 0.1818 | 0.0909 | 0.0000 | 0.0000 | 0.0000 | 0.4545 | 0.1364 | 0.1390 | 0.0000 | 0.0000 | 0.0000 | 0.1818 | 0.0000 |
Mean = 0.0751


highest training accuacy: 0.0751 at epoch: 11 

=================================================================================================================================================================================
<<<<<<< HEAD
  5%|▌         | 12/233 [2:16:13<41:46:07, 680.40s/it]sqrt err 
=======
  5%|▌         | 12/233 [2:16:13<41:46:07, 680.40s/it]sqrt err 
>>>>>>> 6ada49325eeb9e2b15dc74af8b738fbfb4a557dc
  [48.280001759247114, 375, 22.77358573549392, 375.0, 14.0]

epoch: 12 lr:  0.001 loss: 10.542634


| aeropl | bicycl |   bird |   boat | bottle |    bus |    car |    cat |  chair |    cow | dining |    dog |  horse | motorb | person | potted |  sheep |   sofa |  train | tvmoni |
|--------|--------|--------|--------|--------|--------|--------|--------|--------|--------|--------|--------|--------|--------|--------|--------|--------|--------|--------|--------|
| 0.3636 | 0.0000 | 0.0000 | 0.0000 | 0.0000 | 0.0000 | 0.2727 | 0.0000 | 0.0000 | 0.0000 | 0.0000 | 0.0000 | 0.0606 | 0.0000 | 0.1938 | 0.0000 | 0.0000 | 0.0000 | 0.1818 | 0.1818 |
Mean = 0.0627


| aeropl | bicycl |   bird |   boat | bottle |    bus |    car |    cat |  chair |    cow | dining |    dog |  horse | motorb | person | potted |  sheep |   sofa |  train | tvmoni |
|--------|--------|--------|--------|--------|--------|--------|--------|--------|--------|--------|--------|--------|--------|--------|--------|--------|--------|--------|--------|
| 0.0000 | 0.0000 | 0.0000 | 0.0000 | 0.0000 | 0.0000 | 0.1818 | 0.0000 | 0.0000 | 0.0000 | 0.0000 | 0.0000 | 0.4545 | 0.0000 | 0.1521 | 0.0000 | 0.0000 | 0.0000 | 0.1818 | 0.0000 |
Mean = 0.0485


highest training accuacy: 0.0751 at epoch: 11 

=================================================================================================================================================================================
<<<<<<< HEAD
  6%|▌         | 13/233 [2:27:33<41:34:11, 680.23s/it]
=======
  6%|▌         | 13/233 [2:27:33<41:34:11, 680.23s/it]
>>>>>>> 6ada49325eeb9e2b15dc74af8b738fbfb4a557dc
epoch: 13 lr:  0.001 loss: 10.23505


| aeropl | bicycl |   bird |   boat | bottle |    bus |    car |    cat |  chair |    cow | dining |    dog |  horse | motorb | person | potted |  sheep |   sofa |  train | tvmoni |
|--------|--------|--------|--------|--------|--------|--------|--------|--------|--------|--------|--------|--------|--------|--------|--------|--------|--------|--------|--------|
| 0.3636 | 0.0000 | 0.0000 | 0.0000 | 0.0000 | 0.0000 | 0.2121 | 0.1818 | 0.0000 | 0.0000 | 0.0000 | 0.2045 | 0.2424 | 0.0273 | 0.1819 | 0.0000 | 0.0000 | 0.2045 | 0.0909 | 0.0000 |
Mean = 0.0855


| aeropl | bicycl |   bird |   boat | bottle |    bus |    car |    cat |  chair |    cow | dining |    dog |  horse | motorb | person | potted |  sheep |   sofa |  train | tvmoni |
|--------|--------|--------|--------|--------|--------|--------|--------|--------|--------|--------|--------|--------|--------|--------|--------|--------|--------|--------|--------|
| 0.0000 | 0.1364 | 0.0000 | 0.0000 | 0.0000 | 0.0000 | 0.2238 | 0.2727 | 0.0000 | 0.0000 | 0.2727 | 0.0000 | 0.5455 | 0.0000 | 0.1456 | 0.0000 | 0.0000 | 0.0000 | 0.1818 | 0.0000 |
Mean = 0.0889


highest training accuacy: 0.0889 at epoch: 13 

=================================================================================================================================================================================
<<<<<<< HEAD
  6%|▌         | 14/233 [2:38:52<41:22:28, 680.13s/it]
=======
  6%|▌         | 14/233 [2:38:52<41:22:28, 680.13s/it]
>>>>>>> 6ada49325eeb9e2b15dc74af8b738fbfb4a557dc
epoch: 14 lr:  0.001 loss: 9.986588


| aeropl | bicycl |   bird |   boat | bottle |    bus |    car |    cat |  chair |    cow | dining |    dog |  horse | motorb | person | potted |  sheep |   sofa |  train | tvmoni |
|--------|--------|--------|--------|--------|--------|--------|--------|--------|--------|--------|--------|--------|--------|--------|--------|--------|--------|--------|--------|
| 0.3636 | 0.0000 | 0.0909 | 0.1818 | 0.0000 | 0.0000 | 0.2576 | 0.0000 | 0.0000 | 0.0000 | 0.0000 | 0.1818 | 0.0000 | 0.0000 | 0.1342 | 0.0000 | 0.0000 | 0.0000 | 0.1818 | 0.0000 |
Mean = 0.0696


| aeropl | bicycl |   bird |   boat | bottle |    bus |    car |    cat |  chair |    cow | dining |    dog |  horse | motorb | person | potted |  sheep |   sofa |  train | tvmoni |
|--------|--------|--------|--------|--------|--------|--------|--------|--------|--------|--------|--------|--------|--------|--------|--------|--------|--------|--------|--------|
| 0.0000 | 0.1364 | 0.0000 | 0.0000 | 0.0000 | 0.0000 | 0.1818 | 0.1818 | 0.0000 | 0.0000 | 0.0000 | 0.0000 | 0.2727 | 0.1515 | 0.0922 | 0.0000 | 0.0000 | 0.0000 | 0.1818 | 0.0000 |
Mean = 0.0599


highest training accuacy: 0.0889 at epoch: 13 

=================================================================================================================================================================================
<<<<<<< HEAD
  6%|▋         | 15/233 [2:50:12<41:10:02, 679.83s/it]slurmstepd: error: *** JOB 81413 ON comp005 CANCELLED AT 2020-08-05T21:39:00 ***
=======
  6%|▋         | 15/233 [2:50:12<41:10:02, 679.83s/it]slurmstepd: error: *** JOB 81413 ON comp005 CANCELLED AT 2020-08-05T21:39:00 ***

>>>>>>> 6ada49325eeb9e2b15dc74af8b738fbfb4a557dc
