2020-08-08 02:16:27.105300: I tensorflow/core/platform/cpu_feature_guard.cc:141] Your CPU supports instructions that this TensorFlow binary was not compiled to use: SSE4.1 SSE4.2 AVX AVX2 FMA
2020-08-08 02:16:31.989271: I tensorflow/core/common_runtime/gpu/gpu_device.cc:1432] Found device 0 with properties: 
name: Tesla K80 major: 3 minor: 7 memoryClockRate(GHz): 0.8235
pciBusID: 0000:06:00.0
totalMemory: 11.17GiB freeMemory: 11.11GiB
2020-08-08 02:16:31.989383: I tensorflow/core/common_runtime/gpu/gpu_device.cc:1511] Adding visible gpu devices: 0
2020-08-08 02:16:38.135926: I tensorflow/core/common_runtime/gpu/gpu_device.cc:982] Device interconnect StreamExecutor with strength 1 edge matrix:
2020-08-08 02:16:38.136077: I tensorflow/core/common_runtime/gpu/gpu_device.cc:988]      0 
2020-08-08 02:16:38.136104: I tensorflow/core/common_runtime/gpu/gpu_device.cc:1001] 0:   N 
2020-08-08 02:16:38.136240: I tensorflow/core/common_runtime/gpu/gpu_device.cc:1115] Created TensorFlow device (/job:localhost/replica:0/task:0/device:GPU:0 with 10761 MB memory) -> physical GPU (device: 0, name: Tesla K80, pci bus id: 0000:06:00.0, compute capability: 3.7)
  0%|          | 0/230 [00:00<?, ?it/s]
epoch: 3 lr:  0.001 loss: 14.601752


| aeropl | bicycl |   bird |   boat | bottle |    bus |    car |    cat |  chair |    cow | dining |    dog |  horse | motorb | person | potted |  sheep |   sofa |  train | tvmoni |
|--------|--------|--------|--------|--------|--------|--------|--------|--------|--------|--------|--------|--------|--------|--------|--------|--------|--------|--------|--------|
| 0.0407 | 0.0909 | 0.0455 | 0.0000 | 0.0000 | 0.0909 | 0.1321 | 0.0909 | 0.0000 | 0.0000 | 0.0303 | 0.0404 | 0.0364 | 0.0260 | 0.0909 | 0.0000 | 0.0000 | 0.0455 | 0.0909 | 0.0000 |
Mean = 0.0426


| aeropl | bicycl |   bird |   boat | bottle |    bus |    car |    cat |  chair |    cow | dining |    dog |  horse | motorb | person | potted |  sheep |   sofa |  train | tvmoni |
|--------|--------|--------|--------|--------|--------|--------|--------|--------|--------|--------|--------|--------|--------|--------|--------|--------|--------|--------|--------|
| 0.0909 | 0.0909 | 0.0455 | 0.0000 | 0.0000 | 0.0606 | 0.1305 | 0.0196 | 0.0000 | 0.0000 | 0.0117 | 0.0212 | 0.0190 | 0.0455 | 0.0909 | 0.0000 | 0.0000 | 0.0455 | 0.0588 | 0.0000 |
Mean = 0.0365


highest val accuacy: 0.0365 at epoch: 3 

=================================================================================================================================================================================
  0%|          | 1/230 [28:00<106:54:53, 1680.76s/it]
epoch: 4 lr:  0.001 loss: 13.397271


| aeropl | bicycl |   bird |   boat | bottle |    bus |    car |    cat |  chair |    cow | dining |    dog |  horse | motorb | person | potted |  sheep |   sofa |  train | tvmoni |
|--------|--------|--------|--------|--------|--------|--------|--------|--------|--------|--------|--------|--------|--------|--------|--------|--------|--------|--------|--------|
| 0.0202 | 0.0909 | 0.0096 | 0.0130 | 0.0000 | 0.0909 | 0.1092 | 0.1427 | 0.0455 | 0.0000 | 0.0121 | 0.0303 | 0.0227 | 0.0249 | 0.1246 | 0.0000 | 0.0000 | 0.0228 | 0.0909 | 0.0000 |
Mean = 0.0425


| aeropl | bicycl |   bird |   boat | bottle |    bus |    car |    cat |  chair |    cow | dining |    dog |  horse | motorb | person | potted |  sheep |   sofa |  train | tvmoni |
|--------|--------|--------|--------|--------|--------|--------|--------|--------|--------|--------|--------|--------|--------|--------|--------|--------|--------|--------|--------|
| 0.0084 | 0.0909 | 0.0114 | 0.0909 | 0.0053 | 0.0455 | 0.1143 | 0.1554 | 0.0144 | 0.0000 | 0.0909 | 0.0455 | 0.0260 | 0.0311 | 0.0905 | 0.0000 | 0.0000 | 0.0269 | 0.0909 | 0.0000 |
Mean = 0.0469


highest val accuacy: 0.0469 at epoch: 4 

=================================================================================================================================================================================
  1%|          | 2/230 [52:40<102:38:00, 1620.53s/it]
epoch: 5 lr:  0.001 loss: nan


| aeropl | bicycl |   bird |   boat | bottle |    bus |    car |    cat |  chair |    cow | dining |    dog |  horse | motorb | person | potted |  sheep |   sofa |  train | tvmoni |
|--------|--------|--------|--------|--------|--------|--------|--------|--------|--------|--------|--------|--------|--------|--------|--------|--------|--------|--------|--------|
| 0.0000 | 0.0000 | 0.0000 | 0.0000 | 0.0000 | 0.0000 | 0.0000 | 0.0000 | 0.0000 | 0.0000 | 0.0000 | 0.0000 | 0.0000 | 0.0000 | 0.0000 | 0.0000 | 0.0000 | 0.0000 | 0.0000 | 0.0000 |
Mean = 0.0000


| aeropl | bicycl |   bird |   boat | bottle |    bus |    car |    cat |  chair |    cow | dining |    dog |  horse | motorb | person | potted |  sheep |   sofa |  train | tvmoni |
|--------|--------|--------|--------|--------|--------|--------|--------|--------|--------|--------|--------|--------|--------|--------|--------|--------|--------|--------|--------|
| 0.0000 | 0.0000 | 0.0000 | 0.0000 | 0.0000 | 0.0000 | 0.0000 | 0.0000 | 0.0000 | 0.0000 | 0.0000 | 0.0000 | 0.0000 | 0.0000 | 0.0000 | 0.0000 | 0.0000 | 0.0000 | 0.0000 | 0.0000 |
Mean = 0.0000


highest val accuacy: 0.0469 at epoch: 4 

=================================================================================================================================================================================
  1%|▏         | 3/230 [1:16:49<98:55:58, 1568.98s/it]
epoch: 6 lr:  0.001 loss: nan


| aeropl | bicycl |   bird |   boat | bottle |    bus |    car |    cat |  chair |    cow | dining |    dog |  horse | motorb | person | potted |  sheep |   sofa |  train | tvmoni |
|--------|--------|--------|--------|--------|--------|--------|--------|--------|--------|--------|--------|--------|--------|--------|--------|--------|--------|--------|--------|
| 0.0000 | 0.0000 | 0.0000 | 0.0000 | 0.0000 | 0.0000 | 0.0000 | 0.0000 | 0.0000 | 0.0000 | 0.0000 | 0.0000 | 0.0000 | 0.0000 | 0.0000 | 0.0000 | 0.0000 | 0.0000 | 0.0000 | 0.0000 |
Mean = 0.0000


| aeropl | bicycl |   bird |   boat | bottle |    bus |    car |    cat |  chair |    cow | dining |    dog |  horse | motorb | person | potted |  sheep |   sofa |  train | tvmoni |
|--------|--------|--------|--------|--------|--------|--------|--------|--------|--------|--------|--------|--------|--------|--------|--------|--------|--------|--------|--------|
| 0.0000 | 0.0000 | 0.0000 | 0.0000 | 0.0000 | 0.0000 | 0.0000 | 0.0000 | 0.0000 | 0.0000 | 0.0000 | 0.0000 | 0.0000 | 0.0000 | 0.0000 | 0.0000 | 0.0000 | 0.0000 | 0.0000 | 0.0000 |
Mean = 0.0000


highest val accuacy: 0.0469 at epoch: 4 

=================================================================================================================================================================================
  2%|▏         | 4/230 [1:40:48<96:02:37, 1529.90s/it]
epoch: 7 lr:  0.001 loss: nan


| aeropl | bicycl |   bird |   boat | bottle |    bus |    car |    cat |  chair |    cow | dining |    dog |  horse | motorb | person | potted |  sheep |   sofa |  train | tvmoni |
|--------|--------|--------|--------|--------|--------|--------|--------|--------|--------|--------|--------|--------|--------|--------|--------|--------|--------|--------|--------|
| 0.0000 | 0.0000 | 0.0000 | 0.0000 | 0.0000 | 0.0000 | 0.0000 | 0.0000 | 0.0000 | 0.0000 | 0.0000 | 0.0000 | 0.0000 | 0.0000 | 0.0000 | 0.0000 | 0.0000 | 0.0000 | 0.0000 | 0.0000 |
Mean = 0.0000


| aeropl | bicycl |   bird |   boat | bottle |    bus |    car |    cat |  chair |    cow | dining |    dog |  horse | motorb | person | potted |  sheep |   sofa |  train | tvmoni |
|--------|--------|--------|--------|--------|--------|--------|--------|--------|--------|--------|--------|--------|--------|--------|--------|--------|--------|--------|--------|
| 0.0000 | 0.0000 | 0.0000 | 0.0000 | 0.0000 | 0.0000 | 0.0000 | 0.0000 | 0.0000 | 0.0000 | 0.0000 | 0.0000 | 0.0000 | 0.0000 | 0.0000 | 0.0000 | 0.0000 | 0.0000 | 0.0000 | 0.0000 |
Mean = 0.0000


highest val accuacy: 0.0469 at epoch: 4 

=================================================================================================================================================================================
  2%|▏         | 5/230 [2:04:48<93:56:51, 1503.16s/it]
epoch: 8 lr:  0.001 loss: nan


| aeropl | bicycl |   bird |   boat | bottle |    bus |    car |    cat |  chair |    cow | dining |    dog |  horse | motorb | person | potted |  sheep |   sofa |  train | tvmoni |
|--------|--------|--------|--------|--------|--------|--------|--------|--------|--------|--------|--------|--------|--------|--------|--------|--------|--------|--------|--------|
| 0.0000 | 0.0000 | 0.0000 | 0.0000 | 0.0000 | 0.0000 | 0.0000 | 0.0000 | 0.0000 | 0.0000 | 0.0000 | 0.0000 | 0.0000 | 0.0000 | 0.0000 | 0.0000 | 0.0000 | 0.0000 | 0.0000 | 0.0000 |
Mean = 0.0000


| aeropl | bicycl |   bird |   boat | bottle |    bus |    car |    cat |  chair |    cow | dining |    dog |  horse | motorb | person | potted |  sheep |   sofa |  train | tvmoni |
|--------|--------|--------|--------|--------|--------|--------|--------|--------|--------|--------|--------|--------|--------|--------|--------|--------|--------|--------|--------|
| 0.0000 | 0.0000 | 0.0000 | 0.0000 | 0.0000 | 0.0000 | 0.0000 | 0.0000 | 0.0000 | 0.0000 | 0.0000 | 0.0000 | 0.0000 | 0.0000 | 0.0000 | 0.0000 | 0.0000 | 0.0000 | 0.0000 | 0.0000 |
Mean = 0.0000


highest val accuacy: 0.0469 at epoch: 4 

=================================================================================================================================================================================
  3%|▎         | 6/230 [2:28:55<92:27:51, 1486.03s/it]
epoch: 9 lr:  0.001 loss: nan


| aeropl | bicycl |   bird |   boat | bottle |    bus |    car |    cat |  chair |    cow | dining |    dog |  horse | motorb | person | potted |  sheep |   sofa |  train | tvmoni |
|--------|--------|--------|--------|--------|--------|--------|--------|--------|--------|--------|--------|--------|--------|--------|--------|--------|--------|--------|--------|
| 0.0000 | 0.0000 | 0.0000 | 0.0000 | 0.0000 | 0.0000 | 0.0000 | 0.0000 | 0.0000 | 0.0000 | 0.0000 | 0.0000 | 0.0000 | 0.0000 | 0.0000 | 0.0000 | 0.0000 | 0.0000 | 0.0000 | 0.0000 |
Mean = 0.0000


| aeropl | bicycl |   bird |   boat | bottle |    bus |    car |    cat |  chair |    cow | dining |    dog |  horse | motorb | person | potted |  sheep |   sofa |  train | tvmoni |
|--------|--------|--------|--------|--------|--------|--------|--------|--------|--------|--------|--------|--------|--------|--------|--------|--------|--------|--------|--------|
| 0.0000 | 0.0000 | 0.0000 | 0.0000 | 0.0000 | 0.0000 | 0.0000 | 0.0000 | 0.0000 | 0.0000 | 0.0000 | 0.0000 | 0.0000 | 0.0000 | 0.0000 | 0.0000 | 0.0000 | 0.0000 | 0.0000 | 0.0000 |
Mean = 0.0000


highest val accuacy: 0.0469 at epoch: 4 

=================================================================================================================================================================================
  3%|▎         | 7/230 [2:53:00<91:18:00, 1473.90s/it]
epoch: 10 lr:  0.001 loss: nan


| aeropl | bicycl |   bird |   boat | bottle |    bus |    car |    cat |  chair |    cow | dining |    dog |  horse | motorb | person | potted |  sheep |   sofa |  train | tvmoni |
|--------|--------|--------|--------|--------|--------|--------|--------|--------|--------|--------|--------|--------|--------|--------|--------|--------|--------|--------|--------|
| 0.0000 | 0.0000 | 0.0000 | 0.0000 | 0.0000 | 0.0000 | 0.0000 | 0.0000 | 0.0000 | 0.0000 | 0.0000 | 0.0000 | 0.0000 | 0.0000 | 0.0000 | 0.0000 | 0.0000 | 0.0000 | 0.0000 | 0.0000 |
Mean = 0.0000


| aeropl | bicycl |   bird |   boat | bottle |    bus |    car |    cat |  chair |    cow | dining |    dog |  horse | motorb | person | potted |  sheep |   sofa |  train | tvmoni |
|--------|--------|--------|--------|--------|--------|--------|--------|--------|--------|--------|--------|--------|--------|--------|--------|--------|--------|--------|--------|
| 0.0000 | 0.0000 | 0.0000 | 0.0000 | 0.0000 | 0.0000 | 0.0000 | 0.0000 | 0.0000 | 0.0000 | 0.0000 | 0.0000 | 0.0000 | 0.0000 | 0.0000 | 0.0000 | 0.0000 | 0.0000 | 0.0000 | 0.0000 |
Mean = 0.0000


highest val accuacy: 0.0469 at epoch: 4 

=================================================================================================================================================================================
  3%|▎         | 8/230 [3:17:03<90:18:45, 1464.53s/it]
epoch: 11 lr:  0.0001 loss: nan


| aeropl | bicycl |   bird |   boat | bottle |    bus |    car |    cat |  chair |    cow | dining |    dog |  horse | motorb | person | potted |  sheep |   sofa |  train | tvmoni |
|--------|--------|--------|--------|--------|--------|--------|--------|--------|--------|--------|--------|--------|--------|--------|--------|--------|--------|--------|--------|
| 0.0000 | 0.0000 | 0.0000 | 0.0000 | 0.0000 | 0.0000 | 0.0000 | 0.0000 | 0.0000 | 0.0000 | 0.0000 | 0.0000 | 0.0000 | 0.0000 | 0.0000 | 0.0000 | 0.0000 | 0.0000 | 0.0000 | 0.0000 |
Mean = 0.0000


| aeropl | bicycl |   bird |   boat | bottle |    bus |    car |    cat |  chair |    cow | dining |    dog |  horse | motorb | person | potted |  sheep |   sofa |  train | tvmoni |
|--------|--------|--------|--------|--------|--------|--------|--------|--------|--------|--------|--------|--------|--------|--------|--------|--------|--------|--------|--------|
| 0.0000 | 0.0000 | 0.0000 | 0.0000 | 0.0000 | 0.0000 | 0.0000 | 0.0000 | 0.0000 | 0.0000 | 0.0000 | 0.0000 | 0.0000 | 0.0000 | 0.0000 | 0.0000 | 0.0000 | 0.0000 | 0.0000 | 0.0000 |
Mean = 0.0000


highest val accuacy: 0.0469 at epoch: 4 

=================================================================================================================================================================================
  4%|▍         | 9/230 [3:40:44<89:06:55, 1451.65s/it]
epoch: 12 lr:  0.0001 loss: nan


| aeropl | bicycl |   bird |   boat | bottle |    bus |    car |    cat |  chair |    cow | dining |    dog |  horse | motorb | person | potted |  sheep |   sofa |  train | tvmoni |
|--------|--------|--------|--------|--------|--------|--------|--------|--------|--------|--------|--------|--------|--------|--------|--------|--------|--------|--------|--------|
| 0.0000 | 0.0000 | 0.0000 | 0.0000 | 0.0000 | 0.0000 | 0.0000 | 0.0000 | 0.0000 | 0.0000 | 0.0000 | 0.0000 | 0.0000 | 0.0000 | 0.0000 | 0.0000 | 0.0000 | 0.0000 | 0.0000 | 0.0000 |
Mean = 0.0000


| aeropl | bicycl |   bird |   boat | bottle |    bus |    car |    cat |  chair |    cow | dining |    dog |  horse | motorb | person | potted |  sheep |   sofa |  train | tvmoni |
|--------|--------|--------|--------|--------|--------|--------|--------|--------|--------|--------|--------|--------|--------|--------|--------|--------|--------|--------|--------|
| 0.0000 | 0.0000 | 0.0000 | 0.0000 | 0.0000 | 0.0000 | 0.0000 | 0.0000 | 0.0000 | 0.0000 | 0.0000 | 0.0000 | 0.0000 | 0.0000 | 0.0000 | 0.0000 | 0.0000 | 0.0000 | 0.0000 | 0.0000 |
Mean = 0.0000


highest val accuacy: 0.0469 at epoch: 4 

=================================================================================================================================================================================
  4%|▍         | 10/230 [4:04:23<88:06:39, 1441.82s/it]
epoch: 13 lr:  0.0001 loss: nan


| aeropl | bicycl |   bird |   boat | bottle |    bus |    car |    cat |  chair |    cow | dining |    dog |  horse | motorb | person | potted |  sheep |   sofa |  train | tvmoni |
|--------|--------|--------|--------|--------|--------|--------|--------|--------|--------|--------|--------|--------|--------|--------|--------|--------|--------|--------|--------|
| 0.0000 | 0.0000 | 0.0000 | 0.0000 | 0.0000 | 0.0000 | 0.0000 | 0.0000 | 0.0000 | 0.0000 | 0.0000 | 0.0000 | 0.0000 | 0.0000 | 0.0000 | 0.0000 | 0.0000 | 0.0000 | 0.0000 | 0.0000 |
Mean = 0.0000


| aeropl | bicycl |   bird |   boat | bottle |    bus |    car |    cat |  chair |    cow | dining |    dog |  horse | motorb | person | potted |  sheep |   sofa |  train | tvmoni |
|--------|--------|--------|--------|--------|--------|--------|--------|--------|--------|--------|--------|--------|--------|--------|--------|--------|--------|--------|--------|
| 0.0000 | 0.0000 | 0.0000 | 0.0000 | 0.0000 | 0.0000 | 0.0000 | 0.0000 | 0.0000 | 0.0000 | 0.0000 | 0.0000 | 0.0000 | 0.0000 | 0.0000 | 0.0000 | 0.0000 | 0.0000 | 0.0000 | 0.0000 |
Mean = 0.0000


highest val accuacy: 0.0469 at epoch: 4 

=================================================================================================================================================================================
  5%|▍         | 11/230 [4:28:00<87:14:47, 1434.19s/it]
epoch: 14 lr:  0.0001 loss: nan


| aeropl | bicycl |   bird |   boat | bottle |    bus |    car |    cat |  chair |    cow | dining |    dog |  horse | motorb | person | potted |  sheep |   sofa |  train | tvmoni |
|--------|--------|--------|--------|--------|--------|--------|--------|--------|--------|--------|--------|--------|--------|--------|--------|--------|--------|--------|--------|
| 0.0000 | 0.0000 | 0.0000 | 0.0000 | 0.0000 | 0.0000 | 0.0000 | 0.0000 | 0.0000 | 0.0000 | 0.0000 | 0.0000 | 0.0000 | 0.0000 | 0.0000 | 0.0000 | 0.0000 | 0.0000 | 0.0000 | 0.0000 |
Mean = 0.0000


| aeropl | bicycl |   bird |   boat | bottle |    bus |    car |    cat |  chair |    cow | dining |    dog |  horse | motorb | person | potted |  sheep |   sofa |  train | tvmoni |
|--------|--------|--------|--------|--------|--------|--------|--------|--------|--------|--------|--------|--------|--------|--------|--------|--------|--------|--------|--------|
| 0.0000 | 0.0000 | 0.0000 | 0.0000 | 0.0000 | 0.0000 | 0.0000 | 0.0000 | 0.0000 | 0.0000 | 0.0000 | 0.0000 | 0.0000 | 0.0000 | 0.0000 | 0.0000 | 0.0000 | 0.0000 | 0.0000 | 0.0000 |
Mean = 0.0000


highest val accuacy: 0.0469 at epoch: 4 

=================================================================================================================================================================================
  5%|▌         | 12/230 [4:51:38<86:33:19, 1429.35s/it]
epoch: 15 lr:  0.0001 loss: nan


| aeropl | bicycl |   bird |   boat | bottle |    bus |    car |    cat |  chair |    cow | dining |    dog |  horse | motorb | person | potted |  sheep |   sofa |  train | tvmoni |
|--------|--------|--------|--------|--------|--------|--------|--------|--------|--------|--------|--------|--------|--------|--------|--------|--------|--------|--------|--------|
| 0.0000 | 0.0000 | 0.0000 | 0.0000 | 0.0000 | 0.0000 | 0.0000 | 0.0000 | 0.0000 | 0.0000 | 0.0000 | 0.0000 | 0.0000 | 0.0000 | 0.0000 | 0.0000 | 0.0000 | 0.0000 | 0.0000 | 0.0000 |
Mean = 0.0000


| aeropl | bicycl |   bird |   boat | bottle |    bus |    car |    cat |  chair |    cow | dining |    dog |  horse | motorb | person | potted |  sheep |   sofa |  train | tvmoni |
|--------|--------|--------|--------|--------|--------|--------|--------|--------|--------|--------|--------|--------|--------|--------|--------|--------|--------|--------|--------|
| 0.0000 | 0.0000 | 0.0000 | 0.0000 | 0.0000 | 0.0000 | 0.0000 | 0.0000 | 0.0000 | 0.0000 | 0.0000 | 0.0000 | 0.0000 | 0.0000 | 0.0000 | 0.0000 | 0.0000 | 0.0000 | 0.0000 | 0.0000 |
Mean = 0.0000


highest val accuacy: 0.0469 at epoch: 4 

=================================================================================================================================================================================
  6%|▌         | 13/230 [5:15:15<85:56:12, 1425.68s/it]
epoch: 16 lr:  0.0001 loss: nan


| aeropl | bicycl |   bird |   boat | bottle |    bus |    car |    cat |  chair |    cow | dining |    dog |  horse | motorb | person | potted |  sheep |   sofa |  train | tvmoni |
|--------|--------|--------|--------|--------|--------|--------|--------|--------|--------|--------|--------|--------|--------|--------|--------|--------|--------|--------|--------|
| 0.0000 | 0.0000 | 0.0000 | 0.0000 | 0.0000 | 0.0000 | 0.0000 | 0.0000 | 0.0000 | 0.0000 | 0.0000 | 0.0000 | 0.0000 | 0.0000 | 0.0000 | 0.0000 | 0.0000 | 0.0000 | 0.0000 | 0.0000 |
Mean = 0.0000


| aeropl | bicycl |   bird |   boat | bottle |    bus |    car |    cat |  chair |    cow | dining |    dog |  horse | motorb | person | potted |  sheep |   sofa |  train | tvmoni |
|--------|--------|--------|--------|--------|--------|--------|--------|--------|--------|--------|--------|--------|--------|--------|--------|--------|--------|--------|--------|
| 0.0000 | 0.0000 | 0.0000 | 0.0000 | 0.0000 | 0.0000 | 0.0000 | 0.0000 | 0.0000 | 0.0000 | 0.0000 | 0.0000 | 0.0000 | 0.0000 | 0.0000 | 0.0000 | 0.0000 | 0.0000 | 0.0000 | 0.0000 |
Mean = 0.0000


highest val accuacy: 0.0469 at epoch: 4 

=================================================================================================================================================================================
  6%|▌         | 14/230 [5:38:53<85:23:55, 1423.31s/it]
epoch: 17 lr:  0.0001 loss: nan


| aeropl | bicycl |   bird |   boat | bottle |    bus |    car |    cat |  chair |    cow | dining |    dog |  horse | motorb | person | potted |  sheep |   sofa |  train | tvmoni |
|--------|--------|--------|--------|--------|--------|--------|--------|--------|--------|--------|--------|--------|--------|--------|--------|--------|--------|--------|--------|
| 0.0000 | 0.0000 | 0.0000 | 0.0000 | 0.0000 | 0.0000 | 0.0000 | 0.0000 | 0.0000 | 0.0000 | 0.0000 | 0.0000 | 0.0000 | 0.0000 | 0.0000 | 0.0000 | 0.0000 | 0.0000 | 0.0000 | 0.0000 |
Mean = 0.0000


| aeropl | bicycl |   bird |   boat | bottle |    bus |    car |    cat |  chair |    cow | dining |    dog |  horse | motorb | person | potted |  sheep |   sofa |  train | tvmoni |
|--------|--------|--------|--------|--------|--------|--------|--------|--------|--------|--------|--------|--------|--------|--------|--------|--------|--------|--------|--------|
| 0.0000 | 0.0000 | 0.0000 | 0.0000 | 0.0000 | 0.0000 | 0.0000 | 0.0000 | 0.0000 | 0.0000 | 0.0000 | 0.0000 | 0.0000 | 0.0000 | 0.0000 | 0.0000 | 0.0000 | 0.0000 | 0.0000 | 0.0000 |
Mean = 0.0000


highest val accuacy: 0.0469 at epoch: 4 

=================================================================================================================================================================================
  7%|▋         | 15/230 [6:02:35<84:58:41, 1422.89s/it]
epoch: 18 lr:  0.0001 loss: nan


| aeropl | bicycl |   bird |   boat | bottle |    bus |    car |    cat |  chair |    cow | dining |    dog |  horse | motorb | person | potted |  sheep |   sofa |  train | tvmoni |
|--------|--------|--------|--------|--------|--------|--------|--------|--------|--------|--------|--------|--------|--------|--------|--------|--------|--------|--------|--------|
| 0.0000 | 0.0000 | 0.0000 | 0.0000 | 0.0000 | 0.0000 | 0.0000 | 0.0000 | 0.0000 | 0.0000 | 0.0000 | 0.0000 | 0.0000 | 0.0000 | 0.0000 | 0.0000 | 0.0000 | 0.0000 | 0.0000 | 0.0000 |
Mean = 0.0000


| aeropl | bicycl |   bird |   boat | bottle |    bus |    car |    cat |  chair |    cow | dining |    dog |  horse | motorb | person | potted |  sheep |   sofa |  train | tvmoni |
|--------|--------|--------|--------|--------|--------|--------|--------|--------|--------|--------|--------|--------|--------|--------|--------|--------|--------|--------|--------|
| 0.0000 | 0.0000 | 0.0000 | 0.0000 | 0.0000 | 0.0000 | 0.0000 | 0.0000 | 0.0000 | 0.0000 | 0.0000 | 0.0000 | 0.0000 | 0.0000 | 0.0000 | 0.0000 | 0.0000 | 0.0000 | 0.0000 | 0.0000 |
Mean = 0.0000


highest val accuacy: 0.0469 at epoch: 4 

=================================================================================================================================================================================
  7%|▋         | 16/230 [6:26:17<84:34:10, 1422.66s/it]
epoch: 19 lr:  0.0001 loss: nan


| aeropl | bicycl |   bird |   boat | bottle |    bus |    car |    cat |  chair |    cow | dining |    dog |  horse | motorb | person | potted |  sheep |   sofa |  train | tvmoni |
|--------|--------|--------|--------|--------|--------|--------|--------|--------|--------|--------|--------|--------|--------|--------|--------|--------|--------|--------|--------|
| 0.0000 | 0.0000 | 0.0000 | 0.0000 | 0.0000 | 0.0000 | 0.0000 | 0.0000 | 0.0000 | 0.0000 | 0.0000 | 0.0000 | 0.0000 | 0.0000 | 0.0000 | 0.0000 | 0.0000 | 0.0000 | 0.0000 | 0.0000 |
Mean = 0.0000


| aeropl | bicycl |   bird |   boat | bottle |    bus |    car |    cat |  chair |    cow | dining |    dog |  horse | motorb | person | potted |  sheep |   sofa |  train | tvmoni |
|--------|--------|--------|--------|--------|--------|--------|--------|--------|--------|--------|--------|--------|--------|--------|--------|--------|--------|--------|--------|
| 0.0000 | 0.0000 | 0.0000 | 0.0000 | 0.0000 | 0.0000 | 0.0000 | 0.0000 | 0.0000 | 0.0000 | 0.0000 | 0.0000 | 0.0000 | 0.0000 | 0.0000 | 0.0000 | 0.0000 | 0.0000 | 0.0000 | 0.0000 |
Mean = 0.0000


highest val accuacy: 0.0469 at epoch: 4 

=================================================================================================================================================================================
  7%|▋         | 17/230 [6:49:52<84:02:25, 1420.40s/it]
epoch: 20 lr:  0.0001 loss: nan


| aeropl | bicycl |   bird |   boat | bottle |    bus |    car |    cat |  chair |    cow | dining |    dog |  horse | motorb | person | potted |  sheep |   sofa |  train | tvmoni |
|--------|--------|--------|--------|--------|--------|--------|--------|--------|--------|--------|--------|--------|--------|--------|--------|--------|--------|--------|--------|
| 0.0000 | 0.0000 | 0.0000 | 0.0000 | 0.0000 | 0.0000 | 0.0000 | 0.0000 | 0.0000 | 0.0000 | 0.0000 | 0.0000 | 0.0000 | 0.0000 | 0.0000 | 0.0000 | 0.0000 | 0.0000 | 0.0000 | 0.0000 |
Mean = 0.0000


| aeropl | bicycl |   bird |   boat | bottle |    bus |    car |    cat |  chair |    cow | dining |    dog |  horse | motorb | person | potted |  sheep |   sofa |  train | tvmoni |
|--------|--------|--------|--------|--------|--------|--------|--------|--------|--------|--------|--------|--------|--------|--------|--------|--------|--------|--------|--------|
| 0.0000 | 0.0000 | 0.0000 | 0.0000 | 0.0000 | 0.0000 | 0.0000 | 0.0000 | 0.0000 | 0.0000 | 0.0000 | 0.0000 | 0.0000 | 0.0000 | 0.0000 | 0.0000 | 0.0000 | 0.0000 | 0.0000 | 0.0000 |
Mean = 0.0000


highest val accuacy: 0.0469 at epoch: 4 

=================================================================================================================================================================================
  8%|▊         | 18/230 [7:13:33<83:39:22, 1420.58s/it]
epoch: 21 lr:  0.0001 loss: nan


| aeropl | bicycl |   bird |   boat | bottle |    bus |    car |    cat |  chair |    cow | dining |    dog |  horse | motorb | person | potted |  sheep |   sofa |  train | tvmoni |
|--------|--------|--------|--------|--------|--------|--------|--------|--------|--------|--------|--------|--------|--------|--------|--------|--------|--------|--------|--------|
| 0.0000 | 0.0000 | 0.0000 | 0.0000 | 0.0000 | 0.0000 | 0.0000 | 0.0000 | 0.0000 | 0.0000 | 0.0000 | 0.0000 | 0.0000 | 0.0000 | 0.0000 | 0.0000 | 0.0000 | 0.0000 | 0.0000 | 0.0000 |
Mean = 0.0000


| aeropl | bicycl |   bird |   boat | bottle |    bus |    car |    cat |  chair |    cow | dining |    dog |  horse | motorb | person | potted |  sheep |   sofa |  train | tvmoni |
|--------|--------|--------|--------|--------|--------|--------|--------|--------|--------|--------|--------|--------|--------|--------|--------|--------|--------|--------|--------|
| 0.0000 | 0.0000 | 0.0000 | 0.0000 | 0.0000 | 0.0000 | 0.0000 | 0.0000 | 0.0000 | 0.0000 | 0.0000 | 0.0000 | 0.0000 | 0.0000 | 0.0000 | 0.0000 | 0.0000 | 0.0000 | 0.0000 | 0.0000 |
Mean = 0.0000


highest val accuacy: 0.0469 at epoch: 4 

=================================================================================================================================================================================
  8%|▊         | 19/230 [7:37:29<83:32:03, 1425.23s/it]